[2020-03-06 08:33:53]	[INFO][event_log.php]		Update data id =109 eid = 0 date = 2020-03-06 uid = 5d77b126ddf738.97883465 desc = nandini amount = 200
[2020-03-06 08:33:53]	[INFO][event_log.php]		Update data id =109 eid = 0 date = 2020-03-06 uid = 5d77b126ddf738.97883465 desc = nandini amount = 200
[2020-03-06 08:33:53]	[INFO][event_log.php]		Update data id =109 eid = 0 date = 2020-03-06 uid = 5d77b126ddf738.97883465 desc = nandini amount = 200
[2020-03-06 08:33:53]	[INFO][event_log.php]		Update data id =109 eid = 0 date = 2020-03-06 uid = 5d77b126ddf738.97883465 desc = nandini amount = 200
[2020-03-06 08:33:53]	[INFO][event_log.php]		Update data id =109 eid = 0 date = 2020-03-06 uid = 5d77b126ddf738.97883465 desc = nandini amount = 200
[2020-03-06 08:33:53]	[INFO][event_log.php]		Update data id =109 eid = 0 date = 2020-03-06 uid = 5d77b126ddf738.97883465 desc = nandini amount = 200
[2020-03-06 08:33:54]	[INFO][event_log.php]		Update data id =109 eid = 0 date = 2020-03-06 uid = 5d77b126ddf738.97883465 desc = nandini amount = 200
[2020-03-06 08:33:54]	[INFO][event_log.php]		Update data id =109 eid = 0 date = 2020-03-06 uid = 5d77b126ddf738.97883465 desc = nandini amount = 200
[2020-03-06 08:38:48]	[INFO][event_log.php]		Update data id =55 eid = 0 date = 2020-03-06 uid = 5d77b126ddf738.97883465 desc = test amount = 200
[2020-03-06 09:03:24]	[INFO][event_log.php]		Update data id =55 eid = 0 date = 2020-03-06 uid = 5d77b126ddf738.97883465 desc = test amount = 200
[2020-03-06 09:11:25]	[INFO][event_log.php]		Update data id =55 eid = 0 date = 2020-03-06 uid = 5d77b126ddf738.97883465 desc = heloo amount = 200
[2020-03-06 09:23:29]	[INFO][event_log.php]		Upload User ID  :  5c45bf89576da7.17736633
[2020-03-06 09:30:00]	[INFO][event_log.php]		Update data id =55 eid = 0 date = 2020-03-06 uid = 5d77b126ddf738.97883465 desc = heloo amount = 200
[2020-03-06 09:31:45]	[INFO][event_log.php]		Update data id =55 eid = 0 date = 2020-03-06 uid = 5d77b126ddf738.97883465 desc = test amount = 200
[2020-03-06 09:32:24]	[INFO][event_log.php]		Update data id =55 eid = 0 date = 2020-03-06 uid = 5d77b126ddf738.97883465 desc = test amount = 200
[2020-03-06 09:39:00]	[INFO][event_log.php]		Update data id =55 eid = 0 date = 2020-03-06 uid = 5d77b126ddf738.97883465 desc = test amount = 200
[2020-03-06 09:40:46]	[INFO][event_log.php]		Update data id =55 eid = 0 date = 2020-03-06 uid = 5d77b126ddf738.97883465 desc = test amount = 200
[2020-03-06 09:41:25]	[INFO][event_log.php]		Update data id =55 eid = 0 date = 2020-03-06 uid = 5d77b126ddf738.97883465 desc = test amount = 200
[2020-03-06 09:41:34]	[INFO][event_log.php]		Update data id =1 eid = 738 date = 2020-03-04 uid = 5d77b126ddf738.97883465 desc = hgfhg amount = 123
[2020-03-06 09:41:34]	[INFO][event_log.php]		Update data id =55 eid = 0 date = 2020-03-06 uid = 5d77b126ddf738.97883465 desc = test amount = 200
[2020-03-06 09:41:34]	[INFO][event_log.php]		Update data id =57 eid = 737 date = 2020-03-04 uid = 5d77b126ddf738.97883465 desc = test amount = 123
[2020-03-06 09:41:34]	[INFO][event_log.php]		Update data id =110 eid = 738 date = 2020-03-04 uid = 5d77b126ddf738.97883465 desc = hgfhg amount = 123
[2020-03-06 09:41:34]	[INFO][event_log.php]		Update data id =56 eid = 738 date = 2020-03-04 uid = 5d77b126ddf738.97883465 desc = hgfhg amount = 123
[2020-03-06 09:41:34]	[INFO][event_log.php]		Update data id =111 eid = 737 date = 2020-03-04 uid = 5d77b126ddf738.97883465 desc = test amount = 123
[2020-03-06 09:41:34]	[INFO][event_log.php]		Update data id =2 eid = 737 date = 2020-03-04 uid = 5d77b126ddf738.97883465 desc = test amount = 123
[2020-03-06 09:49:21]	[INFO][event_log.php]		Update data id =55 eid = 0 date = 2020-03-06 uid = 5d77b126ddf738.97883465 desc = test amount = 123
[2020-03-06 09:50:05]	[INFO][event_log.php]		Update data id =55 eid = 0 date = 2020-03-06 uid = 5d77b126ddf738.97883465 desc = test amount = 123
[2020-03-06 09:50:14]	[INFO][event_log.php]		Update data id =55 eid = 0 date = 2020-03-06 uid = 5d77b126ddf738.97883465 desc = test amount = 123
[2020-03-06 09:50:18]	[INFO][event_log.php]		Upload User ID  :  5d77b126ddf738.97883465
[2020-03-06 09:50:19]	[INFO][event_log.php]		( At postExpenses )Update data id =5d77b126ddf738.97883465 eid = 0 date = 2020-03-06 file = aaa desc = test amount = 123.0
[2020-03-06 09:50:19]	[INFO][event_log.php]		( At postExpenses )Update data id =746
[2020-03-06 09:58:32]	[INFO][event_log.php]		Update data id =55 eid = 0 date = 2020-03-06 uid = 5d77b126ddf738.97883465 desc = test amount = 200
[2020-03-06 10:18:58]	[INFO][event_log.php]		Upload User ID  :  5c45bf89576da7.17736633
[2020-03-06 10:19:01]	[INFO][event_log.php]		( At postExpenses )Update data id =5c45bf89576da7.17736633 eid = 0 date = 2020-03-06 file = "..\/..\/uploads\/content\/dailyroll\/uploads\/5c45bf89576da7.17736633\/2020\/03\/06\/5c45bf89576da7.17736633-06-03-2020-20:48:51-PM.jpg" desc = snacks amount = 250.0
[2020-03-06 10:19:01]	[INFO][event_log.php]		Before calling PostEventDataToServer "..\/..\/uploads\/content\/dailyroll\/uploads\/5c45bf89576da7.17736633\/2020\/03\/06\/5c45bf89576da7.17736633-06-03-2020-20:48:51-PM.jpg"
[2020-03-06 10:19:02]	[INFO][event_log.php]		After calling PostEventDataToServer 
[2020-03-06 10:19:02]	[INFO][event_log.php]		Exception in PostEventDataToServer 
[2020-03-06 10:19:03]	[INFO][event_log.php]		( At postExpenses )Update data id =747
[2020-03-06 10:19:12]	[INFO][event_log.php]		Update data id =1 eid = 744 date = 2020-03-06 uid = 5c45bf89576da7.17736633 desc = snacks amount = 200
[2020-03-06 10:19:12]	[INFO][event_log.php]		Update data id =2 eid = 743 date = 2020-03-06 uid = 5c45bf89576da7.17736633 desc = testing nandini amount = 800
[2020-03-06 10:19:12]	[INFO][event_log.php]		Update data id =18 eid = 747 date = 2020-03-06 uid = 5c45bf89576da7.17736633 desc = snacks amount = 250
[2020-03-06 12:26:48]	[INFO][event_log.php]		Update data id =1 eid = 746 date = 2020-03-06 uid = 5d77b126ddf738.97883465 desc = test amount = 123
[2020-03-06 12:27:11]	[INFO][event_log.php]		Update data id =1 eid = 746 date = 2020-03-06 uid = 5d77b126ddf738.97883465 desc = test amount = 123
