[2019-11-28 02:06:29]	[INFO][m_expenses.php]	
[2019-11-28 06:52:56]	[INFO][m_charts.php]	5d77b126ddf738.97883465
[2019-11-28 06:52:56]	[INFO][m_charts.php]	areef222sayad@gmail.com
[2019-11-28 06:52:56]	[INFO][m_charts.php]	VwmyeIzs
[2019-11-28 06:53:13]	[INFO][m_accounts.php]	areef222sayad@gmail.com
[2019-11-28 06:53:13]	[INFO][m_accounts.php]	VwmyeIzs
[2019-11-28 06:53:13]	[INFO][m_accounts.php]	SELECT * FROM  groups  WHERE  `added_user_id`='62' group by account_id
[2019-11-28 06:53:18]	[INFO][m_charts.php]	5d77b126ddf738.97883465
[2019-11-28 06:53:18]	[INFO][m_charts.php]	areef222sayad@gmail.com
[2019-11-28 06:53:18]	[INFO][m_charts.php]	VwmyeIzs
[2019-11-28 07:51:54]	[INFO][m_expenses.php]	
[2019-11-28 07:51:54]	[INFO][m_expenses.php]	manoharpv@gmail.com
[2019-11-28 07:51:54]	[INFO][m_expenses.php]	Mano1379!
[2019-11-28 07:51:54]	[INFO][m_expenses.php]	user loggined
[2019-11-28 07:51:54]	[INFO][m_expenses.php]	validuser
[2019-11-28 07:51:54]	[INFO][m_expenses.php]	5c3b3a75532f62.49043861
[2019-11-28 07:51:54]	[INFO][m_expenses.php]	SELECT * FROM `expenses` WHERE `capture_id`='5c3b3a75532f62.49043861'
[2019-11-28 07:51:54]	[INFO][m_expenses.php]	SELECT * FROM `income` WHERE `capture_id`='5c3b3a75532f62.49043861'
[2019-11-28 07:51:54]	[INFO][m_expenses.php]	{"income_id":"202","capture_id":"5c3b3a75532f62.49043861","account_id":"19","income_amount":"25","subcat_id":"820","cat_id":"196","description":"test nandini","tr_date":"2019-09-12","updateddate":"2019-10-16 12:50:36","updatedby":"13","freeze":"unfreezee","pendingflag":"pending"}
[2019-11-28 07:51:54]	[INFO][m_expenses.php]	{"income_id":"216","capture_id":"5c3b3a75532f62.49043861","account_id":"19","income_amount":"123","subcat_id":"785","cat_id":"195","description":"testincomestatus","tr_date":"2019-10-17","updateddate":"2019-10-17 08:12:50","updatedby":"0","freeze":"unfreezee","pendingflag":"pending"}
[2019-11-28 07:51:54]	[INFO][m_expenses.php]	{"income_id":"198","capture_id":"5c3b3a75532f62.49043861","account_id":"19","income_amount":"999","subcat_id":"785","cat_id":"195","description":"testingby mano","tr_date":"2019-09-11","updateddate":"2019-10-17 08:01:57","updatedby":"13","freeze":"unfreezee","pendingflag":"non-pending"}
[2019-11-28 07:51:54]	[INFO][m_expenses.php]	{"income_id":"224","capture_id":"5c3b3a75532f62.49043861","account_id":"19","income_amount":"2525","subcat_id":"785","cat_id":"195","description":"Sal","tr_date":"2019-11-04","updateddate":"2019-11-04 10:43:25","updatedby":"0","freeze":"unfreezee","pendingflag":"non-pending"}
[2019-11-28 07:51:54]	[INFO][m_expenses.php]	{"income_id":"204","capture_id":"5c3b3a75532f62.49043861","account_id":"19","income_amount":"12001","subcat_id":"785","cat_id":"196","description":"sal1","tr_date":"2019-09-19","updateddate":"2019-10-17 07:58:32","updatedby":"13","freeze":"unfreezee","pendingflag":"pending"}
[2019-11-28 07:51:54]	[INFO][m_expenses.php]	{"income_id":"225","capture_id":"5c3b3a75532f62.49043861","account_id":"19","income_amount":"20045","subcat_id":"785","cat_id":"195","description":"november month","tr_date":"2019-11-04","updateddate":"2019-11-04 00:00:00","updatedby":"13","freeze":"unfreezee","pendingflag":"non-pending"}
[2019-11-28 07:51:54]	[INFO][m_expenses.php]	{"income_id":"210","capture_id":"5c3b3a75532f62.49043861","account_id":"32","income_amount":"21","subcat_id":"57","cat_id":"31","description":"testing ingcontract","tr_date":"2019-09-21","updateddate":"2019-09-21 09:37:10","updatedby":"0","freeze":"unfreezee","pendingflag":"non-pending"}
[2019-11-28 07:51:54]	[INFO][m_expenses.php]	{"income_id":"201","capture_id":"5c3b3a75532f62.49043861","account_id":"32","income_amount":"100","subcat_id":"787","cat_id":"195","description":"payment","tr_date":"2019-09-11","updateddate":"2019-09-21 00:00:00","updatedby":"13","freeze":"unfreezee","pendingflag":"non-pending"}
[2019-11-28 07:51:54]	[INFO][m_expenses.php]	{"income_id":"209","capture_id":"5c3b3a75532f62.49043861","account_id":"32","income_amount":"123","subcat_id":"56","cat_id":"31","description":"121","tr_date":"2019-09-21","updateddate":"2019-09-21 06:44:34","updatedby":"0","freeze":"unfreezee","pendingflag":"non-pending"}
[2019-11-28 07:51:54]	[INFO][m_expenses.php]	{"income_id":"208","capture_id":"5c3b3a75532f62.49043861","account_id":"32","income_amount":"1500","subcat_id":"56","cat_id":"31","description":"testrd","tr_date":"2019-09-21","updateddate":"2019-09-21 06:41:33","updatedby":"0","freeze":"unfreezee","pendingflag":"non-pending"}
[2019-11-28 07:51:54]	[INFO][m_expenses.php]	{"income_id":"121","capture_id":"5c3b3a75532f62.49043861","account_id":"33","income_amount":"2600","subcat_id":"62","cat_id":"32","description":"July Rent","tr_date":"2019-07-05","updateddate":"2019-11-10 09:37:10","updatedby":"0","freeze":"freeze","pendingflag":"non-pending"}
[2019-11-28 07:51:54]	[INFO][m_expenses.php]	{"income_id":"146","capture_id":"5c3b3a75532f62.49043861","account_id":"33","income_amount":"2600","subcat_id":"62","cat_id":"32","description":"One Portion Paid","tr_date":"2019-08-22","updateddate":"2019-11-22 12:13:35","updatedby":"0","freeze":"unfreezee","pendingflag":"non-pending"}
[2019-11-28 07:51:54]	[INFO][m_expenses.php]	{"income_id":"244","capture_id":"5c3b3a75532f62.49043861","account_id":"33","income_amount":"2600","subcat_id":"62","cat_id":"32","description":"One Portion Pending","tr_date":"2019-08-22","updateddate":"2019-11-22 12:12:54","updatedby":"0","freeze":"unfreezee","pendingflag":"pending"}
[2019-11-28 07:51:54]	[INFO][m_expenses.php]	{"income_id":"112","capture_id":"5c3b3a75532f62.49043861","account_id":"33","income_amount":"3000","subcat_id":"61","cat_id":"32","description":" ","tr_date":"2019-01-02","updateddate":"2019-11-10 09:37:10","updatedby":"0","freeze":"freeze","pendingflag":"non-pending"}
[2019-11-28 07:51:54]	[INFO][m_expenses.php]	{"income_id":"113","capture_id":"5c3b3a75532f62.49043861","account_id":"33","income_amount":"3000","subcat_id":"61","cat_id":"32","description":" ","tr_date":"2019-02-02","updateddate":"2019-11-10 09:37:10","updatedby":"0","freeze":"freeze","pendingflag":"non-pending"}
[2019-11-28 07:51:54]	[INFO][m_expenses.php]	{"income_id":"85","capture_id":"5c3b3a75532f62.49043861","account_id":"33","income_amount":"3000","subcat_id":"61","cat_id":"32","description":" ","tr_date":"2019-03-02","updateddate":"2019-11-10 09:37:10","updatedby":"0","freeze":"freeze","pendingflag":"non-pending"}
[2019-11-28 07:51:54]	[INFO][m_expenses.php]	{"income_id":"97","capture_id":"5c3b3a75532f62.49043861","account_id":"33","income_amount":"3000","subcat_id":"61","cat_id":"32","description":" ","tr_date":"2019-05-02","updateddate":"2019-11-10 09:37:10","updatedby":"0","freeze":"freeze","pendingflag":"non-pending"}
[2019-11-28 07:51:54]	[INFO][m_expenses.php]	{"income_id":"102","capture_id":"5c3b3a75532f62.49043861","account_id":"33","income_amount":"3000","subcat_id":"61","cat_id":"32","description":" ","tr_date":"2019-06-03","updateddate":"2019-11-10 09:37:10","updatedby":"0","freeze":"freeze","pendingflag":"non-pending"}
[2019-11-28 07:51:54]	[INFO][m_expenses.php]	{"income_id":"120","capture_id":"5c3b3a75532f62.49043861","account_id":"33","income_amount":"3000","subcat_id":"61","cat_id":"32","description":"July Rent","tr_date":"2019-07-05","updateddate":"2019-11-10 09:37:10","updatedby":"0","freeze":"freeze","pendingflag":"non-pending"}
[2019-11-28 07:51:54]	[INFO][m_expenses.php]	{"income_id":"145","capture_id":"5c3b3a75532f62.49043861","account_id":"33","income_amount":"3000","subcat_id":"61","cat_id":"32","description":"Truck Load ","tr_date":"2019-08-22","updateddate":"2019-08-26 10:51:21","updatedby":"0","freeze":"unfreezee","pendingflag":"non-pending"}
[2019-11-28 07:51:54]	[INFO][m_expenses.php]	{"income_id":"110","capture_id":"5c3b3a75532f62.49043861","account_id":"33","income_amount":"5000","subcat_id":"58","cat_id":"32","description":" ","tr_date":"2019-01-02","updateddate":"2019-11-10 09:37:10","updatedby":"0","freeze":"freeze","pendingflag":"non-pending"}
[2019-11-28 07:51:54]	[INFO][m_expenses.php]	{"income_id":"111","capture_id":"5c3b3a75532f62.49043861","account_id":"33","income_amount":"5000","subcat_id":"58","cat_id":"32","description":" ","tr_date":"2019-02-02","updateddate":"2019-11-10 09:37:10","updatedby":"0","freeze":"freeze","pendingflag":"non-pending"}
[2019-11-28 07:51:54]	[INFO][m_expenses.php]	{"income_id":"88","capture_id":"5c3b3a75532f62.49043861","account_id":"33","income_amount":"5000","subcat_id":"58","cat_id":"32","description":"","tr_date":"2019-04-02","updateddate":"2019-11-10 09:37:10","updatedby":"0","freeze":"freeze","pendingflag":"non-pending"}
[2019-11-28 07:51:54]	[INFO][m_expenses.php]	{"income_id":"94","capture_id":"5c3b3a75532f62.49043861","account_id":"33","income_amount":"5000","subcat_id":"58","cat_id":"32","description":" ","tr_date":"2019-05-02","updateddate":"2019-11-10 09:37:10","updatedby":"0","freeze":"freeze","pendingflag":"non-pending"}
[2019-11-28 07:51:54]	[INFO][m_expenses.php]	{"income_id":"100","capture_id":"5c3b3a75532f62.49043861","account_id":"33","income_amount":"5000","subcat_id":"58","cat_id":"32","description":" ","tr_date":"2019-06-02","updateddate":"2019-11-10 09:37:10","updatedby":"0","freeze":"freeze","pendingflag":"non-pending"}
[2019-11-28 07:51:54]	[INFO][m_expenses.php]	{"income_id":"82","capture_id":"5c3b3a75532f62.49043861","account_id":"33","income_amount":"5000","subcat_id":"58","cat_id":"32","description":" Default","tr_date":"2019-03-01","updateddate":"2019-11-10 09:37:10","updatedby":"0","freeze":"freeze","pendingflag":"non-pending"}
[2019-11-28 07:51:54]	[INFO][m_expenses.php]	{"income_id":"142","capture_id":"5c3b3a75532f62.49043861","account_id":"33","income_amount":"5000","subcat_id":"58","cat_id":"32","description":"Regular","tr_date":"2019-08-22","updateddate":"2019-08-26 10:51:21","updatedby":"0","freeze":"unfreezee","pendingflag":"non-pending"}
[2019-11-28 07:51:54]	[INFO][m_expenses.php]	{"income_id":"114","capture_id":"5c3b3a75532f62.49043861","account_id":"33","income_amount":"5000","subcat_id":"62","cat_id":"32","description":" ","tr_date":"2019-01-02","updateddate":"2019-11-10 09:37:10","updatedby":"0","freeze":"freeze","pendingflag":"non-pending"}
[2019-11-28 07:51:54]	[INFO][m_expenses.php]	{"income_id":"115","capture_id":"5c3b3a75532f62.49043861","account_id":"33","income_amount":"5000","subcat_id":"62","cat_id":"32","description":" ","tr_date":"2019-02-02","updateddate":"2019-11-10 09:37:10","updatedby":"0","freeze":"freeze","pendingflag":"non-pending"}
[2019-11-28 07:51:54]	[INFO][m_expenses.php]	{"income_id":"86","capture_id":"5c3b3a75532f62.49043861","account_id":"33","income_amount":"5000","subcat_id":"62","cat_id":"32","description":" Only two Portions","tr_date":"2019-03-02","updateddate":"2019-11-10 09:37:10","updatedby":"0","freeze":"freeze","pendingflag":"non-pending"}
[2019-11-28 07:51:54]	[INFO][m_expenses.php]	{"income_id":"98","capture_id":"5c3b3a75532f62.49043861","account_id":"33","income_amount":"5200","subcat_id":"62","cat_id":"32","description":" ","tr_date":"2019-05-02","updateddate":"2019-11-10 09:37:10","updatedby":"0","freeze":"freeze","pendingflag":"non-pending"}
[2019-11-28 07:51:54]	[INFO][m_expenses.php]	{"income_id":"92","capture_id":"5c3b3a75532f62.49043861","account_id":"33","income_amount":"5200","subcat_id":"62","cat_id":"32","description":" Rent increased 100 each flat, 2600","tr_date":"2019-04-02","updateddate":"2019-11-10 09:37:10","updatedby":"0","freeze":"freeze","pendingflag":"non-pending"}
[2019-11-28 07:51:54]	[INFO][m_expenses.php]	{"income_id":"247","capture_id":"5c3b3a75532f62.49043861","account_id":"33","income_amount":"5200","subcat_id":"62","cat_id":"32","description":"2 Tenants 2 portions","tr_date":"2019-11-07","updateddate":"2019-11-22 12:19:40","updatedby":"0","freeze":"unfreezee","pendingflag":"pending"}
[2019-11-28 07:51:54]	[INFO][m_expenses.php]	{"income_id":"107","capture_id":"5c3b3a75532f62.49043861","account_id":"33","income_amount":"7000","subcat_id":"60","cat_id":"32","description":" ","tr_date":"2019-01-02","updateddate":"2019-11-10 09:37:10","updatedby":"0","freeze":"freeze","pendingflag":"non-pending"}
[2019-11-28 07:51:54]	[INFO][m_expenses.php]	{"income_id":"108","capture_id":"5c3b3a75532f62.49043861","account_id":"33","income_amount":"7000","subcat_id":"60","cat_id":"32","description":" ","tr_date":"2019-02-02","updateddate":"2019-11-10 09:37:10","updatedby":"0","freeze":"freeze","pendingflag":"non-pending"}
[2019-11-28 07:51:54]	[INFO][m_expenses.php]	{"income_id":"96","capture_id":"5c3b3a75532f62.49043861","account_id":"33","income_amount":"7000","subcat_id":"60","cat_id":"32","description":" ","tr_date":"2019-05-02","updateddate":"2019-11-10 09:37:10","updatedby":"0","freeze":"freeze","pendingflag":"non-pending"}
[2019-11-28 07:51:54]	[INFO][m_expenses.php]	{"income_id":"90","capture_id":"5c3b3a75532f62.49043861","account_id":"33","income_amount":"7000","subcat_id":"60","cat_id":"32","description":" Uncle","tr_date":"2019-04-02","updateddate":"2019-11-10 09:37:10","updatedby":"0","freeze":"freeze","pendingflag":"non-pending"}
[2019-11-28 07:51:54]	[INFO][m_expenses.php]	{"income_id":"144","capture_id":"5c3b3a75532f62.49043861","account_id":"33","income_amount":"7000","subcat_id":"60","cat_id":"32","description":"deduct expenese 3500","tr_date":"2019-08-22","updateddate":"2019-08-26 10:51:21","updatedby":"0","freeze":"unfreezee","pendingflag":"non-pending"}
[2019-11-28 07:51:54]	[INFO][m_expenses.php]	{"income_id":"119","capture_id":"5c3b3a75532f62.49043861","account_id":"33","income_amount":"7000","subcat_id":"60","cat_id":"32","description":"July Rent","tr_date":"2019-07-05","updateddate":"2019-11-10 09:37:10","updatedby":"0","freeze":"freeze","pendingflag":"non-pending"}
[2019-11-28 07:51:54]	[INFO][m_expenses.php]	{"income_id":"84","capture_id":"5c3b3a75532f62.49043861","account_id":"33","income_amount":"7000","subcat_id":"60","cat_id":"32","description":"Uncle","tr_date":"2019-03-02","updateddate":"2019-11-10 09:37:10","updatedby":"0","freeze":"freeze","pendingflag":"non-pending"}
[2019-11-28 07:51:54]	[INFO][m_expenses.php]	{"income_id":"218","capture_id":"5c3b3a75532f62.49043861","account_id":"33","income_amount":"7500","subcat_id":"827","cat_id":"32","description":"moved in 10\/10\/2019","tr_date":"2019-10-15","updateddate":"2019-11-05 11:42:03","updatedby":"0","freeze":"unfreezee","pendingflag":"non-pending"}
[2019-11-28 07:51:54]	[INFO][m_expenses.php]	{"income_id":"246","capture_id":"5c3b3a75532f62.49043861","account_id":"33","income_amount":"7800","subcat_id":"62","cat_id":"32","description":"3 tenants 3 portions","tr_date":"2019-10-07","updateddate":"2019-11-22 12:18:41","updatedby":"0","freeze":"unfreezee","pendingflag":"pending"}
[2019-11-28 07:51:54]	[INFO][m_expenses.php]	{"income_id":"245","capture_id":"5c3b3a75532f62.49043861","account_id":"33","income_amount":"7800","subcat_id":"62","cat_id":"32","description":"3 tenents in 3 portions ","tr_date":"2019-09-06","updateddate":"2019-11-22 12:15:32","updatedby":"0","freeze":"unfreezee","pendingflag":"pending"}
[2019-11-28 07:51:54]	[INFO][m_expenses.php]	{"income_id":"105","capture_id":"5c3b3a75532f62.49043861","account_id":"33","income_amount":"10000","subcat_id":"63","cat_id":"32","description":" ","tr_date":"2019-01-02","updateddate":"2019-11-10 09:37:10","updatedby":"0","freeze":"freeze","pendingflag":"non-pending"}
[2019-11-28 07:51:54]	[INFO][m_expenses.php]	{"income_id":"106","capture_id":"5c3b3a75532f62.49043861","account_id":"33","income_amount":"10000","subcat_id":"63","cat_id":"32","description":" ","tr_date":"2019-02-02","updateddate":"2019-11-10 09:37:10","updatedby":"0","freeze":"freeze","pendingflag":"non-pending"}
[2019-11-28 07:51:54]	[INFO][m_expenses.php]	{"income_id":"93","capture_id":"5c3b3a75532f62.49043861","account_id":"33","income_amount":"10000","subcat_id":"63","cat_id":"32","description":" ","tr_date":"2019-04-02","updateddate":"2019-11-10 09:37:10","updatedby":"0","freeze":"freeze","pendingflag":"non-pending"}
[2019-11-28 07:51:54]	[INFO][m_expenses.php]	{"income_id":"99","capture_id":"5c3b3a75532f62.49043861","account_id":"33","income_amount":"10000","subcat_id":"63","cat_id":"32","description":" ","tr_date":"2019-05-02","updateddate":"2019-11-10 09:37:10","updatedby":"0","freeze":"freeze","pendingflag":"non-pending"}
[2019-11-28 07:51:54]	[INFO][m_expenses.php]	{"income_id":"104","capture_id":"5c3b3a75532f62.49043861","account_id":"33","income_amount":"10000","subcat_id":"63","cat_id":"32","description":" ","tr_date":"2019-06-03","updateddate":"2019-11-10 09:37:10","updatedby":"0","freeze":"freeze","pendingflag":"non-pending"}
[2019-11-28 07:51:54]	[INFO][m_expenses.php]	{"income_id":"87","capture_id":"5c3b3a75532f62.49043861","account_id":"33","income_amount":"10000","subcat_id":"63","cat_id":"32","description":" Kumar","tr_date":"2019-03-02","updateddate":"2019-11-10 09:37:10","updatedby":"0","freeze":"freeze","pendingflag":"non-pending"}
[2019-11-28 07:51:54]	[INFO][m_expenses.php]	{"income_id":"122","capture_id":"5c3b3a75532f62.49043861","account_id":"33","income_amount":"10000","subcat_id":"63","cat_id":"32","description":"July Rent","tr_date":"2019-07-05","updateddate":"2019-11-10 09:37:10","updatedby":"0","freeze":"freeze","pendingflag":"non-pending"}
[2019-11-28 07:51:54]	[INFO][m_expenses.php]	{"income_id":"147","capture_id":"5c3b3a75532f62.49043861","account_id":"33","income_amount":"10000","subcat_id":"63","cat_id":"32","description":"Regular","tr_date":"2019-08-22","updateddate":"2019-08-26 10:51:21","updatedby":"0","freeze":"unfreezee","pendingflag":"non-pending"}
[2019-11-28 07:51:54]	[INFO][m_expenses.php]	{"income_id":"91","capture_id":"5c3b3a75532f62.49043861","account_id":"33","income_amount":"10001","subcat_id":"58","cat_id":"32","description":"Kumar","tr_date":"2019-09-10","updateddate":"2019-09-09 00:00:00","updatedby":"13","freeze":"unfreezee","pendingflag":"non-pending"}
[2019-11-28 07:51:54]	[INFO][m_expenses.php]	{"income_id":"109","capture_id":"5c3b3a75532f62.49043861","account_id":"33","income_amount":"11000","subcat_id":"59","cat_id":"32","description":" ","tr_date":"2019-01-02","updateddate":"2019-11-10 09:37:10","updatedby":"0","freeze":"freeze","pendingflag":"non-pending"}
[2019-11-28 07:51:54]	[INFO][m_expenses.php]	{"income_id":"95","capture_id":"5c3b3a75532f62.49043861","account_id":"33","income_amount":"12500","subcat_id":"59","cat_id":"32","description":" ","tr_date":"2019-05-02","updateddate":"2019-11-10 09:37:10","updatedby":"0","freeze":"freeze","pendingflag":"non-pending"}
[2019-11-28 07:51:54]	[INFO][m_expenses.php]	{"income_id":"101","capture_id":"5c3b3a75532f62.49043861","account_id":"33","income_amount":"12500","subcat_id":"59","cat_id":"32","description":" ","tr_date":"2019-06-03","updateddate":"2019-11-10 09:37:10","updatedby":"0","freeze":"freeze","pendingflag":"non-pending"}
[2019-11-28 07:51:54]	[INFO][m_expenses.php]	{"income_id":"89","capture_id":"5c3b3a75532f62.49043861","account_id":"33","income_amount":"12500","subcat_id":"59","cat_id":"32","description":" G1","tr_date":"2019-04-02","updateddate":"2019-11-10 09:37:10","updatedby":"0","freeze":"freeze","pendingflag":"non-pending"}
[2019-11-28 07:51:54]	[INFO][m_expenses.php]	{"income_id":"118","capture_id":"5c3b3a75532f62.49043861","account_id":"33","income_amount":"12500","subcat_id":"59","cat_id":"32","description":"July Rent","tr_date":"2019-07-05","updateddate":"2019-11-10 09:37:10","updatedby":"0","freeze":"freeze","pendingflag":"non-pending"}
[2019-11-28 07:51:54]	[INFO][m_expenses.php]	{"income_id":"143","capture_id":"5c3b3a75532f62.49043861","account_id":"33","income_amount":"12500","subcat_id":"59","cat_id":"32","description":"Regular Rent","tr_date":"2019-08-22","updateddate":"2019-08-26 10:51:21","updatedby":"0","freeze":"unfreezee","pendingflag":"non-pending"}
[2019-11-28 07:51:54]	[INFO][m_expenses.php]	{"income_id":"232","capture_id":"5c3b3a75532f62.49043861","account_id":"33","income_amount":"15000","subcat_id":"827","cat_id":"32","description":"Nove Rent","tr_date":"2019-11-05","updateddate":"2019-11-05 11:41:45","updatedby":"0","freeze":"unfreezee","pendingflag":"non-pending"}
[2019-11-28 07:51:54]	[INFO][m_expenses.php]	{"income_id":"234","capture_id":"5c3b3a75532f62.49043861","account_id":"33","income_amount":"15000","subcat_id":"829","cat_id":"32","description":"NOV Rent","tr_date":"2019-11-06","updateddate":"2019-11-06 11:40:18","updatedby":"0","freeze":"unfreezee","pendingflag":"non-pending"}
[2019-11-28 07:51:54]	[INFO][m_expenses.php]	{"income_id":"227","capture_id":"5c3b3a75532f62.49043861","account_id":"33","income_amount":"15000","subcat_id":"831","cat_id":"32","description":"Nov 2019 Rent","tr_date":"2019-11-03","updateddate":"2019-11-04 16:15:52","updatedby":"0","freeze":"unfreezee","pendingflag":"non-pending"}
[2019-11-28 07:51:54]	[INFO][m_expenses.php]	{"income_id":"83","capture_id":"5c3b3a75532f62.49043861","account_id":"33","income_amount":"37500","subcat_id":"59","cat_id":"32","description":" 5 months Advance","tr_date":"2019-03-02","updateddate":"2019-11-10 09:37:10","updatedby":"0","freeze":"freeze","pendingflag":"non-pending"}
[2019-11-28 07:51:54]	[INFO][m_expenses.php]	{"income_id":"219","capture_id":"5c3b3a75532f62.49043861","account_id":"33","income_amount":"37500","subcat_id":"828","cat_id":"32","description":"2 months advance, 15 day rent, moved 10\/15\/2019","tr_date":"2019-10-15","updateddate":"2019-10-22 08:36:09","updatedby":"0","freeze":"unfreezee","pendingflag":"non-pending"}
[2019-11-28 07:51:54]	[INFO][m_expenses.php]	{"income_id":"220","capture_id":"5c3b3a75532f62.49043861","account_id":"33","income_amount":"37500","subcat_id":"831","cat_id":"32","description":"2 months advance, 15 day rent, moved 10\/15\/2019","tr_date":"2019-10-15","updateddate":"2019-10-22 08:36:09","updatedby":"0","freeze":"unfreezee","pendingflag":"non-pending"}
[2019-11-28 07:51:54]	[INFO][m_expenses.php]	{"income_id":"221","capture_id":"5c3b3a75532f62.49043861","account_id":"33","income_amount":"45000","subcat_id":"830","cat_id":"32","description":"3 months advance  moved 11\/1\/2019","tr_date":"2019-10-15","updateddate":"2019-11-04 16:14:07","updatedby":"0","freeze":"unfreezee","pendingflag":"non-pending"}
[2019-11-28 07:51:54]	[INFO][m_expenses.php]	{"income_id":"212","capture_id":"5c3b3a75532f62.49043861","account_id":"34","income_amount":"5000","subcat_id":"785","cat_id":"195","description":"my vbonus","tr_date":"2019-09-22","updateddate":"2019-09-21 00:00:00","updatedby":"13","freeze":"unfreezee","pendingflag":"non-pending"}
[2019-11-28 07:51:54]	[INFO][m_expenses.php]	{"income_id":"236","capture_id":"5c3b3a75532f62.49043861","account_id":"123","income_amount":"1000","subcat_id":"844","cat_id":"380","description":"October 1000","tr_date":"2019-11-12","updateddate":"2019-11-12 07:43:56","updatedby":"0","freeze":"unfreezee","pendingflag":"non-pending"}
[2019-11-28 07:51:54]	[INFO][m_expenses.php]	{"income_id":"238","capture_id":"5c3b3a75532f62.49043861","account_id":"123","income_amount":"1000","subcat_id":"846","cat_id":"380","description":"October 1000 ","tr_date":"2019-11-12","updateddate":"2019-11-12 07:43:56","updatedby":"0","freeze":"unfreezee","pendingflag":"non-pending"}
[2019-11-28 07:51:54]	[INFO][m_expenses.php]	{"income_id":"241","capture_id":"5c3b3a75532f62.49043861","account_id":"123","income_amount":"1000","subcat_id":"849","cat_id":"380","description":"October 1000 ","tr_date":"2019-11-12","updateddate":"2019-11-12 07:43:56","updatedby":"0","freeze":"unfreezee","pendingflag":"non-pending"}
[2019-11-28 07:51:54]	[INFO][m_expenses.php]	{"income_id":"242","capture_id":"5c3b3a75532f62.49043861","account_id":"123","income_amount":"1500","subcat_id":"850","cat_id":"380","description":"November 1500","tr_date":"2019-11-12","updateddate":"2019-11-12 07:43:56","updatedby":"0","freeze":"unfreezee","pendingflag":"non-pending"}
[2019-11-28 07:51:54]	[INFO][m_expenses.php]	{"income_id":"235","capture_id":"5c3b3a75532f62.49043861","account_id":"123","income_amount":"2500","subcat_id":"843","cat_id":"380","description":"October 1000 + November 1500","tr_date":"2019-11-12","updateddate":"2019-11-12 07:39:49","updatedby":"0","freeze":"unfreezee","pendingflag":"pending"}
[2019-11-28 07:51:54]	[INFO][m_expenses.php]	{"income_id":"237","capture_id":"5c3b3a75532f62.49043861","account_id":"123","income_amount":"2500","subcat_id":"845","cat_id":"380","description":"October 1000 + November 1500","tr_date":"2019-11-12","updateddate":"2019-11-12 07:43:56","updatedby":"0","freeze":"unfreezee","pendingflag":"non-pending"}
[2019-11-28 07:51:54]	[INFO][m_expenses.php]	{"income_id":"239","capture_id":"5c3b3a75532f62.49043861","account_id":"123","income_amount":"2500","subcat_id":"847","cat_id":"380","description":"October 1000 + November 1500","tr_date":"2019-11-12","updateddate":"2019-11-12 07:43:56","updatedby":"0","freeze":"unfreezee","pendingflag":"non-pending"}
[2019-11-28 07:51:54]	[INFO][m_expenses.php]	{"income_id":"240","capture_id":"5c3b3a75532f62.49043861","account_id":"123","income_amount":"2500","subcat_id":"848","cat_id":"380","description":"October 1000 + November 1500","tr_date":"2019-11-12","updateddate":"2019-11-12 07:43:56","updatedby":"0","freeze":"unfreezee","pendingflag":"non-pending"}
[2019-11-28 07:51:54]	[INFO][m_expenses.php]	{"income_id":"243","capture_id":"5c3b3a75532f62.49043861","account_id":"123","income_amount":"2500","subcat_id":"851","cat_id":"380","description":"October 1000 + November 1500","tr_date":"2019-11-12","updateddate":"2019-11-12 07:43:56","updatedby":"0","freeze":"unfreezee","pendingflag":"non-pending"}
[2019-11-28 07:52:19]	[INFO][m_accounts.php]	manoharpv@gmail.com
[2019-11-28 07:52:19]	[INFO][m_accounts.php]	Mano1379!
[2019-11-28 07:52:19]	[INFO][m_accounts.php]	accounts data
[2019-11-28 07:52:19]	[INFO][m_accounts.php]	after redirect
[2019-11-28 07:52:19]	[INFO][m_accounts.php]	SELECT * FROM  groups  WHERE  `added_user_id`='13' group by account_id
[2019-11-28 07:52:20]	[INFO][m_accounts.php]	SELECT * FROM  groups  WHERE  `added_user_id`='13' group by account_id
[2019-11-28 07:52:22]	[INFO][m_charts.php]	5c3b3a75532f62.49043861
[2019-11-28 07:52:22]	[INFO][m_charts.php]	manoharpv@gmail.com
[2019-11-28 07:52:22]	[INFO][m_charts.php]	Mano1379!
[2019-11-28 07:52:22]	[INFO][m_charts.php]	validuser
[2019-11-28 07:52:22]	[INFO][m_charts.php]	5c3b3a75532f62.49043861
[2019-11-28 07:52:53]	[INFO][m_accounts.php]	null
[2019-11-28 07:52:53]	[INFO][m_accounts.php]	null
[2019-11-28 07:52:53]	[INFO][m_accounts.php]	SELECT * FROM  groups  WHERE  `added_user_id`='13' group by account_id
