[2019-12-04 12:59:24]	[INFO][ws_an_getprofile.php]		5c3b3a6485ea66.91060288
[2019-12-04 12:59:24]	[INFO][ws_an_getprofile.php]		12
[2019-12-04 12:59:24]	[INFO][ws_an_getprofile.php]		select * from `users` where `user_id`='12'
[2019-12-04 12:59:24]	[INFO][ws_an_getprofile.php]		select * from `profile` where `user_id`='12'
[2019-12-04 12:59:24]	[INFO][ws_an_getprofile.php]		1016146255de2bd0ba27d3.jpg
[2019-12-04 12:59:24]	[INFO][ws_an_getprofile.php]		../../../../uploads/content/dailyroll/profile/
[2019-12-04 12:59:24]	[INFO][ws_an_getprofile.php]		content/dailyroll/profile/
[2019-12-04 12:59:24]	[INFO][ws_an_getprofile.php]		https://apps.dinkhoo.com/uploads/content/dailyroll/profile/
[2019-12-04 12:59:24]	[INFO][ws_an_getprofile.php]		https://apps.dinkhoo.com/uploads/content/dailyroll/profile/1016146255de2bd0ba27d3.jpg
[2019-12-04 12:59:30]	[INFO][ws_an_getprofile.php]		5c3b3a6485ea66.91060288
[2019-12-04 12:59:30]	[INFO][ws_an_getprofile.php]		12
[2019-12-04 12:59:30]	[INFO][ws_an_getprofile.php]		select * from `users` where `user_id`='12'
[2019-12-04 12:59:30]	[INFO][ws_an_getprofile.php]		select * from `profile` where `user_id`='12'
[2019-12-04 12:59:30]	[INFO][ws_an_getprofile.php]		1016146255de2bd0ba27d3.jpg
[2019-12-04 12:59:30]	[INFO][ws_an_getprofile.php]		../../../../uploads/content/dailyroll/profile/
[2019-12-04 12:59:30]	[INFO][ws_an_getprofile.php]		content/dailyroll/profile/
[2019-12-04 12:59:30]	[INFO][ws_an_getprofile.php]		https://apps.dinkhoo.com/uploads/content/dailyroll/profile/
[2019-12-04 12:59:30]	[INFO][ws_an_getprofile.php]		https://apps.dinkhoo.com/uploads/content/dailyroll/profile/1016146255de2bd0ba27d3.jpg
[2019-12-04 12:59:40]	[INFO][ws_an_myincome.php]		1
[2019-12-04 12:59:40]	[INFO][ws_an_myincome.php]		SELECT * FROM `income` a,accounts b,category c,sub_category d WHERE a.account_id=b.account_id and a.subcat_id=d.subcat_id and a.cat_id=c.cat_id and a.capture_id='5c3b3a6485ea66.91060288' and  pendingflag ='non-pending'
[2019-12-04 12:59:40]	[INFO][ws_an_myincome.php]		[{"income_id":"157","accoun":"91","tr_date":"2019-08-27","accountname":"testfamily","cat_name":"incomesalary","cat_id":"262","subcat_id":"611","subcat_name":"incomesalary","description":"ds","income_amount":"12","symbol":"\u20b9","capture_id":"5c3b3a6485ea66.91060288","adminstatus":"admin","pendingstatus":"non-pending","feezestatus":"unfreezee"},{"income_id":"149","accoun":"91","tr_date":"2019-08-24","accountname":"testfamily","cat_name":"incomesalary","cat_id":"262","subcat_id":"611","subcat_name":"incomesalary","description":" ghf","income_amount":"100","symbol":"\u20b9","capture_id":"5c3b3a6485ea66.91060288","adminstatus":"admin","pendingstatus":"non-pending","feezestatus":"freeze"},{"income_id":"148","accoun":"91","tr_date":"2019-08-24","accountname":"testfamily","cat_name":"incomesalary","cat_id":"262","subcat_id":"611","subcat_name":"incomesalary","description":" gjh","income_amount":"100","symbol":"\u20b9","capture_id":"5c3b3a6485ea66.91060288","adminstatus":"admin","pendingstatus":"non-pending","feezestatus":"freeze"},{"income_id":"158","accoun":"91","tr_date":"2019-08-27","accountname":"testfamily","cat_name":"incomesalary","cat_id":"262","subcat_id":"611","subcat_name":"incomesalary","description":"hello","income_amount":"122","symbol":"\u20b9","capture_id":"5c3b3a6485ea66.91060288","adminstatus":"admin","pendingstatus":"non-pending","feezestatus":"unfreezee"},{"income_id":"159","accoun":"91","tr_date":"2019-08-27","accountname":"testfamily","cat_name":"incomesalary","cat_id":"262","subcat_id":"611","subcat_name":"incomesalary","description":"ass","income_amount":"123","symbol":"\u20b9","capture_id":"5c3b3a6485ea66.91060288","adminstatus":"admin","pendingstatus":"non-pending","feezestatus":"unfreezee"},{"income_id":"154","accoun":"91","tr_date":"2019-08-27","accountname":"testfamily","cat_name":"incomesalary","cat_id":"262","subcat_id":"611","subcat_name":"incomesalary","description":"hello","income_amount":"123","symbol":"\u20b9","capture_id":"5c3b3a6485ea66.91060288","adminstatus":"admin","pendingstatus":"non-pending","feezestatus":"unfreezee"},{"income_id":"174","accoun":"91","tr_date":"2019-08-28","accountname":"testfamily","cat_name":"incomesalary","cat_id":"262","subcat_id":"611","subcat_name":"incomesalary","description":"hiis","income_amount":"123","symbol":"\u20b9","capture_id":"5c3b3a6485ea66.91060288","adminstatus":"admin","pendingstatus":"non-pending","feezestatus":"unfreezee"},{"income_id":"161","accoun":"91","tr_date":"2019-08-27","accountname":"testfamily","cat_name":"incomesalary","cat_id":"262","subcat_id":"611","subcat_name":"incomesalary","description":"kk","income_amount":"123","symbol":"\u20b9","capture_id":"5c3b3a6485ea66.91060288","adminstatus":"admin","pendingstatus":"non-pending","feezestatus":"unfreezee"},{"income_id":"125","accoun":"91","tr_date":"2019-08-15","accountname":"testfamily","cat_name":"incomesalary","cat_id":"262","subcat_id":"611","subcat_name":"incomesalary","description":"salary","income_amount":"123","symbol":"\u20b9","capture_id":"5c3b3a6485ea66.91060288","adminstatus":"admin","pendingstatus":"non-pending","feezestatus":"freeze"},{"income_id":"150","accoun":"91","tr_date":"2019-08-26","accountname":"testfamily","cat_name":"incomesalary","cat_id":"262","subcat_id":"611","subcat_name":"incomesalary","description":"yy","income_amount":"123","symbol":"\u20b9","capture_id":"5c3b3a6485ea66.91060288","adminstatus":"admin","pendingstatus":"non-pending","feezestatus":"freeze"},{"income_id":"173","accoun":"91","tr_date":"2019-08-28","accountname":"testfamily","cat_name":"incomesalary","cat_id":"262","subcat_id":"611","subcat_name":"incomesalary","description":"ff","income_amount":"1234","symbol":"\u20b9","capture_id":"5c3b3a6485ea66.91060288","adminstatus":"admin","pendingstatus":"non-pending","feezestatus":"unfreezee"},{"income_id":"156","accoun":"93","tr_date":"2019-08-26","accountname":"Final Testing","cat_name":"in1","cat_id":"266","subcat_id":"672","subcat_name":"f7","description":"hg","income_amount":"12","symbol":"\u20b9","capture_id":"5c3b3a6485ea66.91060288","adminstatus":"user","pendingstatus":"non-pending","feezestatus":"unfreezee"},{"income_id":"165","accoun":"93","tr_date":"2019-08-27","accountname":"Final Testing","cat_name":"in2","cat_id":"267","subcat_id":"670","subcat_name":"p1","description":"hii","income_amount":"121","symbol":"\u20b9","capture_id":"5c3b3a6485ea66.91060288","adminstatus":"user","pendingstatus":"non-pending","feezestatus":"unfreezee"},{"income_id":"164","accoun":"93","tr_date":"2019-08-27","accountname":"Final Testing","cat_name":"in1","cat_id":"266","subcat_id":"672","subcat_name":"f7","description":"hiii","income_amount":"123","symbol":"\u20b9","capture_id":"5c3b3a6485ea66.91060288","adminstatus":"user","pendingstatus":"non-pending","feezestatus":"unfreezee"}]
[2019-12-04 12:59:43]	[INFO][ws_an_unarchivelist.php]		SELECT * FROM `accounts` WHERE `user_id`='5c3b3a6485ea66.91060288'  and `accountstatus`!='active'
[2019-12-04 13:00:02]	[INFO][ws_an_getprofile.php]		5c3b3a6485ea66.91060288
[2019-12-04 13:00:02]	[INFO][ws_an_getprofile.php]		12
[2019-12-04 13:00:02]	[INFO][ws_an_getprofile.php]		select * from `users` where `user_id`='12'
[2019-12-04 13:00:02]	[INFO][ws_an_getprofile.php]		select * from `profile` where `user_id`='12'
[2019-12-04 13:00:02]	[INFO][ws_an_getprofile.php]		1016146255de2bd0ba27d3.jpg
[2019-12-04 13:00:02]	[INFO][ws_an_getprofile.php]		../../../../uploads/content/dailyroll/profile/
[2019-12-04 13:00:02]	[INFO][ws_an_getprofile.php]		content/dailyroll/profile/
[2019-12-04 13:00:02]	[INFO][ws_an_getprofile.php]		https://apps.dinkhoo.com/uploads/content/dailyroll/profile/
[2019-12-04 13:00:02]	[INFO][ws_an_getprofile.php]		https://apps.dinkhoo.com/uploads/content/dailyroll/profile/1016146255de2bd0ba27d3.jpg
[2019-12-04 13:04:27]	[INFO][ws_an_getprofile.php]		5c3b3a6485ea66.91060288
[2019-12-04 13:04:27]	[INFO][ws_an_getprofile.php]		12
[2019-12-04 13:04:27]	[INFO][ws_an_getprofile.php]		select * from `users` where `user_id`='12'
[2019-12-04 13:04:27]	[INFO][ws_an_getprofile.php]		select * from `profile` where `user_id`='12'
[2019-12-04 13:04:27]	[INFO][ws_an_getprofile.php]		1016146255de2bd0ba27d3.jpg
[2019-12-04 13:04:27]	[INFO][ws_an_getprofile.php]		../../../../uploads/content/dailyroll/profile/
[2019-12-04 13:04:27]	[INFO][ws_an_getprofile.php]		content/dailyroll/profile/
[2019-12-04 13:04:27]	[INFO][ws_an_getprofile.php]		https://apps.dinkhoo.com/uploads/content/dailyroll/profile/
[2019-12-04 13:04:27]	[INFO][ws_an_getprofile.php]		https://apps.dinkhoo.com/uploads/content/dailyroll/profile/1016146255de2bd0ba27d3.jpg
