[2019-12-05 08:21:07]	[INFO][ws_an_accounts.php]		1
[2019-12-05 08:21:07]	[INFO][ws_an_accounts.php]		SELECT  b.user_id,a.account_id,b.accountname,b.date,b.accountstatus FROM  groups a,accounts b WHERE  a.`account_id`=b.account_id AND a.`added_user_id`='62' group by a.account_id
[2019-12-05 08:21:14]	[INFO][ws_an_accounts.php]		13
[2019-12-05 08:21:14]	[INFO][ws_an_accounts.php]		SELECT b.user_id,b.account_id,b.accountname,b.date,b.accountstatus FROM groups a,accounts b WHERE b.`user_id`='5d77b126ddf738.97883465' AND b.accountstatus!='active' group by b.`account_id`

[2019-12-05 08:21:14]	[INFO][ws_an_accounts.php]		SELECT b.user_id,b.account_id,b.accountname,b.date,b.accountstatus FROM groups a,accounts b WHERE b.`user_id`='5d77b126ddf738.97883465' AND b.accountstatus!='active' group by b.`account_id`

[2019-12-05 08:21:14]	[INFO][ws_an_accounts.php]		Array
[2019-12-05 08:21:14]	[INFO][ws_an_accounts.php]		[{"user_id":"5d77b126ddf738.97883465","account_id":"115","accountname":"","date":"2019-09-16","accountstatus":"inactive"}]
[2019-12-05 08:21:15]	[INFO][ws_an_accounts.php]		2
[2019-12-05 08:21:15]	[INFO][ws_an_accounts.php]		SELECT a.added_user_id,a.userstatus,a.group_status,b.user_id,a.usertype FROM `groups` a , accounts b  WHERE  a.`account_id`=b.`account_id`  and a.`account_id`='136'
[2019-12-05 08:21:15]	[INFO][ws_an_accounts.php]		[{"add_user_id":"3","account_name":"Zv","email":"praveen.gollu@gmail.com","name":"Praveen","phone":"9014545018","groupstatus":"Y","userstatus":"active","adminstatus":"member","uniqid":"5d77b126ddf738.97883465","unique_id":"3","usertype":"writeonly"},{"add_user_id":"62","account_name":"Zv","email":"areef222sayad@gmail.com","name":"Arif","phone":"8886230186","groupstatus":"Y","userstatus":"active","adminstatus":"admin","uniqid":"5d77b126ddf738.97883465","unique_id":"62","usertype":"writeonly"}]
[2019-12-05 08:21:15]	[INFO][ws_an_accounts.php]		6
[2019-12-05 08:21:15]	[INFO][ws_an_accounts.php]		[{"account_id":"136","user_id":"5d77b126ddf738.97883465","accountname":"Zv","currcode":"INR","status":"admin"}]
[2019-12-05 08:21:27]	[INFO][ws_an_accounts.php]		8
[2019-12-05 08:21:27]	[INFO][ws_an_accounts.php]		UPDATE `groups` SET `userstatus`='inactive' WHERE added_user_id='3' and account_id='136'
[2019-12-05 08:21:29]	[INFO][ws_an_accounts.php]		2
[2019-12-05 08:21:29]	[INFO][ws_an_accounts.php]		SELECT a.added_user_id,a.userstatus,a.group_status,b.user_id,a.usertype FROM `groups` a , accounts b  WHERE  a.`account_id`=b.`account_id`  and a.`account_id`='136'
[2019-12-05 08:21:29]	[INFO][ws_an_accounts.php]		[{"add_user_id":"3","account_name":"Zv","email":"praveen.gollu@gmail.com","name":"Praveen","phone":"9014545018","groupstatus":"Y","userstatus":"inactive","adminstatus":"member","uniqid":"5d77b126ddf738.97883465","unique_id":"3","usertype":"writeonly"},{"add_user_id":"62","account_name":"Zv","email":"areef222sayad@gmail.com","name":"Arif","phone":"8886230186","groupstatus":"Y","userstatus":"active","adminstatus":"admin","uniqid":"5d77b126ddf738.97883465","unique_id":"62","usertype":"writeonly"}]
[2019-12-05 08:35:28]	[INFO][ws_an_accounts.php]		1
[2019-12-05 08:35:28]	[INFO][ws_an_accounts.php]		13
[2019-12-05 08:35:28]	[INFO][ws_an_accounts.php]		SELECT b.user_id,b.account_id,b.accountname,b.date,b.accountstatus FROM groups a,accounts b WHERE b.`user_id`='5d77b126ddf738.97883465' AND b.accountstatus!='active' group by b.`account_id`

[2019-12-05 08:35:28]	[INFO][ws_an_accounts.php]		SELECT b.user_id,b.account_id,b.accountname,b.date,b.accountstatus FROM groups a,accounts b WHERE b.`user_id`='5d77b126ddf738.97883465' AND b.accountstatus!='active' group by b.`account_id`

[2019-12-05 08:35:28]	[INFO][ws_an_accounts.php]		Array
[2019-12-05 08:35:28]	[INFO][ws_an_accounts.php]		[{"user_id":"5d77b126ddf738.97883465","account_id":"115","accountname":"","date":"2019-09-16","accountstatus":"inactive"}]
[2019-12-05 08:36:53]	[INFO][ws_an_accounts.php]		4
[2019-12-05 08:36:53]	[INFO][ws_an_accounts.php]		INSERT INTO `accounts`(`user_id`, `currcode`, `accountname`, `date`, `accountstatus`) VALUES ('5d77b126ddf738.97883465','INR','decem files','2019-12-05','active')
[2019-12-05 08:36:56]	[INFO][ws_an_accounts.php]		1
[2019-12-05 08:36:56]	[INFO][ws_an_accounts.php]		SELECT  b.user_id,a.account_id,b.accountname,b.date,b.accountstatus FROM  groups a,accounts b WHERE  a.`account_id`=b.account_id AND a.`added_user_id`='62' group by a.account_id
[2019-12-05 10:48:59]	[INFO][ws_an_accounts.php]		1
[2019-12-05 10:48:59]	[INFO][ws_an_accounts.php]		SELECT  b.user_id,a.account_id,b.accountname,b.date,b.accountstatus FROM  groups a,accounts b WHERE  a.`account_id`=b.account_id AND a.`added_user_id`='62' group by a.account_id
[2019-12-05 10:48:59]	[INFO][ws_an_accounts.php]		13
[2019-12-05 10:48:59]	[INFO][ws_an_accounts.php]		SELECT b.user_id,b.account_id,b.accountname,b.date,b.accountstatus FROM groups a,accounts b WHERE b.`user_id`='5d77b126ddf738.97883465' AND b.accountstatus!='active' group by b.`account_id`

[2019-12-05 10:48:59]	[INFO][ws_an_accounts.php]		SELECT b.user_id,b.account_id,b.accountname,b.date,b.accountstatus FROM groups a,accounts b WHERE b.`user_id`='5d77b126ddf738.97883465' AND b.accountstatus!='active' group by b.`account_id`

[2019-12-05 10:48:59]	[INFO][ws_an_accounts.php]		Array
[2019-12-05 10:48:59]	[INFO][ws_an_accounts.php]		[{"user_id":"5d77b126ddf738.97883465","account_id":"115","accountname":"","date":"2019-09-16","accountstatus":"inactive"}]
[2019-12-05 10:50:24]	[INFO][ws_an_accounts.php]		2
[2019-12-05 10:50:24]	[INFO][ws_an_accounts.php]		SELECT a.added_user_id,a.userstatus,a.group_status,b.user_id,a.usertype FROM `groups` a , accounts b  WHERE  a.`account_id`=b.`account_id`  and a.`account_id`='132'
[2019-12-05 10:50:24]	[INFO][ws_an_accounts.php]		[{"add_user_id":"62","account_name":"Cmr ","email":"areef222sayad@gmail.com","name":"Arif","phone":"8886230186","groupstatus":"Y","userstatus":"active","adminstatus":"admin","uniqid":"5d77b126ddf738.97883465","unique_id":"62","usertype":"writeonly"}]
[2019-12-05 10:50:24]	[INFO][ws_an_accounts.php]		6
[2019-12-05 10:50:24]	[INFO][ws_an_accounts.php]		[{"account_id":"132","user_id":"5d77b126ddf738.97883465","accountname":"Cmr ","currcode":"INR","status":"admin"}]
[2019-12-05 10:51:30]	[INFO][ws_an_accounts.php]		7
[2019-12-05 10:51:30]	[INFO][ws_an_accounts.php]		writeonly
[2019-12-05 10:51:30]	[INFO][ws_an_accounts.php]		select * from users where email='karunasrivelagala@gmail.com'
[2019-12-05 10:51:30]	[INFO][ws_an_accounts.php]		phone number verified
[2019-12-05 10:51:30]	[INFO][ws_an_accounts.php]		select * from `groups` where `added_user_id`='12' and `account_id`='132'
[2019-12-05 10:51:30]	[INFO][ws_an_accounts.php]		132
[2019-12-05 10:51:30]	[INFO][ws_an_accounts.php]		Cmr 
[2019-12-05 10:51:30]	[INFO][ws_an_accounts.php]		5d77b126ddf738.97883465
[2019-12-05 10:51:30]	[INFO][ws_an_accounts.php]		Arif
[2019-12-05 10:51:30]	[INFO][ws_an_accounts.php]		INSERT INTO `groups`(`account_id`,`group_status`, `usertype`,  `added_user_id`,`userstatus` ) 
	VALUES ('132','N','writeonly','12','active')
[2019-12-05 10:51:30]	[INFO][ws_an_accounts.php]		before mail sent
[2019-12-05 10:51:32]	[INFO][ws_an_accounts.php]		after mail sent
[2019-12-05 10:51:35]	[INFO][ws_an_accounts.php]		2
[2019-12-05 10:51:35]	[INFO][ws_an_accounts.php]		SELECT a.added_user_id,a.userstatus,a.group_status,b.user_id,a.usertype FROM `groups` a , accounts b  WHERE  a.`account_id`=b.`account_id`  and a.`account_id`='132'
[2019-12-05 10:51:35]	[INFO][ws_an_accounts.php]		[{"add_user_id":"12","account_name":"Cmr ","email":"karunasrivelagala@gmail.com","name":"karuna sri","phone":"7989583581","groupstatus":"N","userstatus":"active","adminstatus":"member","uniqid":"5d77b126ddf738.97883465","unique_id":"12","usertype":"writeonly"},{"add_user_id":"62","account_name":"Cmr ","email":"areef222sayad@gmail.com","name":"Arif","phone":"8886230186","groupstatus":"Y","userstatus":"active","adminstatus":"admin","uniqid":"5d77b126ddf738.97883465","unique_id":"62","usertype":"writeonly"}]
[2019-12-05 10:51:42]	[INFO][ws_an_accounts.php]		7
[2019-12-05 10:51:42]	[INFO][ws_an_accounts.php]		readonly
[2019-12-05 10:51:42]	[INFO][ws_an_accounts.php]		select * from users where email='karunasrivelagala@gmail.com'
[2019-12-05 10:51:42]	[INFO][ws_an_accounts.php]		phone number verified
[2019-12-05 10:51:42]	[INFO][ws_an_accounts.php]		select * from `groups` where `added_user_id`='12' and `account_id`='132'
[2019-12-05 10:51:48]	[INFO][ws_an_accounts.php]		2
[2019-12-05 10:51:48]	[INFO][ws_an_accounts.php]		SELECT a.added_user_id,a.userstatus,a.group_status,b.user_id,a.usertype FROM `groups` a , accounts b  WHERE  a.`account_id`=b.`account_id`  and a.`account_id`='132'
[2019-12-05 10:51:48]	[INFO][ws_an_accounts.php]		[{"add_user_id":"12","account_name":"Cmr ","email":"karunasrivelagala@gmail.com","name":"karuna sri","phone":"7989583581","groupstatus":"N","userstatus":"active","adminstatus":"member","uniqid":"5d77b126ddf738.97883465","unique_id":"12","usertype":"writeonly"},{"add_user_id":"62","account_name":"Cmr ","email":"areef222sayad@gmail.com","name":"Arif","phone":"8886230186","groupstatus":"Y","userstatus":"active","adminstatus":"admin","uniqid":"5d77b126ddf738.97883465","unique_id":"62","usertype":"writeonly"}]
[2019-12-05 10:53:51]	[INFO][ws_an_accounts.php]		6
[2019-12-05 10:53:51]	[INFO][ws_an_accounts.php]		[{"account_id":"132","user_id":"5d77b126ddf738.97883465","accountname":"Cmr ","currcode":"INR","status":"admin"}]
[2019-12-05 10:53:52]	[INFO][ws_an_accounts.php]		2
[2019-12-05 10:53:52]	[INFO][ws_an_accounts.php]		SELECT a.added_user_id,a.userstatus,a.group_status,b.user_id,a.usertype FROM `groups` a , accounts b  WHERE  a.`account_id`=b.`account_id`  and a.`account_id`='132'
[2019-12-05 10:53:52]	[INFO][ws_an_accounts.php]		[{"add_user_id":"12","account_name":"Cmr ","email":"karunasrivelagala@gmail.com","name":"karuna sri","phone":"7989583581","groupstatus":"Y","userstatus":"active","adminstatus":"member","uniqid":"5d77b126ddf738.97883465","unique_id":"12","usertype":"writeonly"},{"add_user_id":"62","account_name":"Cmr ","email":"areef222sayad@gmail.com","name":"Arif","phone":"8886230186","groupstatus":"Y","userstatus":"active","adminstatus":"admin","uniqid":"5d77b126ddf738.97883465","unique_id":"62","usertype":"writeonly"}]
[2019-12-05 13:00:12]	[INFO][ws_an_accounts.php]		2
[2019-12-05 13:00:12]	[INFO][ws_an_accounts.php]		6
[2019-12-05 13:00:12]	[INFO][ws_an_accounts.php]		[{"account_id":"132","user_id":"5d77b126ddf738.97883465","accountname":"Cmr ","currcode":"INR","status":"member"}]
[2019-12-05 13:00:12]	[INFO][ws_an_accounts.php]		SELECT a.added_user_id,a.userstatus,a.group_status,b.user_id,a.usertype FROM `groups` a , accounts b  WHERE  a.`account_id`=b.`account_id`  and a.`account_id`='132'
[2019-12-05 13:00:12]	[INFO][ws_an_accounts.php]		[{"add_user_id":"12","account_name":"Cmr ","email":"karunasrivelagala@gmail.com","name":"karuna sri","phone":"7989583581","groupstatus":"Y","userstatus":"active","adminstatus":"member","uniqid":"5d77b126ddf738.97883465","unique_id":"12","usertype":"writeonly"},{"add_user_id":"62","account_name":"Cmr ","email":"areef222sayad@gmail.com","name":"Arif","phone":"8886230186","groupstatus":"Y","userstatus":"active","adminstatus":"admin","uniqid":"5d77b126ddf738.97883465","unique_id":"62","usertype":"writeonly"}]
