[2019-12-13 04:45:57]	[INFO][ws_an_profileupload.php]		../../../../uploads/content/dailyroll/profile/12298907885df35dd53e702.jpg
[2019-12-13 04:45:57]	[INFO][ws_an_profileupload.php]		12298907885df35dd53e702.jpg
[2019-12-13 05:23:31]	[INFO][ws_an_profileupload.php]		../../../../uploads/content/dailyroll/profile/10058547175df366a392dab.xlsx
[2019-12-13 05:23:31]	[INFO][ws_an_profileupload.php]		10058547175df366a392dab.xlsx
[2019-12-13 06:22:04]	[INFO][ws_an_profileupload.php]		../../../../uploads/content/dailyroll/profile/11770991655df3745cc2e62.csv
[2019-12-13 06:22:04]	[INFO][ws_an_profileupload.php]		11770991655df3745cc2e62.csv
[2019-12-13 06:24:52]	[INFO][ws_an_profileupload.php]		../../../../uploads/content/dailyroll/profile/158948475df375045a5fb.
[2019-12-13 06:24:52]	[INFO][ws_an_profileupload.php]		158948475df375045a5fb.
[2019-12-13 06:27:32]	[INFO][ws_an_profileupload.php]		../../../../uploads/content/dailyroll/profile/17429583445df375a4c7719.jpg
[2019-12-13 06:27:32]	[INFO][ws_an_profileupload.php]		17429583445df375a4c7719.jpg
[2019-12-13 06:28:20]	[INFO][ws_an_profileupload.php]		../../../../uploads/content/dailyroll/profile/17484125145df375d431da3.
[2019-12-13 06:28:20]	[INFO][ws_an_profileupload.php]		17484125145df375d431da3.
[2019-12-13 06:28:24]	[INFO][ws_an_profileupload.php]		../../../../uploads/content/dailyroll/profile/1677998755df375d84d2ab.
[2019-12-13 06:28:24]	[INFO][ws_an_profileupload.php]		1677998755df375d84d2ab.
[2019-12-13 09:25:52]	[INFO][ws_an_profileupload.php]		../../../../uploads/content/dailyroll/profile/1993774755df39f7079602.png
[2019-12-13 09:25:52]	[INFO][ws_an_profileupload.php]		1993774755df39f7079602.png
[2019-12-13 09:25:55]	[INFO][ws_an_profileupload.php]		../../../../uploads/content/dailyroll/profile/9169373565df39f74017e2.png
[2019-12-13 09:25:56]	[INFO][ws_an_profileupload.php]		9169373565df39f74017e2.png
[2019-12-13 09:25:56]	[INFO][ws_an_profileupload.php]		../../../../uploads/content/dailyroll/profile/18899621645df39f74b17c1.png
[2019-12-13 09:25:56]	[INFO][ws_an_profileupload.php]		18899621645df39f74b17c1.png
[2019-12-13 09:25:56]	[INFO][ws_an_profileupload.php]		../../../../uploads/content/dailyroll/profile/1029491725df39f74b57ef.png
[2019-12-13 09:25:56]	[INFO][ws_an_profileupload.php]		1029491725df39f74b57ef.png
[2019-12-13 09:25:57]	[INFO][ws_an_profileupload.php]		../../../../uploads/content/dailyroll/profile/4971885925df39f754335b.png
[2019-12-13 09:25:57]	[INFO][ws_an_profileupload.php]		4971885925df39f754335b.png
[2019-12-13 09:25:59]	[INFO][ws_an_profileupload.php]		../../../../uploads/content/dailyroll/profile/9783411415df39f77e3070.png
[2019-12-13 09:25:59]	[INFO][ws_an_profileupload.php]		9783411415df39f77e3070.png
