[2019-12-06 04:40:01]	[INFO][ws_an_device_confirm.php]		62
[2019-12-06 04:40:01]	[INFO][ws_an_device_confirm.php]		UKBM5ARFBWHYQSWJ
[2019-12-06 04:40:01]	[INFO][ws_an_device_confirm.php]		areef222sayad@gmail.com
[2019-12-06 04:40:01]	[INFO][ws_an_device_confirm.php]		https://chart.googleapis.com/chart?chs=200x200&chld=M|0&cht=qr&chl=otpauth%3A%2F%2Ftotp%2Fareef222sayad%40gmail.com%3Fsecret%3DUKBM5ARFBWHYQSWJ%26issuer%3DDailyRoll%2BApp
[2019-12-06 04:40:01]	[INFO][ws_an_device_confirm.php]		{"qrcode":"https:\/\/chart.googleapis.com\/chart?chs=200x200&chld=M|0&cht=qr&chl=otpauth%3A%2F%2Ftotp%2Fareef222sayad%40gmail.com%3Fsecret%3DUKBM5ARFBWHYQSWJ%26issuer%3DDailyRoll%2BApp"}
[2019-12-06 04:47:04]	[INFO][ws_an_device_confirm.php]		62
[2019-12-06 04:47:04]	[INFO][ws_an_device_confirm.php]		UKBM5ARFBWHYQSWJ
[2019-12-06 04:47:04]	[INFO][ws_an_device_confirm.php]		areef222sayad@gmail.com
[2019-12-06 04:47:04]	[INFO][ws_an_device_confirm.php]		https://chart.googleapis.com/chart?chs=200x200&chld=M|0&cht=qr&chl=otpauth%3A%2F%2Ftotp%2Fareef222sayad%40gmail.com%3Fsecret%3DUKBM5ARFBWHYQSWJ%26issuer%3DDailyRoll%2BApp
[2019-12-06 04:47:04]	[INFO][ws_an_device_confirm.php]		{"qrcode":"https:\/\/chart.googleapis.com\/chart?chs=200x200&chld=M|0&cht=qr&chl=otpauth%3A%2F%2Ftotp%2Fareef222sayad%40gmail.com%3Fsecret%3DUKBM5ARFBWHYQSWJ%26issuer%3DDailyRoll%2BApp"}
[2019-12-06 04:47:06]	[INFO][ws_an_device_confirm.php]		62
[2019-12-06 04:47:06]	[INFO][ws_an_device_confirm.php]		UKBM5ARFBWHYQSWJ
[2019-12-06 04:47:06]	[INFO][ws_an_device_confirm.php]		areef222sayad@gmail.com
[2019-12-06 04:47:06]	[INFO][ws_an_device_confirm.php]		https://chart.googleapis.com/chart?chs=200x200&chld=M|0&cht=qr&chl=otpauth%3A%2F%2Ftotp%2Fareef222sayad%40gmail.com%3Fsecret%3DUKBM5ARFBWHYQSWJ%26issuer%3DDailyRoll%2BApp
[2019-12-06 04:47:06]	[INFO][ws_an_device_confirm.php]		{"qrcode":"https:\/\/chart.googleapis.com\/chart?chs=200x200&chld=M|0&cht=qr&chl=otpauth%3A%2F%2Ftotp%2Fareef222sayad%40gmail.com%3Fsecret%3DUKBM5ARFBWHYQSWJ%26issuer%3DDailyRoll%2BApp"}
[2019-12-06 04:47:13]	[INFO][ws_an_device_confirm.php]		62
[2019-12-06 04:47:13]	[INFO][ws_an_device_confirm.php]		UKBM5ARFBWHYQSWJ
[2019-12-06 04:47:13]	[INFO][ws_an_device_confirm.php]		areef222sayad@gmail.com
[2019-12-06 04:47:13]	[INFO][ws_an_device_confirm.php]		https://chart.googleapis.com/chart?chs=200x200&chld=M|0&cht=qr&chl=otpauth%3A%2F%2Ftotp%2Fareef222sayad%40gmail.com%3Fsecret%3DUKBM5ARFBWHYQSWJ%26issuer%3DDailyRoll%2BApp
[2019-12-06 04:47:13]	[INFO][ws_an_device_confirm.php]		{"qrcode":"https:\/\/chart.googleapis.com\/chart?chs=200x200&chld=M|0&cht=qr&chl=otpauth%3A%2F%2Ftotp%2Fareef222sayad%40gmail.com%3Fsecret%3DUKBM5ARFBWHYQSWJ%26issuer%3DDailyRoll%2BApp"}
[2019-12-06 04:47:22]	[INFO][ws_an_device_confirm.php]		62
[2019-12-06 04:47:22]	[INFO][ws_an_device_confirm.php]		UKBM5ARFBWHYQSWJ
[2019-12-06 04:47:22]	[INFO][ws_an_device_confirm.php]		areef222sayad@gmail.com
[2019-12-06 04:47:22]	[INFO][ws_an_device_confirm.php]		https://chart.googleapis.com/chart?chs=200x200&chld=M|0&cht=qr&chl=otpauth%3A%2F%2Ftotp%2Fareef222sayad%40gmail.com%3Fsecret%3DUKBM5ARFBWHYQSWJ%26issuer%3DDailyRoll%2BApp
[2019-12-06 04:47:22]	[INFO][ws_an_device_confirm.php]		{"qrcode":"https:\/\/chart.googleapis.com\/chart?chs=200x200&chld=M|0&cht=qr&chl=otpauth%3A%2F%2Ftotp%2Fareef222sayad%40gmail.com%3Fsecret%3DUKBM5ARFBWHYQSWJ%26issuer%3DDailyRoll%2BApp"}
[2019-12-06 04:47:31]	[INFO][ws_an_device_confirm.php]		62
[2019-12-06 04:47:31]	[INFO][ws_an_device_confirm.php]		UKBM5ARFBWHYQSWJ
[2019-12-06 04:47:31]	[INFO][ws_an_device_confirm.php]		areef222sayad@gmail.com
[2019-12-06 04:47:31]	[INFO][ws_an_device_confirm.php]		https://chart.googleapis.com/chart?chs=200x200&chld=M|0&cht=qr&chl=otpauth%3A%2F%2Ftotp%2Fareef222sayad%40gmail.com%3Fsecret%3DUKBM5ARFBWHYQSWJ%26issuer%3DDailyRoll%2BApp
[2019-12-06 04:47:31]	[INFO][ws_an_device_confirm.php]		{"qrcode":"https:\/\/chart.googleapis.com\/chart?chs=200x200&chld=M|0&cht=qr&chl=otpauth%3A%2F%2Ftotp%2Fareef222sayad%40gmail.com%3Fsecret%3DUKBM5ARFBWHYQSWJ%26issuer%3DDailyRoll%2BApp"}
[2019-12-06 04:47:40]	[INFO][ws_an_device_confirm.php]		62
[2019-12-06 04:47:40]	[INFO][ws_an_device_confirm.php]		
[2019-12-06 04:47:40]	[INFO][ws_an_device_confirm.php]		UKBM5ARFBWHYQSWJ
[2019-12-06 04:47:40]	[INFO][ws_an_device_confirm.php]		https://chart.googleapis.com/chart?chs=200x200&chld=M|0&cht=qr&chl=otpauth%3A%2F%2Ftotp%2Fareef222sayad%40gmail.com%3Fsecret%3DUKBM5ARFBWHYQSWJ%26issuer%3DDailyRoll%2BApp
[2019-12-06 04:47:40]	[INFO][ws_an_device_confirm.php]		areef222sayad@gmail.com
[2019-12-06 04:47:40]	[INFO][ws_an_device_confirm.php]		https://chart.googleapis.com/chart?chs=200x200&chld=M|0&cht=qr&chl=otpauth%3A%2F%2Ftotp%2Fareef222sayad%40gmail.com%3Fsecret%3DUKBM5ARFBWHYQSWJ%26issuer%3DDailyRoll%2BApp
[2019-12-06 04:47:40]	[INFO][ws_an_device_confirm.php]		{"qrcode":"https:\/\/chart.googleapis.com\/chart?chs=200x200&chld=M|0&cht=qr&chl=otpauth%3A%2F%2Ftotp%2Fareef222sayad%40gmail.com%3Fsecret%3DUKBM5ARFBWHYQSWJ%26issuer%3DDailyRoll%2BApp"}
[2019-12-06 04:47:41]	[INFO][ws_an_device_confirm.php]		62
[2019-12-06 04:47:41]	[INFO][ws_an_device_confirm.php]		UKBM5ARFBWHYQSWJ
[2019-12-06 04:47:41]	[INFO][ws_an_device_confirm.php]		areef222sayad@gmail.com
[2019-12-06 04:47:41]	[INFO][ws_an_device_confirm.php]		https://chart.googleapis.com/chart?chs=200x200&chld=M|0&cht=qr&chl=otpauth%3A%2F%2Ftotp%2Fareef222sayad%40gmail.com%3Fsecret%3DUKBM5ARFBWHYQSWJ%26issuer%3DDailyRoll%2BApp
[2019-12-06 04:47:41]	[INFO][ws_an_device_confirm.php]		{"qrcode":"https:\/\/chart.googleapis.com\/chart?chs=200x200&chld=M|0&cht=qr&chl=otpauth%3A%2F%2Ftotp%2Fareef222sayad%40gmail.com%3Fsecret%3DUKBM5ARFBWHYQSWJ%26issuer%3DDailyRoll%2BApp"}
[2019-12-06 04:48:47]	[INFO][ws_an_device_confirm.php]		62
[2019-12-06 04:48:47]	[INFO][ws_an_device_confirm.php]		UKBM5ARFBWHYQSWJ
[2019-12-06 04:48:47]	[INFO][ws_an_device_confirm.php]		areef222sayad@gmail.com
[2019-12-06 04:48:47]	[INFO][ws_an_device_confirm.php]		https://chart.googleapis.com/chart?chs=200x200&chld=M|0&cht=qr&chl=otpauth%3A%2F%2Ftotp%2Fareef222sayad%40gmail.com%3Fsecret%3DUKBM5ARFBWHYQSWJ%26issuer%3DDailyRoll%2BApp
[2019-12-06 04:48:47]	[INFO][ws_an_device_confirm.php]		{"qrcode":"https:\/\/chart.googleapis.com\/chart?chs=200x200&chld=M|0&cht=qr&chl=otpauth%3A%2F%2Ftotp%2Fareef222sayad%40gmail.com%3Fsecret%3DUKBM5ARFBWHYQSWJ%26issuer%3DDailyRoll%2BApp"}
[2019-12-06 04:48:52]	[INFO][ws_an_device_confirm.php]		62
[2019-12-06 04:48:52]	[INFO][ws_an_device_confirm.php]		UKBM5ARFBWHYQSWJ
[2019-12-06 04:48:52]	[INFO][ws_an_device_confirm.php]		areef222sayad@gmail.com
[2019-12-06 04:48:52]	[INFO][ws_an_device_confirm.php]		https://chart.googleapis.com/chart?chs=200x200&chld=M|0&cht=qr&chl=otpauth%3A%2F%2Ftotp%2Fareef222sayad%40gmail.com%3Fsecret%3DUKBM5ARFBWHYQSWJ%26issuer%3DDailyRoll%2BApp
[2019-12-06 04:48:52]	[INFO][ws_an_device_confirm.php]		{"qrcode":"https:\/\/chart.googleapis.com\/chart?chs=200x200&chld=M|0&cht=qr&chl=otpauth%3A%2F%2Ftotp%2Fareef222sayad%40gmail.com%3Fsecret%3DUKBM5ARFBWHYQSWJ%26issuer%3DDailyRoll%2BApp"}
[2019-12-06 04:49:07]	[INFO][ws_an_device_confirm.php]		62
[2019-12-06 04:49:07]	[INFO][ws_an_device_confirm.php]		UKBM5ARFBWHYQSWJ
[2019-12-06 04:49:07]	[INFO][ws_an_device_confirm.php]		areef222sayad@gmail.com
[2019-12-06 04:49:07]	[INFO][ws_an_device_confirm.php]		https://chart.googleapis.com/chart?chs=200x200&chld=M|0&cht=qr&chl=otpauth%3A%2F%2Ftotp%2Fareef222sayad%40gmail.com%3Fsecret%3DUKBM5ARFBWHYQSWJ%26issuer%3DDailyRoll%2BApp
[2019-12-06 04:49:07]	[INFO][ws_an_device_confirm.php]		{"qrcode":"https:\/\/chart.googleapis.com\/chart?chs=200x200&chld=M|0&cht=qr&chl=otpauth%3A%2F%2Ftotp%2Fareef222sayad%40gmail.com%3Fsecret%3DUKBM5ARFBWHYQSWJ%26issuer%3DDailyRoll%2BApp"}
[2019-12-06 04:49:15]	[INFO][ws_an_device_confirm.php]		62
[2019-12-06 04:49:15]	[INFO][ws_an_device_confirm.php]		477816
[2019-12-06 04:49:15]	[INFO][ws_an_device_confirm.php]		UKBM5ARFBWHYQSWJ
[2019-12-06 04:49:17]	[INFO][ws_an_dashboard.php]		1
[2019-12-06 04:49:17]	[INFO][ws_an_dashboard.php]		SELECT SUM(amount) as expenses  FROM `expenses` WHERE `account_id`='143'
[2019-12-06 04:49:17]	[INFO][ws_an_dashboard.php]		SELECT  SUM(income_amount) as income  FROM `income` WHERE  `account_id`='143'
[2019-12-06 04:49:17]	[INFO][ws_an_dashboard.php]		500
[2019-12-06 04:49:17]	[INFO][ws_an_dashboard.php]		0
[2019-12-06 04:49:17]	[INFO][ws_an_dashboard.php]		1
[2019-12-06 04:49:17]	[INFO][ws_an_dashboard.php]		Array
[2019-12-06 04:49:17]	[INFO][ws_an_dashboard.php]		2
[2019-12-06 04:49:17]	[INFO][ws_an_dashboard.php]		Array
[2019-12-06 04:49:17]	[INFO][ws_an_dashboard.php]		[{"value":"500","label":"Expenses"},{"value":"0","label":"Income"}]
[2019-12-06 04:49:17]	[INFO][ws_an_dashboard.php]		2
[2019-12-06 04:49:17]	[INFO][ws_an_dashboard.php]		SELECT subcat_id,SUM(amount) as expenses  FROM `expenses` WHERE `account_id`='143'GROUP BY `subcat_id`
[2019-12-06 04:49:29]	[INFO][ws_an_dashboard.php]		1
[2019-12-06 04:49:29]	[INFO][ws_an_dashboard.php]		SELECT SUM(amount) as expenses  FROM `expenses` WHERE `account_id`='132'
[2019-12-06 04:49:29]	[INFO][ws_an_dashboard.php]		SELECT  SUM(income_amount) as income  FROM `income` WHERE  `account_id`='132'
[2019-12-06 04:49:29]	[INFO][ws_an_dashboard.php]		10500
[2019-12-06 04:49:29]	[INFO][ws_an_dashboard.php]		15500
[2019-12-06 04:49:29]	[INFO][ws_an_dashboard.php]		1
[2019-12-06 04:49:29]	[INFO][ws_an_dashboard.php]		Array
[2019-12-06 04:49:29]	[INFO][ws_an_dashboard.php]		2
[2019-12-06 04:49:29]	[INFO][ws_an_dashboard.php]		Array
[2019-12-06 04:49:29]	[INFO][ws_an_dashboard.php]		[{"value":"10500","label":"Expenses"},{"value":"15500","label":"Income"}]
[2019-12-06 04:49:29]	[INFO][ws_an_dashboard.php]		2
[2019-12-06 04:49:29]	[INFO][ws_an_dashboard.php]		SELECT subcat_id,SUM(amount) as expenses  FROM `expenses` WHERE `account_id`='132'GROUP BY `subcat_id`
[2019-12-06 04:49:32]	[INFO][ws_an_dashboard.php]		2
[2019-12-06 04:49:32]	[INFO][ws_an_dashboard.php]		SELECT subcat_id,SUM(amount) as expenses FROM `expenses` WHERE  `account_id` ='132'GROUP BY `subcat_id`
[2019-12-06 04:49:32]	[INFO][ws_an_dashboard.php]		1
[2019-12-06 04:49:32]	[INFO][ws_an_dashboard.php]		SELECT SUM(amount) as expenses  FROM `expenses` WHERE  `account_id`='132'
[2019-12-06 04:49:32]	[INFO][ws_an_dashboard.php]		SELECT  SUM(income_amount) as income  FROM `income` WHERE  `account_id`='132'
[2019-12-06 04:49:32]	[INFO][ws_an_dashboard.php]		10500
[2019-12-06 04:49:32]	[INFO][ws_an_dashboard.php]		15500
[2019-12-06 04:49:32]	[INFO][ws_an_dashboard.php]		1
[2019-12-06 04:49:32]	[INFO][ws_an_dashboard.php]		Array
[2019-12-06 04:49:32]	[INFO][ws_an_dashboard.php]		2
[2019-12-06 04:49:32]	[INFO][ws_an_dashboard.php]		Array
[2019-12-06 04:49:32]	[INFO][ws_an_dashboard.php]		[{"value":"10500","label":"Expenses"},{"value":"15500","label":"Income"}]
[2019-12-06 04:50:00]	[INFO][ws_an_dashboard.php]		1
[2019-12-06 04:50:00]	[INFO][ws_an_dashboard.php]		2
[2019-12-06 04:50:00]	[INFO][ws_an_dashboard.php]		SELECT SUM(amount) as expenses  FROM `expenses` WHERE `account_id`='143'
[2019-12-06 04:50:00]	[INFO][ws_an_dashboard.php]		SELECT subcat_id,SUM(amount) as expenses  FROM `expenses` WHERE `account_id`='143'GROUP BY `subcat_id`
[2019-12-06 04:50:00]	[INFO][ws_an_dashboard.php]		SELECT  SUM(income_amount) as income  FROM `income` WHERE  `account_id`='143'
[2019-12-06 04:50:00]	[INFO][ws_an_dashboard.php]		500
[2019-12-06 04:50:00]	[INFO][ws_an_dashboard.php]		0
[2019-12-06 04:50:00]	[INFO][ws_an_dashboard.php]		1
[2019-12-06 04:50:00]	[INFO][ws_an_dashboard.php]		Array
[2019-12-06 04:50:00]	[INFO][ws_an_dashboard.php]		2
[2019-12-06 04:50:00]	[INFO][ws_an_dashboard.php]		Array
[2019-12-06 04:50:00]	[INFO][ws_an_dashboard.php]		[{"value":"500","label":"Expenses"},{"value":"0","label":"Income"}]
[2019-12-06 05:11:00]	[INFO][ws_an_device_confirm.php]		62
[2019-12-06 05:11:00]	[INFO][ws_an_device_confirm.php]		UKBM5ARFBWHYQSWJ
[2019-12-06 05:11:00]	[INFO][ws_an_device_confirm.php]		areef222sayad@gmail.com
[2019-12-06 05:11:00]	[INFO][ws_an_device_confirm.php]		https://chart.googleapis.com/chart?chs=200x200&chld=M|0&cht=qr&chl=otpauth%3A%2F%2Ftotp%2Fareef222sayad%40gmail.com%3Fsecret%3DUKBM5ARFBWHYQSWJ%26issuer%3DDailyRoll%2BApp
[2019-12-06 05:11:00]	[INFO][ws_an_device_confirm.php]		{"qrcode":"https:\/\/chart.googleapis.com\/chart?chs=200x200&chld=M|0&cht=qr&chl=otpauth%3A%2F%2Ftotp%2Fareef222sayad%40gmail.com%3Fsecret%3DUKBM5ARFBWHYQSWJ%26issuer%3DDailyRoll%2BApp"}
[2019-12-06 05:15:46]	[INFO][ws_an_device_confirm.php]		62
[2019-12-06 05:15:46]	[INFO][ws_an_device_confirm.php]		UKBM5ARFBWHYQSWJ
[2019-12-06 05:15:46]	[INFO][ws_an_device_confirm.php]		areef222sayad@gmail.com
[2019-12-06 05:15:46]	[INFO][ws_an_device_confirm.php]		https://chart.googleapis.com/chart?chs=200x200&chld=M|0&cht=qr&chl=otpauth%3A%2F%2Ftotp%2Fareef222sayad%40gmail.com%3Fsecret%3DUKBM5ARFBWHYQSWJ%26issuer%3DDailyRoll%2BApp
[2019-12-06 05:15:46]	[INFO][ws_an_device_confirm.php]		{"qrcode":"https:\/\/chart.googleapis.com\/chart?chs=200x200&chld=M|0&cht=qr&chl=otpauth%3A%2F%2Ftotp%2Fareef222sayad%40gmail.com%3Fsecret%3DUKBM5ARFBWHYQSWJ%26issuer%3DDailyRoll%2BApp"}
[2019-12-06 05:15:47]	[INFO][ws_an_device_confirm.php]		
[2019-12-06 05:15:47]	[INFO][ws_an_device_confirm.php]		https://chart.googleapis.com/chart?chs=200x200&chld=M|0&cht=qr&chl=otpauth%3A%2F%2Ftotp%2Fareef222sayad%40gmail.com%3Fsecret%3DUKBM5ARFBWHYQSWJ%26issuer%3DDailyRoll%2BApp
[2019-12-06 05:16:05]	[INFO][ws_an_device_confirm.php]		62
[2019-12-06 05:16:05]	[INFO][ws_an_device_confirm.php]		UKBM5ARFBWHYQSWJ
[2019-12-06 05:16:05]	[INFO][ws_an_device_confirm.php]		areef222sayad@gmail.com
[2019-12-06 05:16:05]	[INFO][ws_an_device_confirm.php]		https://chart.googleapis.com/chart?chs=200x200&chld=M|0&cht=qr&chl=otpauth%3A%2F%2Ftotp%2Fareef222sayad%40gmail.com%3Fsecret%3DUKBM5ARFBWHYQSWJ%26issuer%3DDailyRoll%2BApp
[2019-12-06 05:16:05]	[INFO][ws_an_device_confirm.php]		{"qrcode":"https:\/\/chart.googleapis.com\/chart?chs=200x200&chld=M|0&cht=qr&chl=otpauth%3A%2F%2Ftotp%2Fareef222sayad%40gmail.com%3Fsecret%3DUKBM5ARFBWHYQSWJ%26issuer%3DDailyRoll%2BApp"}
[2019-12-06 05:16:06]	[INFO][ws_an_device_confirm.php]		62
[2019-12-06 05:16:06]	[INFO][ws_an_device_confirm.php]		UKBM5ARFBWHYQSWJ
[2019-12-06 05:16:06]	[INFO][ws_an_device_confirm.php]		areef222sayad@gmail.com
[2019-12-06 05:16:06]	[INFO][ws_an_device_confirm.php]		https://chart.googleapis.com/chart?chs=200x200&chld=M|0&cht=qr&chl=otpauth%3A%2F%2Ftotp%2Fareef222sayad%40gmail.com%3Fsecret%3DUKBM5ARFBWHYQSWJ%26issuer%3DDailyRoll%2BApp
[2019-12-06 05:16:06]	[INFO][ws_an_device_confirm.php]		{"qrcode":"https:\/\/chart.googleapis.com\/chart?chs=200x200&chld=M|0&cht=qr&chl=otpauth%3A%2F%2Ftotp%2Fareef222sayad%40gmail.com%3Fsecret%3DUKBM5ARFBWHYQSWJ%26issuer%3DDailyRoll%2BApp"}
[2019-12-06 05:16:21]	[INFO][ws_an_device_confirm.php]		62
[2019-12-06 05:16:21]	[INFO][ws_an_device_confirm.php]		623128
[2019-12-06 05:16:21]	[INFO][ws_an_device_confirm.php]		UKBM5ARFBWHYQSWJ
[2019-12-06 05:16:22]	[INFO][ws_an_dashboard.php]		1
[2019-12-06 05:16:22]	[INFO][ws_an_dashboard.php]		SELECT SUM(amount) as expenses  FROM `expenses` WHERE `account_id`='143'
[2019-12-06 05:16:22]	[INFO][ws_an_dashboard.php]		SELECT  SUM(income_amount) as income  FROM `income` WHERE  `account_id`='143'
[2019-12-06 05:16:22]	[INFO][ws_an_dashboard.php]		500
[2019-12-06 05:16:22]	[INFO][ws_an_dashboard.php]		0
[2019-12-06 05:16:22]	[INFO][ws_an_dashboard.php]		2
[2019-12-06 05:16:22]	[INFO][ws_an_dashboard.php]		1
[2019-12-06 05:16:22]	[INFO][ws_an_dashboard.php]		Array
[2019-12-06 05:16:22]	[INFO][ws_an_dashboard.php]		SELECT subcat_id,SUM(amount) as expenses  FROM `expenses` WHERE `account_id`='143'GROUP BY `subcat_id`
[2019-12-06 05:16:22]	[INFO][ws_an_dashboard.php]		2
[2019-12-06 05:16:22]	[INFO][ws_an_dashboard.php]		Array
[2019-12-06 05:16:22]	[INFO][ws_an_dashboard.php]		[{"value":"500","label":"Expenses"},{"value":"0","label":"Income"}]
