[2019-12-13 04:10:49]	[INFO][ws_an_accounts.php]		13
[2019-12-13 04:10:49]	[INFO][ws_an_accounts.php]		SELECT b.user_id,b.account_id,b.accountname,b.date,b.accountstatus FROM groups a,accounts b WHERE b.`user_id`='5d77b126ddf738.97883465' AND b.accountstatus!='active' group by b.`account_id`

[2019-12-13 04:10:49]	[INFO][ws_an_accounts.php]		SELECT b.user_id,b.account_id,b.accountname,b.date,b.accountstatus FROM groups a,accounts b WHERE b.`user_id`='5d77b126ddf738.97883465' AND b.accountstatus!='active' group by b.`account_id`

[2019-12-13 04:10:49]	[INFO][ws_an_accounts.php]		1
[2019-12-13 04:10:49]	[INFO][ws_an_accounts.php]		Array
[2019-12-13 04:10:49]	[INFO][ws_an_accounts.php]		[{"user_id":"5d77b126ddf738.97883465","account_id":"115","accountname":"","date":"2019-09-16","accountstatus":"inactive"}]
[2019-12-13 04:10:49]	[INFO][ws_an_accounts.php]		SELECT  b.user_id,a.account_id,b.accountname,b.date,b.accountstatus FROM  groups a,accounts b WHERE  a.`account_id`=b.account_id AND a.`added_user_id`='62' group by a.account_id
[2019-12-13 04:11:16]	[INFO][ws_an_accounts.php]		2
[2019-12-13 04:11:16]	[INFO][ws_an_accounts.php]		6
[2019-12-13 04:11:16]	[INFO][ws_an_accounts.php]		SELECT a.added_user_id,a.userstatus,a.group_status,b.user_id,a.usertype FROM `groups` a , accounts b  WHERE  a.`account_id`=b.`account_id`  and a.`account_id`=''
[2019-12-13 04:11:16]	[INFO][ws_an_accounts.php]		[{"account_id":null,"user_id":null,"accountname":null,"currcode":null,"status":"member","groupstatus":null}]
[2019-12-13 04:11:16]	[INFO][ws_an_accounts.php]		null
[2019-12-13 04:13:44]	[INFO][ws_an_accounts.php]		6
[2019-12-13 04:13:44]	[INFO][ws_an_accounts.php]		2
[2019-12-13 04:13:44]	[INFO][ws_an_accounts.php]		[{"account_id":null,"user_id":null,"accountname":null,"currcode":null,"status":"member","groupstatus":null}]
[2019-12-13 04:13:44]	[INFO][ws_an_accounts.php]		SELECT a.added_user_id,a.userstatus,a.group_status,b.user_id,a.usertype FROM `groups` a , accounts b  WHERE  a.`account_id`=b.`account_id`  and a.`account_id`=''
[2019-12-13 04:13:44]	[INFO][ws_an_accounts.php]		null
[2019-12-13 04:14:29]	[INFO][ws_an_accounts.php]		1
[2019-12-13 04:14:29]	[INFO][ws_an_accounts.php]		13
[2019-12-13 04:14:29]	[INFO][ws_an_accounts.php]		SELECT  b.user_id,a.account_id,b.accountname,b.date,b.accountstatus FROM  groups a,accounts b WHERE  a.`account_id`=b.account_id AND a.`added_user_id`='62' group by a.account_id
[2019-12-13 04:14:29]	[INFO][ws_an_accounts.php]		SELECT b.user_id,b.account_id,b.accountname,b.date,b.accountstatus FROM groups a,accounts b WHERE b.`user_id`='5d77b126ddf738.97883465' AND b.accountstatus!='active' group by b.`account_id`

[2019-12-13 04:14:29]	[INFO][ws_an_accounts.php]		SELECT b.user_id,b.account_id,b.accountname,b.date,b.accountstatus FROM groups a,accounts b WHERE b.`user_id`='5d77b126ddf738.97883465' AND b.accountstatus!='active' group by b.`account_id`

[2019-12-13 04:14:29]	[INFO][ws_an_accounts.php]		Array
[2019-12-13 04:14:29]	[INFO][ws_an_accounts.php]		[{"user_id":"5d77b126ddf738.97883465","account_id":"115","accountname":"","date":"2019-09-16","accountstatus":"inactive"}]
[2019-12-13 04:14:33]	[INFO][ws_an_accounts.php]		2
[2019-12-13 04:14:33]	[INFO][ws_an_accounts.php]		SELECT a.added_user_id,a.userstatus,a.group_status,b.user_id,a.usertype FROM `groups` a , accounts b  WHERE  a.`account_id`=b.`account_id`  and a.`account_id`='112'
[2019-12-13 04:14:33]	[INFO][ws_an_accounts.php]		[{"add_user_id":"12","account_name":"family","email":"karunasrivelagala@gmail.com","name":"karuna sri","phone":"7989583581","groupstatus":"Y","userstatus":"active","adminstatus":"member","uniqid":"5d77b126ddf738.97883465","unique_id":"12","usertype":"writeonly"},{"add_user_id":"62","account_name":"family","email":"areef222sayad@gmail.com","name":"Arif","phone":"8886230186","groupstatus":"Y","userstatus":"active","adminstatus":"admin","uniqid":"5d77b126ddf738.97883465","unique_id":"62","usertype":"writeonly"}]
[2019-12-13 04:14:33]	[INFO][ws_an_accounts.php]		6
[2019-12-13 04:14:33]	[INFO][ws_an_accounts.php]		[{"account_id":"112","user_id":"5d77b126ddf738.97883465","accountname":"family","currcode":"","status":"admin","groupstatus":"active"}]
[2019-12-13 04:16:33]	[INFO][ws_an_accounts.php]		3
[2019-12-13 04:16:33]	[INFO][ws_an_accounts.php]		SELECT * FROM `expenses` a,sub_category b WHERE a.capture_id='5c3b3a6485ea66.91060288' and a.subcat_id=b.subcat_id and a.account_id='112' and permissionflag !='archive'
[2019-12-13 04:16:36]	[INFO][ws_an_accounts.php]		2
[2019-12-13 04:16:36]	[INFO][ws_an_accounts.php]		SELECT a.added_user_id,a.userstatus,a.group_status,b.user_id,a.usertype FROM `groups` a , accounts b  WHERE  a.`account_id`=b.`account_id`  and a.`account_id`='112'
[2019-12-13 04:16:36]	[INFO][ws_an_accounts.php]		6
[2019-12-13 04:16:36]	[INFO][ws_an_accounts.php]		[{"add_user_id":"12","account_name":"family","email":"karunasrivelagala@gmail.com","name":"karuna sri","phone":"7989583581","groupstatus":"Y","userstatus":"active","adminstatus":"member","uniqid":"5d77b126ddf738.97883465","unique_id":"12","usertype":"writeonly"},{"add_user_id":"62","account_name":"family","email":"areef222sayad@gmail.com","name":"Arif","phone":"8886230186","groupstatus":"Y","userstatus":"active","adminstatus":"admin","uniqid":"5d77b126ddf738.97883465","unique_id":"62","usertype":"writeonly"}]
[2019-12-13 04:16:36]	[INFO][ws_an_accounts.php]		[{"account_id":"112","user_id":"5d77b126ddf738.97883465","accountname":"family","currcode":"","status":"admin","groupstatus":"active"}]
[2019-12-13 04:16:47]	[INFO][ws_an_accounts.php]		8
[2019-12-13 04:16:47]	[INFO][ws_an_accounts.php]		UPDATE `groups` SET `userstatus`='inactive' WHERE added_user_id='12' and account_id='112'
[2019-12-13 04:16:53]	[INFO][ws_an_accounts.php]		2
[2019-12-13 04:16:53]	[INFO][ws_an_accounts.php]		SELECT a.added_user_id,a.userstatus,a.group_status,b.user_id,a.usertype FROM `groups` a , accounts b  WHERE  a.`account_id`=b.`account_id`  and a.`account_id`='112'
[2019-12-13 04:16:53]	[INFO][ws_an_accounts.php]		[{"add_user_id":"12","account_name":"family","email":"karunasrivelagala@gmail.com","name":"karuna sri","phone":"7989583581","groupstatus":"Y","userstatus":"inactive","adminstatus":"member","uniqid":"5d77b126ddf738.97883465","unique_id":"12","usertype":"writeonly"},{"add_user_id":"62","account_name":"family","email":"areef222sayad@gmail.com","name":"Arif","phone":"8886230186","groupstatus":"Y","userstatus":"active","adminstatus":"admin","uniqid":"5d77b126ddf738.97883465","unique_id":"62","usertype":"writeonly"}]
[2019-12-13 04:18:03]	[INFO][ws_an_accounts.php]		7
[2019-12-13 04:18:03]	[INFO][ws_an_accounts.php]		readonly
[2019-12-13 04:18:03]	[INFO][ws_an_accounts.php]		select * from users where email='sai@gmail.com'
[2019-12-13 04:18:10]	[INFO][ws_an_accounts.php]		2
[2019-12-13 04:18:10]	[INFO][ws_an_accounts.php]		SELECT a.added_user_id,a.userstatus,a.group_status,b.user_id,a.usertype FROM `groups` a , accounts b  WHERE  a.`account_id`=b.`account_id`  and a.`account_id`='112'
[2019-12-13 04:18:10]	[INFO][ws_an_accounts.php]		[{"add_user_id":"12","account_name":"family","email":"karunasrivelagala@gmail.com","name":"karuna sri","phone":"7989583581","groupstatus":"Y","userstatus":"inactive","adminstatus":"member","uniqid":"5d77b126ddf738.97883465","unique_id":"12","usertype":"writeonly"},{"add_user_id":"62","account_name":"family","email":"areef222sayad@gmail.com","name":"Arif","phone":"8886230186","groupstatus":"Y","userstatus":"active","adminstatus":"admin","uniqid":"5d77b126ddf738.97883465","unique_id":"62","usertype":"writeonly"}]
[2019-12-13 04:23:33]	[INFO][ws_an_accounts.php]		7
[2019-12-13 04:23:33]	[INFO][ws_an_accounts.php]		writeonly
[2019-12-13 04:23:33]	[INFO][ws_an_accounts.php]		select * from users where email='testuser1@abbigale.org'
[2019-12-13 04:23:33]	[INFO][ws_an_accounts.php]		phone number verified
[2019-12-13 04:23:33]	[INFO][ws_an_accounts.php]		select * from `groups` where `added_user_id`='1' and `account_id`='112'
[2019-12-13 04:23:33]	[INFO][ws_an_accounts.php]		112
[2019-12-13 04:23:33]	[INFO][ws_an_accounts.php]		family
[2019-12-13 04:23:33]	[INFO][ws_an_accounts.php]		5d77b126ddf738.97883465
[2019-12-13 04:23:33]	[INFO][ws_an_accounts.php]		Arif
[2019-12-13 04:23:33]	[INFO][ws_an_accounts.php]		INSERT INTO `groups`(`account_id`,`group_status`, `usertype`,  `added_user_id`,`userstatus` ) 
	VALUES ('112','N','writeonly','1','active')
[2019-12-13 04:23:33]	[INFO][ws_an_accounts.php]		before mail sent
[2019-12-13 04:23:34]	[INFO][ws_an_accounts.php]		after mail sent
[2019-12-13 04:23:38]	[INFO][ws_an_accounts.php]		2
[2019-12-13 04:23:38]	[INFO][ws_an_accounts.php]		SELECT a.added_user_id,a.userstatus,a.group_status,b.user_id,a.usertype FROM `groups` a , accounts b  WHERE  a.`account_id`=b.`account_id`  and a.`account_id`='112'
[2019-12-13 04:23:38]	[INFO][ws_an_accounts.php]		[{"add_user_id":"1","account_name":"family","email":"testuser1@abbigale.org","name":"Testuser1","phone":"9603438056","groupstatus":"N","userstatus":"active","adminstatus":"member","uniqid":"5d77b126ddf738.97883465","unique_id":"1","usertype":"writeonly"},{"add_user_id":"12","account_name":"family","email":"karunasrivelagala@gmail.com","name":"karuna sri","phone":"7989583581","groupstatus":"Y","userstatus":"inactive","adminstatus":"member","uniqid":"5d77b126ddf738.97883465","unique_id":"12","usertype":"writeonly"},{"add_user_id":"62","account_name":"family","email":"areef222sayad@gmail.com","name":"Arif","phone":"8886230186","groupstatus":"Y","userstatus":"active","adminstatus":"admin","uniqid":"5d77b126ddf738.97883465","unique_id":"62","usertype":"writeonly"}]
[2019-12-13 08:15:08]	[INFO][ws_an_accounts.php]		1
[2019-12-13 08:15:08]	[INFO][ws_an_accounts.php]		13
[2019-12-13 08:15:08]	[INFO][ws_an_accounts.php]		SELECT  b.user_id,a.account_id,b.accountname,b.date,b.accountstatus FROM  groups a,accounts b WHERE  a.`account_id`=b.account_id AND a.`added_user_id`='62' group by a.account_id
[2019-12-13 08:15:08]	[INFO][ws_an_accounts.php]		SELECT b.user_id,b.account_id,b.accountname,b.date,b.accountstatus FROM groups a,accounts b WHERE b.`user_id`='5d77b126ddf738.97883465' AND b.accountstatus!='active' group by b.`account_id`

[2019-12-13 08:15:08]	[INFO][ws_an_accounts.php]		SELECT b.user_id,b.account_id,b.accountname,b.date,b.accountstatus FROM groups a,accounts b WHERE b.`user_id`='5d77b126ddf738.97883465' AND b.accountstatus!='active' group by b.`account_id`

[2019-12-13 08:15:08]	[INFO][ws_an_accounts.php]		Array
[2019-12-13 08:15:08]	[INFO][ws_an_accounts.php]		[{"user_id":"5d77b126ddf738.97883465","account_id":"115","accountname":"","date":"2019-09-16","accountstatus":"inactive"}]
[2019-12-13 08:15:26]	[INFO][ws_an_accounts.php]		1
[2019-12-13 08:15:26]	[INFO][ws_an_accounts.php]		SELECT  b.user_id,a.account_id,b.accountname,b.date,b.accountstatus FROM  groups a,accounts b WHERE  a.`account_id`=b.account_id AND a.`added_user_id`='62' group by a.account_id
[2019-12-13 08:15:26]	[INFO][ws_an_accounts.php]		13
[2019-12-13 08:15:26]	[INFO][ws_an_accounts.php]		SELECT b.user_id,b.account_id,b.accountname,b.date,b.accountstatus FROM groups a,accounts b WHERE b.`user_id`='5d77b126ddf738.97883465' AND b.accountstatus!='active' group by b.`account_id`

[2019-12-13 08:15:26]	[INFO][ws_an_accounts.php]		SELECT b.user_id,b.account_id,b.accountname,b.date,b.accountstatus FROM groups a,accounts b WHERE b.`user_id`='5d77b126ddf738.97883465' AND b.accountstatus!='active' group by b.`account_id`

[2019-12-13 08:15:26]	[INFO][ws_an_accounts.php]		Array
[2019-12-13 08:15:26]	[INFO][ws_an_accounts.php]		[{"user_id":"5d77b126ddf738.97883465","account_id":"115","accountname":"","date":"2019-09-16","accountstatus":"inactive"}]
[2019-12-13 09:10:41]	[INFO][ws_an_accounts.php]		13
[2019-12-13 09:10:41]	[INFO][ws_an_accounts.php]		1
[2019-12-13 09:10:41]	[INFO][ws_an_accounts.php]		SELECT b.user_id,b.account_id,b.accountname,b.date,b.accountstatus FROM groups a,accounts b WHERE b.`user_id`='5d77b126ddf738.97883465' AND b.accountstatus!='active' group by b.`account_id`

[2019-12-13 09:10:41]	[INFO][ws_an_accounts.php]		SELECT  b.user_id,a.account_id,b.accountname,b.date,b.accountstatus FROM  groups a,accounts b WHERE  a.`account_id`=b.account_id AND a.`added_user_id`='62' group by a.account_id
[2019-12-13 09:10:41]	[INFO][ws_an_accounts.php]		SELECT b.user_id,b.account_id,b.accountname,b.date,b.accountstatus FROM groups a,accounts b WHERE b.`user_id`='5d77b126ddf738.97883465' AND b.accountstatus!='active' group by b.`account_id`

[2019-12-13 09:10:41]	[INFO][ws_an_accounts.php]		Array
[2019-12-13 09:10:41]	[INFO][ws_an_accounts.php]		[{"user_id":"5d77b126ddf738.97883465","account_id":"115","accountname":"","date":"2019-09-16","accountstatus":"inactive"}]
[2019-12-13 09:10:47]	[INFO][ws_an_accounts.php]		1
[2019-12-13 09:10:47]	[INFO][ws_an_accounts.php]		SELECT  b.user_id,a.account_id,b.accountname,b.date,b.accountstatus FROM  groups a,accounts b WHERE  a.`account_id`=b.account_id AND a.`added_user_id`='62' group by a.account_id
[2019-12-13 09:10:47]	[INFO][ws_an_accounts.php]		13
[2019-12-13 09:10:47]	[INFO][ws_an_accounts.php]		SELECT b.user_id,b.account_id,b.accountname,b.date,b.accountstatus FROM groups a,accounts b WHERE b.`user_id`='5d77b126ddf738.97883465' AND b.accountstatus!='active' group by b.`account_id`

[2019-12-13 09:10:47]	[INFO][ws_an_accounts.php]		SELECT b.user_id,b.account_id,b.accountname,b.date,b.accountstatus FROM groups a,accounts b WHERE b.`user_id`='5d77b126ddf738.97883465' AND b.accountstatus!='active' group by b.`account_id`

[2019-12-13 09:10:47]	[INFO][ws_an_accounts.php]		Array
[2019-12-13 09:10:47]	[INFO][ws_an_accounts.php]		[{"user_id":"5d77b126ddf738.97883465","account_id":"115","accountname":"","date":"2019-09-16","accountstatus":"inactive"}]
[2019-12-13 09:11:19]	[INFO][ws_an_accounts.php]		13
[2019-12-13 09:11:19]	[INFO][ws_an_accounts.php]		1
[2019-12-13 09:11:19]	[INFO][ws_an_accounts.php]		SELECT b.user_id,b.account_id,b.accountname,b.date,b.accountstatus FROM groups a,accounts b WHERE b.`user_id`='5d77b126ddf738.97883465' AND b.accountstatus!='active' group by b.`account_id`

[2019-12-13 09:11:19]	[INFO][ws_an_accounts.php]		SELECT  b.user_id,a.account_id,b.accountname,b.date,b.accountstatus FROM  groups a,accounts b WHERE  a.`account_id`=b.account_id AND a.`added_user_id`='62' group by a.account_id
[2019-12-13 09:11:19]	[INFO][ws_an_accounts.php]		SELECT b.user_id,b.account_id,b.accountname,b.date,b.accountstatus FROM groups a,accounts b WHERE b.`user_id`='5d77b126ddf738.97883465' AND b.accountstatus!='active' group by b.`account_id`

[2019-12-13 09:11:19]	[INFO][ws_an_accounts.php]		Array
[2019-12-13 09:11:19]	[INFO][ws_an_accounts.php]		[{"user_id":"5d77b126ddf738.97883465","account_id":"115","accountname":"","date":"2019-09-16","accountstatus":"inactive"}]
[2019-12-13 10:37:17]	[INFO][ws_an_accounts.php]		1
[2019-12-13 10:37:17]	[INFO][ws_an_accounts.php]		SELECT  b.user_id,a.account_id,b.accountname,b.date,b.accountstatus FROM  groups a,accounts b WHERE  a.`account_id`=b.account_id AND a.`added_user_id`='23' group by a.account_id
[2019-12-13 10:37:17]	[INFO][ws_an_accounts.php]		13
[2019-12-13 10:37:17]	[INFO][ws_an_accounts.php]		SELECT b.user_id,b.account_id,b.accountname,b.date,b.accountstatus FROM groups a,accounts b WHERE b.`user_id`='5c55c147da41c7.55832406' AND b.accountstatus!='active' group by b.`account_id`

[2019-12-13 10:37:17]	[INFO][ws_an_accounts.php]		SELECT b.user_id,b.account_id,b.accountname,b.date,b.accountstatus FROM groups a,accounts b WHERE b.`user_id`='5c55c147da41c7.55832406' AND b.accountstatus!='active' group by b.`account_id`

[2019-12-13 10:37:17]	[INFO][ws_an_accounts.php]		null
[2019-12-13 10:37:51]	[INFO][ws_an_accounts.php]		4
[2019-12-13 10:37:51]	[INFO][ws_an_accounts.php]		INSERT INTO `accounts`(`user_id`, `currcode`, `accountname`, `date`, `accountstatus`) VALUES ('5c55c147da41c7.55832406','INR','uma','2019-12-13','active')
[2019-12-13 10:37:53]	[INFO][ws_an_accounts.php]		1
[2019-12-13 10:37:53]	[INFO][ws_an_accounts.php]		SELECT  b.user_id,a.account_id,b.accountname,b.date,b.accountstatus FROM  groups a,accounts b WHERE  a.`account_id`=b.account_id AND a.`added_user_id`='23' group by a.account_id
