[2019-12-05 08:13:18]	[INFO][ws_an_device_confirm.php]		62
[2019-12-05 08:13:18]	[INFO][ws_an_device_confirm.php]		UKBM5ARFBWHYQSWJ
[2019-12-05 08:13:18]	[INFO][ws_an_device_confirm.php]		areef222sayad@gmail.com
[2019-12-05 08:13:18]	[INFO][ws_an_device_confirm.php]		https://chart.googleapis.com/chart?chs=200x200&chld=M|0&cht=qr&chl=otpauth%3A%2F%2Ftotp%2Fareef222sayad%40gmail.com%3Fsecret%3DUKBM5ARFBWHYQSWJ%26issuer%3DDailyRoll%2BApp
[2019-12-05 08:13:18]	[INFO][ws_an_device_confirm.php]		{"qrcode":"https:\/\/chart.googleapis.com\/chart?chs=200x200&chld=M|0&cht=qr&chl=otpauth%3A%2F%2Ftotp%2Fareef222sayad%40gmail.com%3Fsecret%3DUKBM5ARFBWHYQSWJ%26issuer%3DDailyRoll%2BApp"}
[2019-12-05 08:13:20]	[INFO][ws_an_device_confirm.php]		62
[2019-12-05 08:13:20]	[INFO][ws_an_device_confirm.php]		UKBM5ARFBWHYQSWJ
[2019-12-05 08:13:20]	[INFO][ws_an_device_confirm.php]		areef222sayad@gmail.com
[2019-12-05 08:13:20]	[INFO][ws_an_device_confirm.php]		https://chart.googleapis.com/chart?chs=200x200&chld=M|0&cht=qr&chl=otpauth%3A%2F%2Ftotp%2Fareef222sayad%40gmail.com%3Fsecret%3DUKBM5ARFBWHYQSWJ%26issuer%3DDailyRoll%2BApp
[2019-12-05 08:13:20]	[INFO][ws_an_device_confirm.php]		{"qrcode":"https:\/\/chart.googleapis.com\/chart?chs=200x200&chld=M|0&cht=qr&chl=otpauth%3A%2F%2Ftotp%2Fareef222sayad%40gmail.com%3Fsecret%3DUKBM5ARFBWHYQSWJ%26issuer%3DDailyRoll%2BApp"}
[2019-12-05 08:13:53]	[INFO][ws_an_device_confirm.php]		62
[2019-12-05 08:13:53]	[INFO][ws_an_device_confirm.php]		491689
[2019-12-05 08:13:53]	[INFO][ws_an_device_confirm.php]		UKBM5ARFBWHYQSWJ
[2019-12-05 08:13:54]	[INFO][ws_an_dashboard.php]		2
[2019-12-05 08:13:54]	[INFO][ws_an_dashboard.php]		SELECT subcat_id,SUM(amount) as expenses  FROM `expenses` WHERE `account_id`='142'GROUP BY `subcat_id`
[2019-12-05 08:13:54]	[INFO][ws_an_dashboard.php]		1
[2019-12-05 08:13:54]	[INFO][ws_an_dashboard.php]		SELECT SUM(amount) as expenses  FROM `expenses` WHERE `account_id`='142'
[2019-12-05 08:13:54]	[INFO][ws_an_dashboard.php]		SELECT  SUM(income_amount) as income  FROM `income` WHERE  `account_id`='142'
[2019-12-05 08:13:54]	[INFO][ws_an_dashboard.php]		0
[2019-12-05 08:13:54]	[INFO][ws_an_dashboard.php]		0
[2019-12-05 08:13:54]	[INFO][ws_an_dashboard.php]		1
[2019-12-05 08:13:54]	[INFO][ws_an_dashboard.php]		Array
[2019-12-05 08:13:54]	[INFO][ws_an_dashboard.php]		2
[2019-12-05 08:13:54]	[INFO][ws_an_dashboard.php]		Array
[2019-12-05 08:13:54]	[INFO][ws_an_dashboard.php]		[{"value":"0","label":"Expenses"},{"value":"0","label":"Income"}]
[2019-12-05 08:19:43]	[INFO][ws_an_device_confirm.php]		62
[2019-12-05 08:19:43]	[INFO][ws_an_device_confirm.php]		UKBM5ARFBWHYQSWJ
[2019-12-05 08:19:43]	[INFO][ws_an_device_confirm.php]		areef222sayad@gmail.com
[2019-12-05 08:19:43]	[INFO][ws_an_device_confirm.php]		https://chart.googleapis.com/chart?chs=200x200&chld=M|0&cht=qr&chl=otpauth%3A%2F%2Ftotp%2Fareef222sayad%40gmail.com%3Fsecret%3DUKBM5ARFBWHYQSWJ%26issuer%3DDailyRoll%2BApp
[2019-12-05 08:19:43]	[INFO][ws_an_device_confirm.php]		{"qrcode":"https:\/\/chart.googleapis.com\/chart?chs=200x200&chld=M|0&cht=qr&chl=otpauth%3A%2F%2Ftotp%2Fareef222sayad%40gmail.com%3Fsecret%3DUKBM5ARFBWHYQSWJ%26issuer%3DDailyRoll%2BApp"}
[2019-12-05 08:19:45]	[INFO][ws_an_device_confirm.php]		62
[2019-12-05 08:19:45]	[INFO][ws_an_device_confirm.php]		UKBM5ARFBWHYQSWJ
[2019-12-05 08:19:45]	[INFO][ws_an_device_confirm.php]		areef222sayad@gmail.com
[2019-12-05 08:19:45]	[INFO][ws_an_device_confirm.php]		https://chart.googleapis.com/chart?chs=200x200&chld=M|0&cht=qr&chl=otpauth%3A%2F%2Ftotp%2Fareef222sayad%40gmail.com%3Fsecret%3DUKBM5ARFBWHYQSWJ%26issuer%3DDailyRoll%2BApp
[2019-12-05 08:19:45]	[INFO][ws_an_device_confirm.php]		{"qrcode":"https:\/\/chart.googleapis.com\/chart?chs=200x200&chld=M|0&cht=qr&chl=otpauth%3A%2F%2Ftotp%2Fareef222sayad%40gmail.com%3Fsecret%3DUKBM5ARFBWHYQSWJ%26issuer%3DDailyRoll%2BApp"}
[2019-12-05 08:20:09]	[INFO][ws_an_device_confirm.php]		62
[2019-12-05 08:20:09]	[INFO][ws_an_device_confirm.php]		100755
[2019-12-05 08:20:09]	[INFO][ws_an_device_confirm.php]		UKBM5ARFBWHYQSWJ
[2019-12-05 08:20:14]	[INFO][ws_an_dashboard.php]		1
[2019-12-05 08:20:14]	[INFO][ws_an_dashboard.php]		SELECT SUM(amount) as expenses  FROM `expenses` WHERE `account_id`='142'
[2019-12-05 08:20:14]	[INFO][ws_an_dashboard.php]		SELECT  SUM(income_amount) as income  FROM `income` WHERE  `account_id`='142'
[2019-12-05 08:20:14]	[INFO][ws_an_dashboard.php]		0
[2019-12-05 08:20:14]	[INFO][ws_an_dashboard.php]		0
[2019-12-05 08:20:14]	[INFO][ws_an_dashboard.php]		1
[2019-12-05 08:20:14]	[INFO][ws_an_dashboard.php]		Array
[2019-12-05 08:20:14]	[INFO][ws_an_dashboard.php]		2
[2019-12-05 08:20:14]	[INFO][ws_an_dashboard.php]		Array
subcat_id,SUM(amount) as expenses  FROM `expenses` WHERE `account_id`='142'GROUP BY `subcat_id`
[2019-12-05 08:20:14]	[INFO][ws_an_dashboard.php]		[{"value":"0","label":"Expenses"},{"value":"0","label":"Income"}]
[2019-12-05 08:32:45]	[INFO][ws_an_dashboard.php]		1
[2019-12-05 08:32:45]	[INFO][ws_an_dashboard.php]		SELECT SUM(amount) as expenses  FROM `expenses` WHERE `account_id`='142'
[2019-12-05 08:32:45]	[INFO][ws_an_dashboard.php]		SELECT  SUM(income_amount) as income  FROM `income` WHERE  `account_id`='142'
[2019-12-05 08:32:45]	[INFO][ws_an_dashboard.php]		0
[2019-12-05 08:32:45]	[INFO][ws_an_dashboard.php]		0
[2019-12-05 08:32:45]	[INFO][ws_an_dashboard.php]		1
[2019-12-05 08:32:45]	[INFO][ws_an_dashboard.php]		Array
[2019-12-05 08:32:45]	[INFO][ws_an_dashboard.php]		2
[2019-12-05 08:32:45]	[INFO][ws_an_dashboard.php]		Array
[2019-12-05 08:32:45]	[INFO][ws_an_dashboard.php]		[{"value":"0","label":"Expenses"},{"value":"0","label":"Income"}]
[2019-12-05 08:32:45]	[INFO][ws_an_dashboard.php]		2
[2019-12-05 08:32:45]	[INFO][ws_an_dashboard.php]		SELECT subcat_id,SUM(amount) as expenses  FROM `expenses` WHERE `account_id`='142'GROUP BY `subcat_id`
[2019-12-05 08:33:32]	[INFO][ws_an_device_confirm.php]		62
[2019-12-05 08:33:32]	[INFO][ws_an_device_confirm.php]		UKBM5ARFBWHYQSWJ
[2019-12-05 08:33:32]	[INFO][ws_an_device_confirm.php]		areef222sayad@gmail.com
[2019-12-05 08:33:32]	[INFO][ws_an_device_confirm.php]		https://chart.googleapis.com/chart?chs=200x200&chld=M|0&cht=qr&chl=otpauth%3A%2F%2Ftotp%2Fareef222sayad%40gmail.com%3Fsecret%3DUKBM5ARFBWHYQSWJ%26issuer%3DDailyRoll%2BApp
[2019-12-05 08:33:32]	[INFO][ws_an_device_confirm.php]		{"qrcode":"https:\/\/chart.googleapis.com\/chart?chs=200x200&chld=M|0&cht=qr&chl=otpauth%3A%2F%2Ftotp%2Fareef222sayad%40gmail.com%3Fsecret%3DUKBM5ARFBWHYQSWJ%26issuer%3DDailyRoll%2BApp"}
[2019-12-05 08:33:34]	[INFO][ws_an_device_confirm.php]		62
[2019-12-05 08:33:34]	[INFO][ws_an_device_confirm.php]		UKBM5ARFBWHYQSWJ
[2019-12-05 08:33:34]	[INFO][ws_an_device_confirm.php]		areef222sayad@gmail.com
[2019-12-05 08:33:34]	[INFO][ws_an_device_confirm.php]		https://chart.googleapis.com/chart?chs=200x200&chld=M|0&cht=qr&chl=otpauth%3A%2F%2Ftotp%2Fareef222sayad%40gmail.com%3Fsecret%3DUKBM5ARFBWHYQSWJ%26issuer%3DDailyRoll%2BApp
[2019-12-05 08:33:34]	[INFO][ws_an_device_confirm.php]		{"qrcode":"https:\/\/chart.googleapis.com\/chart?chs=200x200&chld=M|0&cht=qr&chl=otpauth%3A%2F%2Ftotp%2Fareef222sayad%40gmail.com%3Fsecret%3DUKBM5ARFBWHYQSWJ%26issuer%3DDailyRoll%2BApp"}
[2019-12-05 08:34:01]	[INFO][ws_an_device_confirm.php]		62
[2019-12-05 08:34:01]	[INFO][ws_an_device_confirm.php]		160879
[2019-12-05 08:34:01]	[INFO][ws_an_device_confirm.php]		UKBM5ARFBWHYQSWJ
[2019-12-05 08:34:03]	[INFO][ws_an_dashboard.php]		1
[2019-12-05 08:34:03]	[INFO][ws_an_dashboard.php]		2
[2019-12-05 08:34:03]	[INFO][ws_an_dashboard.php]		SELECT SUM(amount) as expenses  FROM `expenses` WHERE `account_id`='142'
[2019-12-05 08:34:03]	[INFO][ws_an_dashboard.php]		SELECT subcat_id,SUM(amount) as expenses  FROM `expenses` WHERE `account_id`='142'GROUP BY `subcat_id`
[2019-12-05 08:34:03]	[INFO][ws_an_dashboard.php]		SELECT  SUM(income_amount) as income  FROM `income` WHERE  `account_id`='142'
[2019-12-05 08:34:03]	[INFO][ws_an_dashboard.php]		0
[2019-12-05 08:34:03]	[INFO][ws_an_dashboard.php]		0
[2019-12-05 08:34:03]	[INFO][ws_an_dashboard.php]		1
[2019-12-05 08:34:03]	[INFO][ws_an_dashboard.php]		Array
[2019-12-05 08:34:03]	[INFO][ws_an_dashboard.php]		2
[2019-12-05 08:34:03]	[INFO][ws_an_dashboard.php]		Array
[2019-12-05 08:34:03]	[INFO][ws_an_dashboard.php]		[{"value":"0","label":"Expenses"},{"value":"0","label":"Income"}]
[2019-12-05 08:35:11]	[INFO][ws_an_dashboard.php]		2
[2019-12-05 08:35:11]	[INFO][ws_an_dashboard.php]		SELECT subcat_id,SUM(amount) as expenses  FROM `expenses` WHERE `account_id`='142'GROUP BY `subcat_id`
[2019-12-05 08:35:11]	[INFO][ws_an_dashboard.php]		1
[2019-12-05 08:35:11]	[INFO][ws_an_dashboard.php]		SELECT SUM(amount) as expenses  FROM `expenses` WHERE `account_id`='142'
[2019-12-05 08:35:11]	[INFO][ws_an_dashboard.php]		SELECT  SUM(income_amount) as income  FROM `income` WHERE  `account_id`='142'
[2019-12-05 08:35:11]	[INFO][ws_an_dashboard.php]		0
[2019-12-05 08:35:11]	[INFO][ws_an_dashboard.php]		0
[2019-12-05 08:35:11]	[INFO][ws_an_dashboard.php]		1
[2019-12-05 08:35:11]	[INFO][ws_an_dashboard.php]		Array
[2019-12-05 08:35:11]	[INFO][ws_an_dashboard.php]		2
[2019-12-05 08:35:11]	[INFO][ws_an_dashboard.php]		Array
[2019-12-05 08:35:11]	[INFO][ws_an_dashboard.php]		[{"value":"0","label":"Expenses"},{"value":"0","label":"Income"}]
[2019-12-05 08:35:17]	[INFO][ws_an_dashboard.php]		2
[2019-12-05 08:35:17]	[INFO][ws_an_dashboard.php]		SELECT subcat_id,SUM(amount) as expenses  FROM `expenses` WHERE `account_id`='132'GROUP BY `subcat_id`
[2019-12-05 08:35:17]	[INFO][ws_an_dashboard.php]		1
[2019-12-05 08:35:17]	[INFO][ws_an_dashboard.php]		SELECT SUM(amount) as expenses  FROM `expenses` WHERE `account_id`='132'
[2019-12-05 08:35:17]	[INFO][ws_an_dashboard.php]		SELECT  SUM(income_amount) as income  FROM `income` WHERE  `account_id`='132'
[2019-12-05 08:35:17]	[INFO][ws_an_dashboard.php]		10500
[2019-12-05 08:35:17]	[INFO][ws_an_dashboard.php]		15500
[2019-12-05 08:35:17]	[INFO][ws_an_dashboard.php]		1
[2019-12-05 08:35:17]	[INFO][ws_an_dashboard.php]		Array
[2019-12-05 08:35:17]	[INFO][ws_an_dashboard.php]		2
[2019-12-05 08:35:17]	[INFO][ws_an_dashboard.php]		Array
[2019-12-05 08:35:17]	[INFO][ws_an_dashboard.php]		[{"value":"10500","label":"Expenses"},{"value":"15500","label":"Income"}]
[2019-12-05 08:35:21]	[INFO][ws_an_dashboard.php]		1
[2019-12-05 08:35:21]	[INFO][ws_an_dashboard.php]		2
[2019-12-05 08:35:21]	[INFO][ws_an_dashboard.php]		SELECT SUM(amount) as expenses  FROM `expenses` WHERE  `account_id`='132'
[2019-12-05 08:35:21]	[INFO][ws_an_dashboard.php]		SELECT subcat_id,SUM(amount) as expenses FROM `expenses` WHERE  `account_id` ='132'GROUP BY `subcat_id`
[2019-12-05 08:35:21]	[INFO][ws_an_dashboard.php]		SELECT  SUM(income_amount) as income  FROM `income` WHERE  `account_id`='132'
[2019-12-05 08:35:21]	[INFO][ws_an_dashboard.php]		10500
[2019-12-05 08:35:21]	[INFO][ws_an_dashboard.php]		15500
[2019-12-05 08:35:21]	[INFO][ws_an_dashboard.php]		1
[2019-12-05 08:35:21]	[INFO][ws_an_dashboard.php]		Array
[2019-12-05 08:35:21]	[INFO][ws_an_dashboard.php]		2
[2019-12-05 08:35:21]	[INFO][ws_an_dashboard.php]		Array
[2019-12-05 08:35:21]	[INFO][ws_an_dashboard.php]		[{"value":"10500","label":"Expenses"},{"value":"15500","label":"Income"}]
[2019-12-05 13:48:11]	[INFO][ws_an_device_confirm.php]		62
[2019-12-05 13:48:11]	[INFO][ws_an_device_confirm.php]		UKBM5ARFBWHYQSWJ
[2019-12-05 13:48:11]	[INFO][ws_an_device_confirm.php]		areef222sayad@gmail.com
[2019-12-05 13:48:11]	[INFO][ws_an_device_confirm.php]		https://chart.googleapis.com/chart?chs=200x200&chld=M|0&cht=qr&chl=otpauth%3A%2F%2Ftotp%2Fareef222sayad%40gmail.com%3Fsecret%3DUKBM5ARFBWHYQSWJ%26issuer%3DDailyRoll%2BApp
[2019-12-05 13:48:11]	[INFO][ws_an_device_confirm.php]		{"qrcode":"https:\/\/chart.googleapis.com\/chart?chs=200x200&chld=M|0&cht=qr&chl=otpauth%3A%2F%2Ftotp%2Fareef222sayad%40gmail.com%3Fsecret%3DUKBM5ARFBWHYQSWJ%26issuer%3DDailyRoll%2BApp"}
[2019-12-05 13:48:16]	[INFO][ws_an_device_confirm.php]		62
[2019-12-05 13:48:16]	[INFO][ws_an_device_confirm.php]		UKBM5ARFBWHYQSWJ
[2019-12-05 13:48:16]	[INFO][ws_an_device_confirm.php]		areef222sayad@gmail.com
[2019-12-05 13:48:16]	[INFO][ws_an_device_confirm.php]		https://chart.googleapis.com/chart?chs=200x200&chld=M|0&cht=qr&chl=otpauth%3A%2F%2Ftotp%2Fareef222sayad%40gmail.com%3Fsecret%3DUKBM5ARFBWHYQSWJ%26issuer%3DDailyRoll%2BApp
[2019-12-05 13:48:16]	[INFO][ws_an_device_confirm.php]		{"qrcode":"https:\/\/chart.googleapis.com\/chart?chs=200x200&chld=M|0&cht=qr&chl=otpauth%3A%2F%2Ftotp%2Fareef222sayad%40gmail.com%3Fsecret%3DUKBM5ARFBWHYQSWJ%26issuer%3DDailyRoll%2BApp"}
[2019-12-05 13:48:17]	[INFO][ws_an_device_confirm.php]		
[2019-12-05 13:48:17]	[INFO][ws_an_device_confirm.php]		https://chart.googleapis.com/chart?chs=200x200&chld=M|0&cht=qr&chl=otpauth%3A%2F%2Ftotp%2Fareef222sayad%40gmail.com%3Fsecret%3DUKBM5ARFBWHYQSWJ%26issuer%3DDailyRoll%2BApp
[2019-12-05 13:48:36]	[INFO][ws_an_device_confirm.php]		62
[2019-12-05 13:48:36]	[INFO][ws_an_device_confirm.php]		UKBM5ARFBWHYQSWJ
[2019-12-05 13:48:36]	[INFO][ws_an_device_confirm.php]		areef222sayad@gmail.com
[2019-12-05 13:48:36]	[INFO][ws_an_device_confirm.php]		https://chart.googleapis.com/chart?chs=200x200&chld=M|0&cht=qr&chl=otpauth%3A%2F%2Ftotp%2Fareef222sayad%40gmail.com%3Fsecret%3DUKBM5ARFBWHYQSWJ%26issuer%3DDailyRoll%2BApp
[2019-12-05 13:48:36]	[INFO][ws_an_device_confirm.php]		{"qrcode":"https:\/\/chart.googleapis.com\/chart?chs=200x200&chld=M|0&cht=qr&chl=otpauth%3A%2F%2Ftotp%2Fareef222sayad%40gmail.com%3Fsecret%3DUKBM5ARFBWHYQSWJ%26issuer%3DDailyRoll%2BApp"}
[2019-12-05 13:48:37]	[INFO][ws_an_device_confirm.php]		62
[2019-12-05 13:48:37]	[INFO][ws_an_device_confirm.php]		UKBM5ARFBWHYQSWJ
[2019-12-05 13:48:37]	[INFO][ws_an_device_confirm.php]		areef222sayad@gmail.com
[2019-12-05 13:48:37]	[INFO][ws_an_device_confirm.php]		https://chart.googleapis.com/chart?chs=200x200&chld=M|0&cht=qr&chl=otpauth%3A%2F%2Ftotp%2Fareef222sayad%40gmail.com%3Fsecret%3DUKBM5ARFBWHYQSWJ%26issuer%3DDailyRoll%2BApp
[2019-12-05 13:48:37]	[INFO][ws_an_device_confirm.php]		{"qrcode":"https:\/\/chart.googleapis.com\/chart?chs=200x200&chld=M|0&cht=qr&chl=otpauth%3A%2F%2Ftotp%2Fareef222sayad%40gmail.com%3Fsecret%3DUKBM5ARFBWHYQSWJ%26issuer%3DDailyRoll%2BApp"}
[2019-12-05 13:49:36]	[INFO][ws_an_device_confirm.php]		62
[2019-12-05 13:49:36]	[INFO][ws_an_device_confirm.php]		936681
[2019-12-05 13:49:36]	[INFO][ws_an_device_confirm.php]		UKBM5ARFBWHYQSWJ
[2019-12-05 13:49:43]	[INFO][ws_an_device_confirm.php]		62
[2019-12-05 13:49:43]	[INFO][ws_an_device_confirm.php]		UKBM5ARFBWHYQSWJ
[2019-12-05 13:49:43]	[INFO][ws_an_device_confirm.php]		areef222sayad@gmail.com
[2019-12-05 13:49:43]	[INFO][ws_an_device_confirm.php]		https://chart.googleapis.com/chart?chs=200x200&chld=M|0&cht=qr&chl=otpauth%3A%2F%2Ftotp%2Fareef222sayad%40gmail.com%3Fsecret%3DUKBM5ARFBWHYQSWJ%26issuer%3DDailyRoll%2BApp
[2019-12-05 13:49:43]	[INFO][ws_an_device_confirm.php]		{"qrcode":"https:\/\/chart.googleapis.com\/chart?chs=200x200&chld=M|0&cht=qr&chl=otpauth%3A%2F%2Ftotp%2Fareef222sayad%40gmail.com%3Fsecret%3DUKBM5ARFBWHYQSWJ%26issuer%3DDailyRoll%2BApp"}
[2019-12-05 13:49:51]	[INFO][ws_an_device_confirm.php]		62
[2019-12-05 13:49:51]	[INFO][ws_an_device_confirm.php]		226776
[2019-12-05 13:49:51]	[INFO][ws_an_device_confirm.php]		UKBM5ARFBWHYQSWJ
[2019-12-05 13:49:53]	[INFO][ws_an_dashboard.php]		1
[2019-12-05 13:49:53]	[INFO][ws_an_dashboard.php]		2
[2019-12-05 13:49:53]	[INFO][ws_an_dashboard.php]		SELECT SUM(amount) as expenses  FROM `expenses` WHERE `account_id`='143'
[2019-12-05 13:49:53]	[INFO][ws_an_dashboard.php]		SELECT subcat_id,SUM(amount) as expenses  FROM `expenses` WHERE `account_id`='143'GROUP BY `subcat_id`
[2019-12-05 13:49:53]	[INFO][ws_an_dashboard.php]		SELECT  SUM(income_amount) as income  FROM `income` WHERE  `account_id`='143'
[2019-12-05 13:49:53]	[INFO][ws_an_dashboard.php]		500
[2019-12-05 13:49:53]	[INFO][ws_an_dashboard.php]		0
[2019-12-05 13:49:53]	[INFO][ws_an_dashboard.php]		1
[2019-12-05 13:49:53]	[INFO][ws_an_dashboard.php]		Array
[2019-12-05 13:49:53]	[INFO][ws_an_dashboard.php]		2
[2019-12-05 13:49:53]	[INFO][ws_an_dashboard.php]		Array
[2019-12-05 13:49:53]	[INFO][ws_an_dashboard.php]		[{"value":"500","label":"Expenses"},{"value":"0","label":"Income"}]
