[2019-12-18 04:27:18]	[INFO][ws_an_getdropdown.php]		1
[2019-12-18 04:27:18]	[INFO][ws_an_getdropdown.php]		SELECT * FROM  groups  WHERE  `account_status`='active'  and group_status ='Y' and userstatus ='active' and `added_user_id`='76' and  usertype = 'writeonly' group by account_id
[2019-12-18 04:27:18]	[INFO][ws_an_getdropdown.php]		[{"account_id":"152","user_id":"5df9effd9b6ed6.63000633","currcode":"","freezedate":"0000-00-00","accountname":"family","date":"2019-12-18","accountstatus":"active"}]
[2019-12-18 04:28:31]	[INFO][ws_an_getdropdown.php]		1
[2019-12-18 04:28:31]	[INFO][ws_an_getdropdown.php]		SELECT * FROM  groups  WHERE  `account_status`='active'  and group_status ='Y' and userstatus ='active' and `added_user_id`='76' and  usertype = 'writeonly' group by account_id
[2019-12-18 04:28:31]	[INFO][ws_an_getdropdown.php]		[{"account_id":"152","user_id":"5df9effd9b6ed6.63000633","currcode":"","freezedate":"0000-00-00","accountname":"family","date":"2019-12-18","accountstatus":"active"}]
[2019-12-18 04:29:07]	[INFO][ws_an_getdropdown.php]		1
[2019-12-18 04:29:07]	[INFO][ws_an_getdropdown.php]		SELECT * FROM  groups  WHERE  `account_status`='active'  and group_status ='Y' and userstatus ='active' and `added_user_id`='76' and  usertype = 'writeonly' group by account_id
[2019-12-18 04:29:07]	[INFO][ws_an_getdropdown.php]		[{"account_id":"152","user_id":"5df9effd9b6ed6.63000633","currcode":"","freezedate":"0000-00-00","accountname":"family","date":"2019-12-18","accountstatus":"active"}]
[2019-12-18 04:29:07]	[INFO][ws_an_getdropdown.php]		10
[2019-12-18 04:29:07]	[INFO][ws_an_getdropdown.php]		SELECT * FROM  groups  WHERE  `account_status`='active'  and group_status ='Y' and userstatus ='active' and `added_user_id`='76'  group by account_id
[2019-12-18 04:29:07]	[INFO][ws_an_getdropdown.php]		[{"account_id":"152","user_id":"5df9effd9b6ed6.63000633","currcode":"","freezedate":"0000-00-00","accountname":"family","date":"2019-12-18","accountstatus":"active"}]
[2019-12-18 04:33:59]	[INFO][ws_an_getdropdown.php]		9
[2019-12-18 04:33:59]	[INFO][ws_an_getdropdown.php]		SELECT * FROM  groups a, accounts b   WHERE  a.account_id = b.account_id and b.user_id='5df9effd9b6ed6.63000633' and a.`account_status`='active'  and a.group_status ='Y' and a.userstatus ='active' and a.`added_user_id`='76' group by a.account_id
[2019-12-18 04:33:59]	[INFO][ws_an_getdropdown.php]		[{"account_id":"152","user_id":"5df9effd9b6ed6.63000633","currcode":"","freezedate":"0000-00-00","accountname":"family","date":"2019-12-18","accountstatus":"active"},{"account_id":"153","user_id":"5df9effd9b6ed6.63000633","currcode":"INR","freezedate":"0000-00-00","accountname":"room maintence","date":"2019-12-18","accountstatus":"active"}]
[2019-12-18 04:41:06]	[INFO][ws_an_getdropdown.php]		10
[2019-12-18 04:41:06]	[INFO][ws_an_getdropdown.php]		1
[2019-12-18 04:41:06]	[INFO][ws_an_getdropdown.php]		SELECT * FROM  groups  WHERE  `account_status`='active'  and group_status ='Y' and userstatus ='active' and `added_user_id`='76'  group by account_id
[2019-12-18 04:41:06]	[INFO][ws_an_getdropdown.php]		SELECT * FROM  groups  WHERE  `account_status`='active'  and group_status ='Y' and userstatus ='active' and `added_user_id`='76' and  usertype = 'writeonly' group by account_id
[2019-12-18 04:41:06]	[INFO][ws_an_getdropdown.php]		[{"account_id":"152","user_id":"5df9effd9b6ed6.63000633","currcode":"","freezedate":"0000-00-00","accountname":"family","date":"2019-12-18","accountstatus":"active"},{"account_id":"153","user_id":"5df9effd9b6ed6.63000633","currcode":"INR","freezedate":"0000-00-00","accountname":"room maintence","date":"2019-12-18","accountstatus":"active"}]
[2019-12-18 04:41:06]	[INFO][ws_an_getdropdown.php]		[{"account_id":"152","user_id":"5df9effd9b6ed6.63000633","currcode":"","freezedate":"0000-00-00","accountname":"family","date":"2019-12-18","accountstatus":"active"},{"account_id":"153","user_id":"5df9effd9b6ed6.63000633","currcode":"INR","freezedate":"0000-00-00","accountname":"room maintence","date":"2019-12-18","accountstatus":"active"}]
[2019-12-18 04:41:18]	[INFO][ws_an_getdropdown.php]		2
[2019-12-18 04:41:18]	[INFO][ws_an_getdropdown.php]		SELECT * FROM `category` WHERE `account_id`='153' AND `cat_type`='expenses' and status ='active'
[2019-12-18 04:41:18]	[INFO][ws_an_getdropdown.php]		[{"cat_id":"513","cat_name":"roomrent"},{"cat_id":"514","cat_name":"wifibill"},{"cat_id":"515","cat_name":"waterbill"}]
[2019-12-18 04:41:24]	[INFO][ws_an_getdropdown.php]		3
[2019-12-18 04:41:24]	[INFO][ws_an_getdropdown.php]		SELECT * FROM `sub_category` WHERE `cat_id`='513' and status ='active'
[2019-12-18 04:41:24]	[INFO][ws_an_getdropdown.php]		Array
[2019-12-18 04:41:24]	[INFO][ws_an_getdropdown.php]		Array
[2019-12-18 04:41:24]	[INFO][ws_an_getdropdown.php]		[{"sub_id":"1121","subcat_name":"monthlyroomrent"},{"sub_id":"1122","subcat_name":"maintencebill"}]
[2019-12-18 04:41:24]	[INFO][ws_an_getdropdown.php]		ending of get subcategory
[2019-12-18 04:41:31]	[INFO][ws_an_getdropdown.php]		6
[2019-12-18 04:41:31]	[INFO][ws_an_getdropdown.php]		SELECT * FROM `sub_category` WHERE `subcat_id`='1121'  and status ='active'
[2019-12-18 04:41:31]	[INFO][ws_an_getdropdown.php]		[{"amount":"5000"}]
[2019-12-18 04:41:31]	[INFO][ws_an_getdropdown.php]		ending of get amount
[2019-12-18 04:42:08]	[INFO][ws_an_getdropdown.php]		2
[2019-12-18 04:42:08]	[INFO][ws_an_getdropdown.php]		SELECT * FROM `category` WHERE `account_id`='153' AND `cat_type`='expenses' and status ='active'
[2019-12-18 04:42:08]	[INFO][ws_an_getdropdown.php]		[{"cat_id":"513","cat_name":"roomrent"},{"cat_id":"514","cat_name":"wifibill"},{"cat_id":"515","cat_name":"waterbill"}]
[2019-12-18 04:42:08]	[INFO][ws_an_getdropdown.php]		3
[2019-12-18 04:42:08]	[INFO][ws_an_getdropdown.php]		SELECT * FROM `sub_category` WHERE `cat_id`='513' and status ='active'
[2019-12-18 04:42:08]	[INFO][ws_an_getdropdown.php]		Array
[2019-12-18 04:42:08]	[INFO][ws_an_getdropdown.php]		Array
[2019-12-18 04:42:08]	[INFO][ws_an_getdropdown.php]		[{"sub_id":"1121","subcat_name":"monthlyroomrent"},{"sub_id":"1122","subcat_name":"maintencebill"}]
[2019-12-18 04:42:08]	[INFO][ws_an_getdropdown.php]		ending of get subcategory
[2019-12-18 04:42:16]	[INFO][ws_an_getdropdown.php]		3
[2019-12-18 04:42:16]	[INFO][ws_an_getdropdown.php]		SELECT * FROM `sub_category` WHERE `cat_id`='513' and status ='active'
[2019-12-18 04:42:16]	[INFO][ws_an_getdropdown.php]		Array
[2019-12-18 04:42:16]	[INFO][ws_an_getdropdown.php]		2
[2019-12-18 04:42:16]	[INFO][ws_an_getdropdown.php]		Array
[2019-12-18 04:42:16]	[INFO][ws_an_getdropdown.php]		[{"sub_id":"1121","subcat_name":"monthlyroomrent"},{"sub_id":"1122","subcat_name":"maintencebill"}]
[2019-12-18 04:42:16]	[INFO][ws_an_getdropdown.php]		SELECT * FROM `category` WHERE `account_id`='153' AND `cat_type`='expenses' and status ='active'
[2019-12-18 04:42:16]	[INFO][ws_an_getdropdown.php]		ending of get subcategory
[2019-12-18 04:42:16]	[INFO][ws_an_getdropdown.php]		[{"cat_id":"513","cat_name":"roomrent"},{"cat_id":"514","cat_name":"wifibill"},{"cat_id":"515","cat_name":"waterbill"}]
[2019-12-18 04:42:36]	[INFO][ws_an_getdropdown.php]		3
[2019-12-18 04:42:36]	[INFO][ws_an_getdropdown.php]		2
[2019-12-18 04:42:36]	[INFO][ws_an_getdropdown.php]		SELECT * FROM `sub_category` WHERE `cat_id`='513' and status ='active'
[2019-12-18 04:42:36]	[INFO][ws_an_getdropdown.php]		Array
[2019-12-18 04:42:36]	[INFO][ws_an_getdropdown.php]		SELECT * FROM `category` WHERE `account_id`='153' AND `cat_type`='expenses' and status ='active'
[2019-12-18 04:42:36]	[INFO][ws_an_getdropdown.php]		[{"cat_id":"513","cat_name":"roomrent"},{"cat_id":"514","cat_name":"wifibill"},{"cat_id":"515","cat_name":"waterbill"}]
[2019-12-18 04:42:36]	[INFO][ws_an_getdropdown.php]		Array
[2019-12-18 04:42:36]	[INFO][ws_an_getdropdown.php]		[{"sub_id":"1121","subcat_name":"monthlyroomrent"},{"sub_id":"1122","subcat_name":"maintencebill"}]
[2019-12-18 04:42:36]	[INFO][ws_an_getdropdown.php]		ending of get subcategory
[2019-12-18 04:42:39]	[INFO][ws_an_getdropdown.php]		6
[2019-12-18 04:42:39]	[INFO][ws_an_getdropdown.php]		SELECT * FROM `sub_category` WHERE `subcat_id`='1121'  and status ='active'
[2019-12-18 04:42:39]	[INFO][ws_an_getdropdown.php]		[{"amount":"5000"}]
[2019-12-18 04:42:39]	[INFO][ws_an_getdropdown.php]		ending of get amount
[2019-12-18 04:42:48]	[INFO][ws_an_getdropdown.php]		3
[2019-12-18 04:42:48]	[INFO][ws_an_getdropdown.php]		2
[2019-12-18 04:42:48]	[INFO][ws_an_getdropdown.php]		SELECT * FROM `sub_category` WHERE `cat_id`='513' and status ='active'
[2019-12-18 04:42:48]	[INFO][ws_an_getdropdown.php]		SELECT * FROM `category` WHERE `account_id`='153' AND `cat_type`='expenses' and status ='active'
[2019-12-18 04:42:48]	[INFO][ws_an_getdropdown.php]		Array
[2019-12-18 04:42:48]	[INFO][ws_an_getdropdown.php]		[{"cat_id":"513","cat_name":"roomrent"},{"cat_id":"514","cat_name":"wifibill"},{"cat_id":"515","cat_name":"waterbill"}]
[2019-12-18 04:42:48]	[INFO][ws_an_getdropdown.php]		Array
[2019-12-18 04:42:48]	[INFO][ws_an_getdropdown.php]		[{"sub_id":"1121","subcat_name":"monthlyroomrent"},{"sub_id":"1122","subcat_name":"maintencebill"}]
[2019-12-18 04:42:48]	[INFO][ws_an_getdropdown.php]		ending of get subcategory
[2019-12-18 04:43:04]	[INFO][ws_an_getdropdown.php]		2
[2019-12-18 04:43:04]	[INFO][ws_an_getdropdown.php]		SELECT * FROM `category` WHERE `account_id`='153' AND `cat_type`='expenses' and status ='active'
[2019-12-18 04:43:04]	[INFO][ws_an_getdropdown.php]		[{"cat_id":"513","cat_name":"roomrent"},{"cat_id":"514","cat_name":"wifibill"},{"cat_id":"515","cat_name":"waterbill"}]
[2019-12-18 04:43:09]	[INFO][ws_an_getdropdown.php]		3
[2019-12-18 04:43:09]	[INFO][ws_an_getdropdown.php]		SELECT * FROM `sub_category` WHERE `cat_id`='514' and status ='active'
[2019-12-18 04:43:09]	[INFO][ws_an_getdropdown.php]		Array
[2019-12-18 04:43:09]	[INFO][ws_an_getdropdown.php]		[{"sub_id":"1123","subcat_name":"monthlywifibill"}]
[2019-12-18 04:43:09]	[INFO][ws_an_getdropdown.php]		ending of get subcategory
[2019-12-18 04:43:12]	[INFO][ws_an_getdropdown.php]		6
[2019-12-18 04:43:12]	[INFO][ws_an_getdropdown.php]		SELECT * FROM `sub_category` WHERE `subcat_id`='1123'  and status ='active'
[2019-12-18 04:43:12]	[INFO][ws_an_getdropdown.php]		[{"amount":"1000"}]
[2019-12-18 04:43:12]	[INFO][ws_an_getdropdown.php]		ending of get amount
[2019-12-18 04:43:47]	[INFO][ws_an_getdropdown.php]		2
[2019-12-18 04:43:47]	[INFO][ws_an_getdropdown.php]		SELECT * FROM `category` WHERE `account_id`='153' AND `cat_type`='expenses' and status ='active'
[2019-12-18 04:43:47]	[INFO][ws_an_getdropdown.php]		[{"cat_id":"513","cat_name":"roomrent"},{"cat_id":"514","cat_name":"wifibill"},{"cat_id":"515","cat_name":"waterbill"}]
[2019-12-18 04:43:47]	[INFO][ws_an_getdropdown.php]		3
[2019-12-18 04:43:47]	[INFO][ws_an_getdropdown.php]		SELECT * FROM `sub_category` WHERE `cat_id`='514' and status ='active'
[2019-12-18 04:43:47]	[INFO][ws_an_getdropdown.php]		Array
[2019-12-18 04:43:47]	[INFO][ws_an_getdropdown.php]		[{"sub_id":"1123","subcat_name":"monthlywifibill"}]
[2019-12-18 04:43:47]	[INFO][ws_an_getdropdown.php]		ending of get subcategory
[2019-12-18 04:43:57]	[INFO][ws_an_getdropdown.php]		3
[2019-12-18 04:43:57]	[INFO][ws_an_getdropdown.php]		SELECT * FROM `sub_category` WHERE `cat_id`='513' and status ='active'
[2019-12-18 04:43:57]	[INFO][ws_an_getdropdown.php]		Array
[2019-12-18 04:43:57]	[INFO][ws_an_getdropdown.php]		Array
[2019-12-18 04:43:57]	[INFO][ws_an_getdropdown.php]		[{"sub_id":"1121","subcat_name":"monthlyroomrent"},{"sub_id":"1122","subcat_name":"maintencebill"}]
[2019-12-18 04:43:57]	[INFO][ws_an_getdropdown.php]		ending of get subcategory
[2019-12-18 04:44:07]	[INFO][ws_an_getdropdown.php]		2
[2019-12-18 04:44:07]	[INFO][ws_an_getdropdown.php]		SELECT * FROM `category` WHERE `account_id`='153' AND `cat_type`='expenses' and status ='active'
[2019-12-18 04:44:07]	[INFO][ws_an_getdropdown.php]		[{"cat_id":"513","cat_name":"roomrent"},{"cat_id":"514","cat_name":"wifibill"},{"cat_id":"515","cat_name":"waterbill"}]
[2019-12-18 04:44:07]	[INFO][ws_an_getdropdown.php]		3
[2019-12-18 04:44:07]	[INFO][ws_an_getdropdown.php]		SELECT * FROM `sub_category` WHERE `cat_id`='513' and status ='active'
[2019-12-18 04:44:07]	[INFO][ws_an_getdropdown.php]		Array
[2019-12-18 04:44:07]	[INFO][ws_an_getdropdown.php]		Array
[2019-12-18 04:44:07]	[INFO][ws_an_getdropdown.php]		[{"sub_id":"1121","subcat_name":"monthlyroomrent"},{"sub_id":"1122","subcat_name":"maintencebill"}]
[2019-12-18 04:44:07]	[INFO][ws_an_getdropdown.php]		ending of get subcategory
[2019-12-18 04:44:12]	[INFO][ws_an_getdropdown.php]		6
[2019-12-18 04:44:12]	[INFO][ws_an_getdropdown.php]		SELECT * FROM `sub_category` WHERE `subcat_id`='1122'  and status ='active'
[2019-12-18 04:44:12]	[INFO][ws_an_getdropdown.php]		[{"amount":"1000"}]
[2019-12-18 04:44:12]	[INFO][ws_an_getdropdown.php]		ending of get amount
[2019-12-18 04:44:24]	[INFO][ws_an_getdropdown.php]		2
[2019-12-18 04:44:24]	[INFO][ws_an_getdropdown.php]		SELECT * FROM `category` WHERE `account_id`='153' AND `cat_type`='expenses' and status ='active'
[2019-12-18 04:44:24]	[INFO][ws_an_getdropdown.php]		[{"cat_id":"513","cat_name":"roomrent"},{"cat_id":"514","cat_name":"wifibill"},{"cat_id":"515","cat_name":"waterbill"}]
[2019-12-18 04:44:26]	[INFO][ws_an_getdropdown.php]		3
[2019-12-18 04:44:26]	[INFO][ws_an_getdropdown.php]		SELECT * FROM `sub_category` WHERE `cat_id`='513' and status ='active'
[2019-12-18 04:44:26]	[INFO][ws_an_getdropdown.php]		Array
[2019-12-18 04:44:26]	[INFO][ws_an_getdropdown.php]		Array
[2019-12-18 04:44:26]	[INFO][ws_an_getdropdown.php]		[{"sub_id":"1121","subcat_name":"monthlyroomrent"},{"sub_id":"1122","subcat_name":"maintencebill"}]
[2019-12-18 04:44:26]	[INFO][ws_an_getdropdown.php]		ending of get subcategory
[2019-12-18 04:44:29]	[INFO][ws_an_getdropdown.php]		6
[2019-12-18 04:44:29]	[INFO][ws_an_getdropdown.php]		SELECT * FROM `sub_category` WHERE `subcat_id`='1121'  and status ='active'
[2019-12-18 04:44:29]	[INFO][ws_an_getdropdown.php]		[{"amount":"5000"}]
[2019-12-18 04:44:29]	[INFO][ws_an_getdropdown.php]		ending of get amount
[2019-12-18 04:45:04]	[INFO][ws_an_getdropdown.php]		2
[2019-12-18 04:45:04]	[INFO][ws_an_getdropdown.php]		SELECT * FROM `category` WHERE `account_id`='153' AND `cat_type`='expenses' and status ='active'
[2019-12-18 04:45:04]	[INFO][ws_an_getdropdown.php]		[{"cat_id":"513","cat_name":"roomrent"},{"cat_id":"514","cat_name":"wifibill"},{"cat_id":"515","cat_name":"waterbill"}]
[2019-12-18 04:45:05]	[INFO][ws_an_getdropdown.php]		3
[2019-12-18 04:45:05]	[INFO][ws_an_getdropdown.php]		SELECT * FROM `sub_category` WHERE `cat_id`='513' and status ='active'
[2019-12-18 04:45:05]	[INFO][ws_an_getdropdown.php]		Array
[2019-12-18 04:45:05]	[INFO][ws_an_getdropdown.php]		Array
[2019-12-18 04:45:05]	[INFO][ws_an_getdropdown.php]		[{"sub_id":"1121","subcat_name":"monthlyroomrent"},{"sub_id":"1122","subcat_name":"maintencebill"}]
[2019-12-18 04:45:05]	[INFO][ws_an_getdropdown.php]		ending of get subcategory
[2019-12-18 04:45:18]	[INFO][ws_an_getdropdown.php]		3
[2019-12-18 04:45:18]	[INFO][ws_an_getdropdown.php]		SELECT * FROM `sub_category` WHERE `cat_id`='514' and status ='active'
[2019-12-18 04:45:18]	[INFO][ws_an_getdropdown.php]		Array
[2019-12-18 04:45:18]	[INFO][ws_an_getdropdown.php]		[{"sub_id":"1123","subcat_name":"monthlywifibill"}]
[2019-12-18 04:45:18]	[INFO][ws_an_getdropdown.php]		ending of get subcategory
[2019-12-18 04:45:32]	[INFO][ws_an_getdropdown.php]		3
[2019-12-18 04:45:32]	[INFO][ws_an_getdropdown.php]		SELECT * FROM `sub_category` WHERE `cat_id`='513' and status ='active'
[2019-12-18 04:45:32]	[INFO][ws_an_getdropdown.php]		Array
[2019-12-18 04:45:32]	[INFO][ws_an_getdropdown.php]		Array
[2019-12-18 04:45:32]	[INFO][ws_an_getdropdown.php]		[{"sub_id":"1121","subcat_name":"monthlyroomrent"},{"sub_id":"1122","subcat_name":"maintencebill"}]
[2019-12-18 04:45:32]	[INFO][ws_an_getdropdown.php]		ending of get subcategory
[2019-12-18 04:45:54]	[INFO][ws_an_getdropdown.php]		2
[2019-12-18 04:45:54]	[INFO][ws_an_getdropdown.php]		SELECT * FROM `category` WHERE `account_id`='153' AND `cat_type`='expenses' and status ='active'
[2019-12-18 04:45:54]	[INFO][ws_an_getdropdown.php]		[{"cat_id":"513","cat_name":"roomrent"},{"cat_id":"514","cat_name":"wifibill"},{"cat_id":"515","cat_name":"waterbill"}]
[2019-12-18 04:45:54]	[INFO][ws_an_getdropdown.php]		3
[2019-12-18 04:45:54]	[INFO][ws_an_getdropdown.php]		SELECT * FROM `sub_category` WHERE `cat_id`='513' and status ='active'
[2019-12-18 04:45:54]	[INFO][ws_an_getdropdown.php]		Array
[2019-12-18 04:45:54]	[INFO][ws_an_getdropdown.php]		Array
[2019-12-18 04:45:54]	[INFO][ws_an_getdropdown.php]		[{"sub_id":"1121","subcat_name":"monthlyroomrent"},{"sub_id":"1122","subcat_name":"maintencebill"}]
[2019-12-18 04:45:54]	[INFO][ws_an_getdropdown.php]		ending of get subcategory
[2019-12-18 04:46:18]	[INFO][ws_an_getdropdown.php]		2
[2019-12-18 04:46:18]	[INFO][ws_an_getdropdown.php]		SELECT * FROM `category` WHERE `account_id`='153' AND `cat_type`='expenses' and status ='active'
[2019-12-18 04:46:18]	[INFO][ws_an_getdropdown.php]		[{"cat_id":"513","cat_name":"roomrent"},{"cat_id":"514","cat_name":"wifibill"},{"cat_id":"515","cat_name":"waterbill"}]
[2019-12-18 04:46:18]	[INFO][ws_an_getdropdown.php]		3
[2019-12-18 04:46:18]	[INFO][ws_an_getdropdown.php]		SELECT * FROM `sub_category` WHERE `cat_id`='513' and status ='active'
[2019-12-18 04:46:18]	[INFO][ws_an_getdropdown.php]		Array
[2019-12-18 04:46:18]	[INFO][ws_an_getdropdown.php]		Array
[2019-12-18 04:46:18]	[INFO][ws_an_getdropdown.php]		[{"sub_id":"1121","subcat_name":"monthlyroomrent"},{"sub_id":"1122","subcat_name":"maintencebill"}]
[2019-12-18 04:46:18]	[INFO][ws_an_getdropdown.php]		ending of get subcategory
[2019-12-18 04:48:29]	[INFO][ws_an_getdropdown.php]		1
[2019-12-18 04:48:29]	[INFO][ws_an_getdropdown.php]		10
[2019-12-18 04:48:29]	[INFO][ws_an_getdropdown.php]		SELECT * FROM  groups  WHERE  `account_status`='active'  and group_status ='Y' and userstatus ='active' and `added_user_id`='76' and  usertype = 'writeonly' group by account_id
[2019-12-18 04:48:29]	[INFO][ws_an_getdropdown.php]		SELECT * FROM  groups  WHERE  `account_status`='active'  and group_status ='Y' and userstatus ='active' and `added_user_id`='76'  group by account_id
[2019-12-18 04:48:29]	[INFO][ws_an_getdropdown.php]		[{"account_id":"152","user_id":"5df9effd9b6ed6.63000633","currcode":"","freezedate":"0000-00-00","accountname":"family","date":"2019-12-18","accountstatus":"active"},{"account_id":"153","user_id":"5df9effd9b6ed6.63000633","currcode":"INR","freezedate":"0000-00-00","accountname":"room maintence","date":"2019-12-18","accountstatus":"active"}]
[2019-12-18 04:48:29]	[INFO][ws_an_getdropdown.php]		[{"account_id":"152","user_id":"5df9effd9b6ed6.63000633","currcode":"","freezedate":"0000-00-00","accountname":"family","date":"2019-12-18","accountstatus":"active"},{"account_id":"153","user_id":"5df9effd9b6ed6.63000633","currcode":"INR","freezedate":"0000-00-00","accountname":"room maintence","date":"2019-12-18","accountstatus":"active"}]
[2019-12-18 04:51:38]	[INFO][ws_an_getdropdown.php]		1
[2019-12-18 04:51:38]	[INFO][ws_an_getdropdown.php]		SELECT * FROM  groups  WHERE  `account_status`='active'  and group_status ='Y' and userstatus ='active' and `added_user_id`='76' and  usertype = 'writeonly' group by account_id
[2019-12-18 04:51:38]	[INFO][ws_an_getdropdown.php]		[{"account_id":"152","user_id":"5df9effd9b6ed6.63000633","currcode":"","freezedate":"0000-00-00","accountname":"family","date":"2019-12-18","accountstatus":"active"},{"account_id":"153","user_id":"5df9effd9b6ed6.63000633","currcode":"INR","freezedate":"0000-00-00","accountname":"room maintence","date":"2019-12-18","accountstatus":"active"}]
[2019-12-18 04:51:38]	[INFO][ws_an_getdropdown.php]		10
[2019-12-18 04:51:38]	[INFO][ws_an_getdropdown.php]		SELECT * FROM  groups  WHERE  `account_status`='active'  and group_status ='Y' and userstatus ='active' and `added_user_id`='76'  group by account_id
[2019-12-18 04:51:38]	[INFO][ws_an_getdropdown.php]		[{"account_id":"152","user_id":"5df9effd9b6ed6.63000633","currcode":"","freezedate":"0000-00-00","accountname":"family","date":"2019-12-18","accountstatus":"active"},{"account_id":"153","user_id":"5df9effd9b6ed6.63000633","currcode":"INR","freezedate":"0000-00-00","accountname":"room maintence","date":"2019-12-18","accountstatus":"active"}]
[2019-12-18 04:52:12]	[INFO][ws_an_getdropdown.php]		2
[2019-12-18 04:52:12]	[INFO][ws_an_getdropdown.php]		SELECT * FROM `category` WHERE `account_id`='153' AND `cat_type`='expenses' and status ='active'
[2019-12-18 04:52:12]	[INFO][ws_an_getdropdown.php]		[{"cat_id":"513","cat_name":"roomrent"},{"cat_id":"514","cat_name":"wifibill"},{"cat_id":"515","cat_name":"waterbill"}]
[2019-12-18 04:52:12]	[INFO][ws_an_getdropdown.php]		3
[2019-12-18 04:52:12]	[INFO][ws_an_getdropdown.php]		SELECT * FROM `sub_category` WHERE `cat_id`='513' and status ='active'
[2019-12-18 04:52:12]	[INFO][ws_an_getdropdown.php]		Array
[2019-12-18 04:52:12]	[INFO][ws_an_getdropdown.php]		Array
[2019-12-18 04:52:12]	[INFO][ws_an_getdropdown.php]		[{"sub_id":"1121","subcat_name":"monthlyroomrent"},{"sub_id":"1122","subcat_name":"maintencebill"}]
[2019-12-18 04:52:12]	[INFO][ws_an_getdropdown.php]		ending of get subcategory
[2019-12-18 04:52:20]	[INFO][ws_an_getdropdown.php]		3
[2019-12-18 04:52:20]	[INFO][ws_an_getdropdown.php]		SELECT * FROM `sub_category` WHERE `cat_id`='514' and status ='active'
[2019-12-18 04:52:20]	[INFO][ws_an_getdropdown.php]		Array
[2019-12-18 04:52:20]	[INFO][ws_an_getdropdown.php]		[{"sub_id":"1123","subcat_name":"monthlywifibill"}]
[2019-12-18 04:52:20]	[INFO][ws_an_getdropdown.php]		ending of get subcategory
[2019-12-18 04:52:20]	[INFO][ws_an_getdropdown.php]		2
[2019-12-18 04:52:20]	[INFO][ws_an_getdropdown.php]		SELECT * FROM `category` WHERE `account_id`='153' AND `cat_type`='expenses' and status ='active'
[2019-12-18 04:52:20]	[INFO][ws_an_getdropdown.php]		[{"cat_id":"513","cat_name":"roomrent"},{"cat_id":"514","cat_name":"wifibill"},{"cat_id":"515","cat_name":"waterbill"}]
[2019-12-18 04:52:36]	[INFO][ws_an_getdropdown.php]		3
[2019-12-18 04:52:36]	[INFO][ws_an_getdropdown.php]		SELECT * FROM `sub_category` WHERE `cat_id`='515' and status ='active'
[2019-12-18 04:52:36]	[INFO][ws_an_getdropdown.php]		Array
[2019-12-18 04:52:36]	[INFO][ws_an_getdropdown.php]		[{"sub_id":"1124","subcat_name":"monthlymotorbill"}]
[2019-12-18 04:52:36]	[INFO][ws_an_getdropdown.php]		2
[2019-12-18 04:52:36]	[INFO][ws_an_getdropdown.php]		ending of get subcategory
[2019-12-18 04:52:36]	[INFO][ws_an_getdropdown.php]		SELECT * FROM `category` WHERE `account_id`='153' AND `cat_type`='expenses' and status ='active'
[2019-12-18 04:52:36]	[INFO][ws_an_getdropdown.php]		[{"cat_id":"513","cat_name":"roomrent"},{"cat_id":"514","cat_name":"wifibill"},{"cat_id":"515","cat_name":"waterbill"}]
[2019-12-18 04:52:48]	[INFO][ws_an_getdropdown.php]		1
[2019-12-18 04:52:48]	[INFO][ws_an_getdropdown.php]		SELECT * FROM  groups  WHERE  `account_status`='active'  and group_status ='Y' and userstatus ='active' and `added_user_id`='76' and  usertype = 'writeonly' group by account_id
[2019-12-18 04:52:48]	[INFO][ws_an_getdropdown.php]		[{"account_id":"152","user_id":"5df9effd9b6ed6.63000633","currcode":"","freezedate":"0000-00-00","accountname":"family","date":"2019-12-18","accountstatus":"active"},{"account_id":"153","user_id":"5df9effd9b6ed6.63000633","currcode":"INR","freezedate":"0000-00-00","accountname":"room maintence","date":"2019-12-18","accountstatus":"active"}]
[2019-12-18 04:52:49]	[INFO][ws_an_getdropdown.php]		10
[2019-12-18 04:52:49]	[INFO][ws_an_getdropdown.php]		SELECT * FROM  groups  WHERE  `account_status`='active'  and group_status ='Y' and userstatus ='active' and `added_user_id`='76'  group by account_id
[2019-12-18 04:52:49]	[INFO][ws_an_getdropdown.php]		[{"account_id":"152","user_id":"5df9effd9b6ed6.63000633","currcode":"","freezedate":"0000-00-00","accountname":"family","date":"2019-12-18","accountstatus":"active"},{"account_id":"153","user_id":"5df9effd9b6ed6.63000633","currcode":"INR","freezedate":"0000-00-00","accountname":"room maintence","date":"2019-12-18","accountstatus":"active"}]
[2019-12-18 04:52:58]	[INFO][ws_an_getdropdown.php]		2
[2019-12-18 04:52:58]	[INFO][ws_an_getdropdown.php]		SELECT * FROM `category` WHERE `account_id`='153' AND `cat_type`='income' and status ='active'
[2019-12-18 04:52:58]	[INFO][ws_an_getdropdown.php]		[{"cat_id":"516","cat_name":"salary"},{"cat_id":"517","cat_name":"bonous"}]
[2019-12-18 04:53:07]	[INFO][ws_an_getdropdown.php]		3
[2019-12-18 04:53:07]	[INFO][ws_an_getdropdown.php]		SELECT * FROM `sub_category` WHERE `cat_id`='516' and status ='active'
[2019-12-18 04:53:07]	[INFO][ws_an_getdropdown.php]		Array
[2019-12-18 04:53:07]	[INFO][ws_an_getdropdown.php]		[{"sub_id":"1125","subcat_name":"monthlysalary"}]
[2019-12-18 04:53:07]	[INFO][ws_an_getdropdown.php]		ending of get subcategory
[2019-12-18 04:53:58]	[INFO][ws_an_getdropdown.php]		2
[2019-12-18 04:53:58]	[INFO][ws_an_getdropdown.php]		SELECT * FROM `category` WHERE `account_id`='153' AND `cat_type`='income' and status ='active'
[2019-12-18 04:53:58]	[INFO][ws_an_getdropdown.php]		[{"cat_id":"516","cat_name":"salary"},{"cat_id":"517","cat_name":"bonous"}]
[2019-12-18 04:54:00]	[INFO][ws_an_getdropdown.php]		3
[2019-12-18 04:54:00]	[INFO][ws_an_getdropdown.php]		SELECT * FROM `sub_category` WHERE `cat_id`='517' and status ='active'
[2019-12-18 04:54:00]	[INFO][ws_an_getdropdown.php]		Array
[2019-12-18 04:54:00]	[INFO][ws_an_getdropdown.php]		[{"sub_id":"1126","subcat_name":"monthlytargetbonous"}]
[2019-12-18 04:54:00]	[INFO][ws_an_getdropdown.php]		ending of get subcategory
[2019-12-18 04:56:05]	[INFO][ws_an_getdropdown.php]		2
[2019-12-18 04:56:05]	[INFO][ws_an_getdropdown.php]		SELECT * FROM `category` WHERE `account_id`='153' AND `cat_type`='income' and status ='active'
[2019-12-18 04:56:05]	[INFO][ws_an_getdropdown.php]		[{"cat_id":"516","cat_name":"salary"},{"cat_id":"517","cat_name":"bonous"}]
[2019-12-18 04:56:07]	[INFO][ws_an_getdropdown.php]		3
[2019-12-18 04:56:07]	[INFO][ws_an_getdropdown.php]		SELECT * FROM `sub_category` WHERE `cat_id`='517' and status ='active'
[2019-12-18 04:56:07]	[INFO][ws_an_getdropdown.php]		Array
[2019-12-18 04:56:07]	[INFO][ws_an_getdropdown.php]		[{"sub_id":"1126","subcat_name":"monthlytargetbonous"}]
[2019-12-18 04:56:07]	[INFO][ws_an_getdropdown.php]		ending of get subcategory
[2019-12-18 04:57:56]	[INFO][ws_an_getdropdown.php]		10
[2019-12-18 04:57:56]	[INFO][ws_an_getdropdown.php]		SELECT * FROM  groups  WHERE  `account_status`='active'  and group_status ='Y' and userstatus ='active' and `added_user_id`='76'  group by account_id
[2019-12-18 04:57:56]	[INFO][ws_an_getdropdown.php]		[{"account_id":"152","user_id":"5df9effd9b6ed6.63000633","currcode":"","freezedate":"0000-00-00","accountname":"family","date":"2019-12-18","accountstatus":"active"},{"account_id":"153","user_id":"5df9effd9b6ed6.63000633","currcode":"INR","freezedate":"0000-00-00","accountname":"room maintence","date":"2019-12-18","accountstatus":"active"}]
[2019-12-18 04:57:56]	[INFO][ws_an_getdropdown.php]		1
[2019-12-18 04:57:56]	[INFO][ws_an_getdropdown.php]		SELECT * FROM  groups  WHERE  `account_status`='active'  and group_status ='Y' and userstatus ='active' and `added_user_id`='76' and  usertype = 'writeonly' group by account_id
[2019-12-18 04:57:56]	[INFO][ws_an_getdropdown.php]		[{"account_id":"152","user_id":"5df9effd9b6ed6.63000633","currcode":"","freezedate":"0000-00-00","accountname":"family","date":"2019-12-18","accountstatus":"active"},{"account_id":"153","user_id":"5df9effd9b6ed6.63000633","currcode":"INR","freezedate":"0000-00-00","accountname":"room maintence","date":"2019-12-18","accountstatus":"active"}]
[2019-12-18 06:39:40]	[INFO][ws_an_getdropdown.php]		1
[2019-12-18 06:39:40]	[INFO][ws_an_getdropdown.php]		SELECT * FROM  groups  WHERE  `account_status`='active'  and group_status ='Y' and userstatus ='active' and `added_user_id`='76' and  usertype = 'writeonly' group by account_id
[2019-12-18 06:39:40]	[INFO][ws_an_getdropdown.php]		[{"account_id":"152","user_id":"5df9effd9b6ed6.63000633","currcode":"","freezedate":"0000-00-00","accountname":"family","date":"2019-12-18","accountstatus":"active"},{"account_id":"153","user_id":"5df9effd9b6ed6.63000633","currcode":"INR","freezedate":"0000-00-00","accountname":"room maintence","date":"2019-12-18","accountstatus":"active"}]
[2019-12-18 06:40:25]	[INFO][ws_an_getdropdown.php]		1
[2019-12-18 06:40:25]	[INFO][ws_an_getdropdown.php]		SELECT * FROM  groups  WHERE  `account_status`='active'  and group_status ='Y' and userstatus ='active' and `added_user_id`='76' and  usertype = 'writeonly' group by account_id
[2019-12-18 06:40:25]	[INFO][ws_an_getdropdown.php]		[{"account_id":"152","user_id":"5df9effd9b6ed6.63000633","currcode":"","freezedate":"0000-00-00","accountname":"family","date":"2019-12-18","accountstatus":"active"},{"account_id":"153","user_id":"5df9effd9b6ed6.63000633","currcode":"INR","freezedate":"0000-00-00","accountname":"room maintence","date":"2019-12-18","accountstatus":"active"}]
[2019-12-18 07:07:34]	[INFO][ws_an_getdropdown.php]		10
[2019-12-18 07:07:34]	[INFO][ws_an_getdropdown.php]		SELECT * FROM  groups  WHERE  `account_status`='active'  and group_status ='Y' and userstatus ='active' and `added_user_id`='76'  group by account_id
[2019-12-18 07:07:34]	[INFO][ws_an_getdropdown.php]		[{"account_id":"152","user_id":"5df9effd9b6ed6.63000633","currcode":"","freezedate":"0000-00-00","accountname":"family","date":"2019-12-18","accountstatus":"active"},{"account_id":"153","user_id":"5df9effd9b6ed6.63000633","currcode":"INR","freezedate":"0000-00-00","accountname":"room maintence","date":"2019-12-18","accountstatus":"active"}]
[2019-12-18 07:08:28]	[INFO][ws_an_getdropdown.php]		7
[2019-12-18 07:08:28]	[INFO][ws_an_getdropdown.php]		SELECT * FROM `category` WHERE `account_id`='153' AND `cat_type`='expenses' and status ='active'
[2019-12-18 07:08:28]	[INFO][ws_an_getdropdown.php]		[{"cat_id":"513","cat_name":"roomrent"},{"cat_id":"514","cat_name":"wifibill"},{"cat_id":"515","cat_name":"waterbill"}]
[2019-12-18 07:08:53]	[INFO][ws_an_getdropdown.php]		3
[2019-12-18 07:08:53]	[INFO][ws_an_getdropdown.php]		SELECT * FROM `sub_category` WHERE `cat_id`='' and status ='active'
[2019-12-18 07:08:53]	[INFO][ws_an_getdropdown.php]		Array
[2019-12-18 07:08:53]	[INFO][ws_an_getdropdown.php]		[{"sub_id":"889","subcat_name":"motorbill"}]
[2019-12-18 07:08:53]	[INFO][ws_an_getdropdown.php]		ending of get subcategory
[2019-12-18 07:09:09]	[INFO][ws_an_getdropdown.php]		7
[2019-12-18 07:09:09]	[INFO][ws_an_getdropdown.php]		SELECT * FROM `category` WHERE `account_id`='153' AND `cat_type`='income' and status ='active'
[2019-12-18 07:09:09]	[INFO][ws_an_getdropdown.php]		[{"cat_id":"516","cat_name":"salary"},{"cat_id":"517","cat_name":"bonous"}]
[2019-12-18 07:09:15]	[INFO][ws_an_getdropdown.php]		3
[2019-12-18 07:09:15]	[INFO][ws_an_getdropdown.php]		SELECT * FROM `sub_category` WHERE `cat_id`='516' and status ='active'
[2019-12-18 07:09:15]	[INFO][ws_an_getdropdown.php]		Array
[2019-12-18 07:09:15]	[INFO][ws_an_getdropdown.php]		[{"sub_id":"1125","subcat_name":"monthlysalary"}]
[2019-12-18 07:09:15]	[INFO][ws_an_getdropdown.php]		ending of get subcategory
[2019-12-18 07:09:30]	[INFO][ws_an_getdropdown.php]		1
[2019-12-18 07:09:30]	[INFO][ws_an_getdropdown.php]		SELECT * FROM  groups  WHERE  `account_status`='active'  and group_status ='Y' and userstatus ='active' and `added_user_id`='76' and  usertype = 'writeonly' group by account_id
[2019-12-18 07:09:30]	[INFO][ws_an_getdropdown.php]		[{"account_id":"152","user_id":"5df9effd9b6ed6.63000633","currcode":"","freezedate":"0000-00-00","accountname":"family","date":"2019-12-18","accountstatus":"active"},{"account_id":"153","user_id":"5df9effd9b6ed6.63000633","currcode":"INR","freezedate":"0000-00-00","accountname":"room maintence","date":"2019-12-18","accountstatus":"active"}]
[2019-12-18 07:10:11]	[INFO][ws_an_getdropdown.php]		1
[2019-12-18 07:10:11]	[INFO][ws_an_getdropdown.php]		SELECT * FROM  groups  WHERE  `account_status`='active'  and group_status ='Y' and userstatus ='active' and `added_user_id`='76' and  usertype = 'writeonly' group by account_id
[2019-12-18 07:10:11]	[INFO][ws_an_getdropdown.php]		[{"account_id":"152","user_id":"5df9effd9b6ed6.63000633","currcode":"","freezedate":"0000-00-00","accountname":"family","date":"2019-12-18","accountstatus":"active"},{"account_id":"153","user_id":"5df9effd9b6ed6.63000633","currcode":"INR","freezedate":"0000-00-00","accountname":"room maintence","date":"2019-12-18","accountstatus":"active"}]
[2019-12-18 07:48:34]	[INFO][ws_an_getdropdown.php]		1
[2019-12-18 07:48:34]	[INFO][ws_an_getdropdown.php]		SELECT * FROM  groups  WHERE  `account_status`='active'  and group_status ='Y' and userstatus ='active' and `added_user_id`='76' and  usertype = 'writeonly' group by account_id
[2019-12-18 07:48:34]	[INFO][ws_an_getdropdown.php]		[{"account_id":"152","user_id":"5df9effd9b6ed6.63000633","currcode":"","freezedate":"0000-00-00","accountname":"family","date":"2019-12-18","accountstatus":"active"},{"account_id":"153","user_id":"5df9effd9b6ed6.63000633","currcode":"INR","freezedate":"0000-00-00","accountname":"room maintence","date":"2019-12-18","accountstatus":"active"}]
[2019-12-18 07:48:34]	[INFO][ws_an_getdropdown.php]		10
[2019-12-18 07:48:35]	[INFO][ws_an_getdropdown.php]		SELECT * FROM  groups  WHERE  `account_status`='active'  and group_status ='Y' and userstatus ='active' and `added_user_id`='76'  group by account_id
[2019-12-18 07:48:35]	[INFO][ws_an_getdropdown.php]		[{"account_id":"152","user_id":"5df9effd9b6ed6.63000633","currcode":"","freezedate":"0000-00-00","accountname":"family","date":"2019-12-18","accountstatus":"active"},{"account_id":"153","user_id":"5df9effd9b6ed6.63000633","currcode":"INR","freezedate":"0000-00-00","accountname":"room maintence","date":"2019-12-18","accountstatus":"active"}]
[2019-12-18 07:48:39]	[INFO][ws_an_getdropdown.php]		10
[2019-12-18 07:48:39]	[INFO][ws_an_getdropdown.php]		SELECT * FROM  groups  WHERE  `account_status`='active'  and group_status ='Y' and userstatus ='active' and `added_user_id`='76'  group by account_id
[2019-12-18 07:48:39]	[INFO][ws_an_getdropdown.php]		[{"account_id":"152","user_id":"5df9effd9b6ed6.63000633","currcode":"","freezedate":"0000-00-00","accountname":"family","date":"2019-12-18","accountstatus":"active"},{"account_id":"153","user_id":"5df9effd9b6ed6.63000633","currcode":"INR","freezedate":"0000-00-00","accountname":"room maintence","date":"2019-12-18","accountstatus":"active"}]
[2019-12-18 07:48:39]	[INFO][ws_an_getdropdown.php]		1
[2019-12-18 07:48:39]	[INFO][ws_an_getdropdown.php]		SELECT * FROM  groups  WHERE  `account_status`='active'  and group_status ='Y' and userstatus ='active' and `added_user_id`='76' and  usertype = 'writeonly' group by account_id
[2019-12-18 07:48:39]	[INFO][ws_an_getdropdown.php]		[{"account_id":"152","user_id":"5df9effd9b6ed6.63000633","currcode":"","freezedate":"0000-00-00","accountname":"family","date":"2019-12-18","accountstatus":"active"},{"account_id":"153","user_id":"5df9effd9b6ed6.63000633","currcode":"INR","freezedate":"0000-00-00","accountname":"room maintence","date":"2019-12-18","accountstatus":"active"}]
[2019-12-18 07:50:24]	[INFO][ws_an_getdropdown.php]		10
[2019-12-18 07:50:24]	[INFO][ws_an_getdropdown.php]		1
[2019-12-18 07:50:24]	[INFO][ws_an_getdropdown.php]		SELECT * FROM  groups  WHERE  `account_status`='active'  and group_status ='Y' and userstatus ='active' and `added_user_id`='76'  group by account_id
[2019-12-18 07:50:24]	[INFO][ws_an_getdropdown.php]		SELECT * FROM  groups  WHERE  `account_status`='active'  and group_status ='Y' and userstatus ='active' and `added_user_id`='76' and  usertype = 'writeonly' group by account_id
[2019-12-18 07:50:24]	[INFO][ws_an_getdropdown.php]		[{"account_id":"152","user_id":"5df9effd9b6ed6.63000633","currcode":"","freezedate":"0000-00-00","accountname":"family","date":"2019-12-18","accountstatus":"active"},{"account_id":"153","user_id":"5df9effd9b6ed6.63000633","currcode":"INR","freezedate":"0000-00-00","accountname":"room maintence","date":"2019-12-18","accountstatus":"active"}]
[2019-12-18 07:50:24]	[INFO][ws_an_getdropdown.php]		[{"account_id":"152","user_id":"5df9effd9b6ed6.63000633","currcode":"","freezedate":"0000-00-00","accountname":"family","date":"2019-12-18","accountstatus":"active"},{"account_id":"153","user_id":"5df9effd9b6ed6.63000633","currcode":"INR","freezedate":"0000-00-00","accountname":"room maintence","date":"2019-12-18","accountstatus":"active"}]
[2019-12-18 07:51:10]	[INFO][ws_an_getdropdown.php]		1
[2019-12-18 07:51:10]	[INFO][ws_an_getdropdown.php]		SELECT * FROM  groups  WHERE  `account_status`='active'  and group_status ='Y' and userstatus ='active' and `added_user_id`='76' and  usertype = 'writeonly' group by account_id
[2019-12-18 07:51:10]	[INFO][ws_an_getdropdown.php]		[{"account_id":"152","user_id":"5df9effd9b6ed6.63000633","currcode":"","freezedate":"0000-00-00","accountname":"family","date":"2019-12-18","accountstatus":"active"},{"account_id":"153","user_id":"5df9effd9b6ed6.63000633","currcode":"INR","freezedate":"0000-00-00","accountname":"room maintence","date":"2019-12-18","accountstatus":"active"}]
[2019-12-18 07:51:10]	[INFO][ws_an_getdropdown.php]		10
[2019-12-18 07:51:10]	[INFO][ws_an_getdropdown.php]		SELECT * FROM  groups  WHERE  `account_status`='active'  and group_status ='Y' and userstatus ='active' and `added_user_id`='76'  group by account_id
[2019-12-18 07:51:10]	[INFO][ws_an_getdropdown.php]		[{"account_id":"152","user_id":"5df9effd9b6ed6.63000633","currcode":"","freezedate":"0000-00-00","accountname":"family","date":"2019-12-18","accountstatus":"active"},{"account_id":"153","user_id":"5df9effd9b6ed6.63000633","currcode":"INR","freezedate":"0000-00-00","accountname":"room maintence","date":"2019-12-18","accountstatus":"active"}]
[2019-12-18 07:58:22]	[INFO][ws_an_getdropdown.php]		1
[2019-12-18 07:58:22]	[INFO][ws_an_getdropdown.php]		SELECT * FROM  groups  WHERE  `account_status`='active'  and group_status ='Y' and userstatus ='active' and `added_user_id`='76' and  usertype = 'writeonly' group by account_id
[2019-12-18 07:58:22]	[INFO][ws_an_getdropdown.php]		10
[2019-12-18 07:58:22]	[INFO][ws_an_getdropdown.php]		[{"account_id":"152","user_id":"5df9effd9b6ed6.63000633","currcode":"","freezedate":"0000-00-00","accountname":"family","date":"2019-12-18","accountstatus":"active"},{"account_id":"153","user_id":"5df9effd9b6ed6.63000633","currcode":"INR","freezedate":"0000-00-00","accountname":"room maintence","date":"2019-12-18","accountstatus":"active"}]
[2019-12-18 07:58:22]	[INFO][ws_an_getdropdown.php]		SELECT * FROM  groups  WHERE  `account_status`='active'  and group_status ='Y' and userstatus ='active' and `added_user_id`='76'  group by account_id
[2019-12-18 07:58:22]	[INFO][ws_an_getdropdown.php]		[{"account_id":"152","user_id":"5df9effd9b6ed6.63000633","currcode":"","freezedate":"0000-00-00","accountname":"family","date":"2019-12-18","accountstatus":"active"},{"account_id":"153","user_id":"5df9effd9b6ed6.63000633","currcode":"INR","freezedate":"0000-00-00","accountname":"room maintence","date":"2019-12-18","accountstatus":"active"}]
[2019-12-18 08:00:05]	[INFO][ws_an_getdropdown.php]		1
[2019-12-18 08:00:05]	[INFO][ws_an_getdropdown.php]		SELECT * FROM  groups  WHERE  `account_status`='active'  and group_status ='Y' and userstatus ='active' and `added_user_id`='76' and  usertype = 'writeonly' group by account_id
[2019-12-18 08:00:05]	[INFO][ws_an_getdropdown.php]		[{"account_id":"152","user_id":"5df9effd9b6ed6.63000633","currcode":"","freezedate":"0000-00-00","accountname":"family","date":"2019-12-18","accountstatus":"active"},{"account_id":"153","user_id":"5df9effd9b6ed6.63000633","currcode":"INR","freezedate":"0000-00-00","accountname":"room maintence","date":"2019-12-18","accountstatus":"active"}]
[2019-12-18 08:00:05]	[INFO][ws_an_getdropdown.php]		10
[2019-12-18 08:00:05]	[INFO][ws_an_getdropdown.php]		SELECT * FROM  groups  WHERE  `account_status`='active'  and group_status ='Y' and userstatus ='active' and `added_user_id`='76'  group by account_id
[2019-12-18 08:00:05]	[INFO][ws_an_getdropdown.php]		[{"account_id":"152","user_id":"5df9effd9b6ed6.63000633","currcode":"","freezedate":"0000-00-00","accountname":"family","date":"2019-12-18","accountstatus":"active"},{"account_id":"153","user_id":"5df9effd9b6ed6.63000633","currcode":"INR","freezedate":"0000-00-00","accountname":"room maintence","date":"2019-12-18","accountstatus":"active"}]
[2019-12-18 08:02:32]	[INFO][ws_an_getdropdown.php]		1
[2019-12-18 08:02:32]	[INFO][ws_an_getdropdown.php]		SELECT * FROM  groups  WHERE  `account_status`='active'  and group_status ='Y' and userstatus ='active' and `added_user_id`='12' and  usertype = 'writeonly' group by account_id
[2019-12-18 08:02:32]	[INFO][ws_an_getdropdown.php]		[{"account_id":"18","user_id":"5c3b3a6485ea66.91060288","currcode":"INR","freezedate":"2019-08-26","accountname":"testfamily","date":"2019-01-13","accountstatus":"active"},{"account_id":"37","user_id":"5c37846fbfae87.51444429","currcode":"INR","freezedate":"0000-00-00","accountname":"Acs 2019 August month","date":"2019-01-22","accountstatus":"active"},{"account_id":"56","user_id":"5c3c8a7d560c12.20920952","currcode":"USD","freezedate":"0000-00-00","accountname":"roommets","date":"2019-03-20","accountstatus":"active"},{"account_id":"80","user_id":"5c3b3a6485ea66.91060288","currcode":"USD","freezedate":"0000-00-00","accountname":"expenses","date":"2019-08-06","accountstatus":"active"},{"account_id":"91","user_id":"5c3b3a6485ea66.91060288","currcode":"USD","freezedate":"0000-00-00","accountname":"yy","date":"2019-08-08","accountstatus":"active"},{"account_id":"92","user_id":"5c3b3a6485ea66.91060288","currcode":"INR","freezedate":"0000-00-00","accountname":"hello","date":"2019-08-09","accountstatus":"active"},{"account_id":"93","user_id":"5c37846fbfae87.51444429","currcode":"INR","freezedate":"0000-00-00","accountname":"Final Testing","date":"2019-08-13","accountstatus":"active"},{"account_id":"123","user_id":"5c3b3a75532f62.49043861","currcode":"INR","freezedate":"0000-00-00","accountname":"PP-Mgmt","date":"2019-10-19","accountstatus":"active"},{"account_id":"132","user_id":"5d77b126ddf738.97883465","currcode":"INR","freezedate":"0000-00-00","accountname":"Cmr ","date":"2019-11-02","accountstatus":"active"},{"account_id":"153","user_id":"5df9effd9b6ed6.63000633","currcode":"INR","freezedate":"0000-00-00","accountname":"room maintence","date":"2019-12-18","accountstatus":"active"}]
[2019-12-18 08:02:32]	[INFO][ws_an_getdropdown.php]		10
[2019-12-18 08:02:32]	[INFO][ws_an_getdropdown.php]		SELECT * FROM  groups  WHERE  `account_status`='active'  and group_status ='Y' and userstatus ='active' and `added_user_id`='12'  group by account_id
[2019-12-18 08:02:32]	[INFO][ws_an_getdropdown.php]		[{"account_id":"18","user_id":"5c3b3a6485ea66.91060288","currcode":"INR","freezedate":"2019-08-26","accountname":"testfamily","date":"2019-01-13","accountstatus":"active"},{"account_id":"37","user_id":"5c37846fbfae87.51444429","currcode":"INR","freezedate":"0000-00-00","accountname":"Acs 2019 August month","date":"2019-01-22","accountstatus":"active"},{"account_id":"56","user_id":"5c3c8a7d560c12.20920952","currcode":"USD","freezedate":"0000-00-00","accountname":"roommets","date":"2019-03-20","accountstatus":"active"},{"account_id":"80","user_id":"5c3b3a6485ea66.91060288","currcode":"USD","freezedate":"0000-00-00","accountname":"expenses","date":"2019-08-06","accountstatus":"active"},{"account_id":"91","user_id":"5c3b3a6485ea66.91060288","currcode":"USD","freezedate":"0000-00-00","accountname":"yy","date":"2019-08-08","accountstatus":"active"},{"account_id":"92","user_id":"5c3b3a6485ea66.91060288","currcode":"INR","freezedate":"0000-00-00","accountname":"hello","date":"2019-08-09","accountstatus":"active"},{"account_id":"93","user_id":"5c37846fbfae87.51444429","currcode":"INR","freezedate":"0000-00-00","accountname":"Final Testing","date":"2019-08-13","accountstatus":"active"},{"account_id":"123","user_id":"5c3b3a75532f62.49043861","currcode":"INR","freezedate":"0000-00-00","accountname":"PP-Mgmt","date":"2019-10-19","accountstatus":"active"},{"account_id":"132","user_id":"5d77b126ddf738.97883465","currcode":"INR","freezedate":"0000-00-00","accountname":"Cmr ","date":"2019-11-02","accountstatus":"active"},{"account_id":"153","user_id":"5df9effd9b6ed6.63000633","currcode":"INR","freezedate":"0000-00-00","accountname":"room maintence","date":"2019-12-18","accountstatus":"active"}]
[2019-12-18 08:04:20]	[INFO][ws_an_getdropdown.php]		1
[2019-12-18 08:04:20]	[INFO][ws_an_getdropdown.php]		SELECT * FROM  groups  WHERE  `account_status`='active'  and group_status ='Y' and userstatus ='active' and `added_user_id`='' and  usertype = 'writeonly' group by account_id
[2019-12-18 08:04:20]	[INFO][ws_an_getdropdown.php]		[{"account_id":"124","user_id":"","currcode":"INR","freezedate":"0000-00-00","accountname":"ts propuse","date":"2019-10-19","accountstatus":"active"}]
[2019-12-18 08:04:59]	[INFO][ws_an_getdropdown.php]		1
[2019-12-18 08:04:59]	[INFO][ws_an_getdropdown.php]		SELECT * FROM  groups  WHERE  `account_status`='active'  and group_status ='Y' and userstatus ='active' and `added_user_id`='12' and  usertype = 'writeonly' group by account_id
[2019-12-18 08:04:59]	[INFO][ws_an_getdropdown.php]		[{"account_id":"18","user_id":"5c3b3a6485ea66.91060288","currcode":"INR","freezedate":"2019-08-26","accountname":"testfamily","date":"2019-01-13","accountstatus":"active"},{"account_id":"37","user_id":"5c37846fbfae87.51444429","currcode":"INR","freezedate":"0000-00-00","accountname":"Acs 2019 August month","date":"2019-01-22","accountstatus":"active"},{"account_id":"56","user_id":"5c3c8a7d560c12.20920952","currcode":"USD","freezedate":"0000-00-00","accountname":"roommets","date":"2019-03-20","accountstatus":"active"},{"account_id":"80","user_id":"5c3b3a6485ea66.91060288","currcode":"USD","freezedate":"0000-00-00","accountname":"expenses","date":"2019-08-06","accountstatus":"active"},{"account_id":"91","user_id":"5c3b3a6485ea66.91060288","currcode":"USD","freezedate":"0000-00-00","accountname":"yy","date":"2019-08-08","accountstatus":"active"},{"account_id":"92","user_id":"5c3b3a6485ea66.91060288","currcode":"INR","freezedate":"0000-00-00","accountname":"hello","date":"2019-08-09","accountstatus":"active"},{"account_id":"93","user_id":"5c37846fbfae87.51444429","currcode":"INR","freezedate":"0000-00-00","accountname":"Final Testing","date":"2019-08-13","accountstatus":"active"},{"account_id":"123","user_id":"5c3b3a75532f62.49043861","currcode":"INR","freezedate":"0000-00-00","accountname":"PP-Mgmt","date":"2019-10-19","accountstatus":"active"},{"account_id":"132","user_id":"5d77b126ddf738.97883465","currcode":"INR","freezedate":"0000-00-00","accountname":"Cmr ","date":"2019-11-02","accountstatus":"active"},{"account_id":"153","user_id":"5df9effd9b6ed6.63000633","currcode":"INR","freezedate":"0000-00-00","accountname":"room maintence","date":"2019-12-18","accountstatus":"active"}]
[2019-12-18 08:05:28]	[INFO][ws_an_getdropdown.php]		1
[2019-12-18 08:05:28]	[INFO][ws_an_getdropdown.php]		SELECT * FROM  groups  WHERE  `account_status`='active'  and group_status ='Y' and userstatus ='active' and `added_user_id`='12' and  usertype = 'writeonly' group by account_id
[2019-12-18 08:05:28]	[INFO][ws_an_getdropdown.php]		[{"account_id":"18","user_id":"5c3b3a6485ea66.91060288","currcode":"INR","freezedate":"2019-08-26","accountname":"testfamily","date":"2019-01-13","accountstatus":"active"},{"account_id":"37","user_id":"5c37846fbfae87.51444429","currcode":"INR","freezedate":"0000-00-00","accountname":"Acs 2019 August month","date":"2019-01-22","accountstatus":"active"},{"account_id":"56","user_id":"5c3c8a7d560c12.20920952","currcode":"USD","freezedate":"0000-00-00","accountname":"roommets","date":"2019-03-20","accountstatus":"active"},{"account_id":"80","user_id":"5c3b3a6485ea66.91060288","currcode":"USD","freezedate":"0000-00-00","accountname":"expenses","date":"2019-08-06","accountstatus":"active"},{"account_id":"91","user_id":"5c3b3a6485ea66.91060288","currcode":"USD","freezedate":"0000-00-00","accountname":"yy","date":"2019-08-08","accountstatus":"active"},{"account_id":"92","user_id":"5c3b3a6485ea66.91060288","currcode":"INR","freezedate":"0000-00-00","accountname":"hello","date":"2019-08-09","accountstatus":"active"},{"account_id":"93","user_id":"5c37846fbfae87.51444429","currcode":"INR","freezedate":"0000-00-00","accountname":"Final Testing","date":"2019-08-13","accountstatus":"active"},{"account_id":"123","user_id":"5c3b3a75532f62.49043861","currcode":"INR","freezedate":"0000-00-00","accountname":"PP-Mgmt","date":"2019-10-19","accountstatus":"active"},{"account_id":"132","user_id":"5d77b126ddf738.97883465","currcode":"INR","freezedate":"0000-00-00","accountname":"Cmr ","date":"2019-11-02","accountstatus":"active"},{"account_id":"153","user_id":"5df9effd9b6ed6.63000633","currcode":"INR","freezedate":"0000-00-00","accountname":"room maintence","date":"2019-12-18","accountstatus":"active"}]
[2019-12-18 08:05:44]	[INFO][ws_an_getdropdown.php]		1
[2019-12-18 08:05:44]	[INFO][ws_an_getdropdown.php]		SELECT * FROM  groups  WHERE  `account_status`='active'  and group_status ='Y' and userstatus ='active' and `added_user_id`='12' and  usertype = 'writeonly' group by account_id
[2019-12-18 08:05:44]	[INFO][ws_an_getdropdown.php]		[{"account_id":"18","user_id":"5c3b3a6485ea66.91060288","currcode":"INR","freezedate":"2019-08-26","accountname":"testfamily","date":"2019-01-13","accountstatus":"active"},{"account_id":"37","user_id":"5c37846fbfae87.51444429","currcode":"INR","freezedate":"0000-00-00","accountname":"Acs 2019 August month","date":"2019-01-22","accountstatus":"active"},{"account_id":"56","user_id":"5c3c8a7d560c12.20920952","currcode":"USD","freezedate":"0000-00-00","accountname":"roommets","date":"2019-03-20","accountstatus":"active"},{"account_id":"80","user_id":"5c3b3a6485ea66.91060288","currcode":"USD","freezedate":"0000-00-00","accountname":"expenses","date":"2019-08-06","accountstatus":"active"},{"account_id":"91","user_id":"5c3b3a6485ea66.91060288","currcode":"USD","freezedate":"0000-00-00","accountname":"yy","date":"2019-08-08","accountstatus":"active"},{"account_id":"92","user_id":"5c3b3a6485ea66.91060288","currcode":"INR","freezedate":"0000-00-00","accountname":"hello","date":"2019-08-09","accountstatus":"active"},{"account_id":"93","user_id":"5c37846fbfae87.51444429","currcode":"INR","freezedate":"0000-00-00","accountname":"Final Testing","date":"2019-08-13","accountstatus":"active"},{"account_id":"123","user_id":"5c3b3a75532f62.49043861","currcode":"INR","freezedate":"0000-00-00","accountname":"PP-Mgmt","date":"2019-10-19","accountstatus":"active"},{"account_id":"132","user_id":"5d77b126ddf738.97883465","currcode":"INR","freezedate":"0000-00-00","accountname":"Cmr ","date":"2019-11-02","accountstatus":"active"},{"account_id":"153","user_id":"5df9effd9b6ed6.63000633","currcode":"INR","freezedate":"0000-00-00","accountname":"room maintence","date":"2019-12-18","accountstatus":"active"}]
[2019-12-18 08:05:51]	[INFO][ws_an_getdropdown.php]		10
[2019-12-18 08:05:51]	[INFO][ws_an_getdropdown.php]		1
[2019-12-18 08:05:51]	[INFO][ws_an_getdropdown.php]		SELECT * FROM  groups  WHERE  `account_status`='active'  and group_status ='Y' and userstatus ='active' and `added_user_id`='12'  group by account_id
[2019-12-18 08:05:51]	[INFO][ws_an_getdropdown.php]		SELECT * FROM  groups  WHERE  `account_status`='active'  and group_status ='Y' and userstatus ='active' and `added_user_id`='12' and  usertype = 'writeonly' group by account_id
[2019-12-18 08:05:51]	[INFO][ws_an_getdropdown.php]		[{"account_id":"18","user_id":"5c3b3a6485ea66.91060288","currcode":"INR","freezedate":"2019-08-26","accountname":"testfamily","date":"2019-01-13","accountstatus":"active"},{"account_id":"37","user_id":"5c37846fbfae87.51444429","currcode":"INR","freezedate":"0000-00-00","accountname":"Acs 2019 August month","date":"2019-01-22","accountstatus":"active"},{"account_id":"56","user_id":"5c3c8a7d560c12.20920952","currcode":"USD","freezedate":"0000-00-00","accountname":"roommets","date":"2019-03-20","accountstatus":"active"},{"account_id":"80","user_id":"5c3b3a6485ea66.91060288","currcode":"USD","freezedate":"0000-00-00","accountname":"expenses","date":"2019-08-06","accountstatus":"active"},{"account_id":"91","user_id":"5c3b3a6485ea66.91060288","currcode":"USD","freezedate":"0000-00-00","accountname":"yy","date":"2019-08-08","accountstatus":"active"},{"account_id":"92","user_id":"5c3b3a6485ea66.91060288","currcode":"INR","freezedate":"0000-00-00","accountname":"hello","date":"2019-08-09","accountstatus":"active"},{"account_id":"93","user_id":"5c37846fbfae87.51444429","currcode":"INR","freezedate":"0000-00-00","accountname":"Final Testing","date":"2019-08-13","accountstatus":"active"},{"account_id":"123","user_id":"5c3b3a75532f62.49043861","currcode":"INR","freezedate":"0000-00-00","accountname":"PP-Mgmt","date":"2019-10-19","accountstatus":"active"},{"account_id":"132","user_id":"5d77b126ddf738.97883465","currcode":"INR","freezedate":"0000-00-00","accountname":"Cmr ","date":"2019-11-02","accountstatus":"active"},{"account_id":"153","user_id":"5df9effd9b6ed6.63000633","currcode":"INR","freezedate":"0000-00-00","accountname":"room maintence","date":"2019-12-18","accountstatus":"active"}]
[2019-12-18 08:05:51]	[INFO][ws_an_getdropdown.php]		[{"account_id":"18","user_id":"5c3b3a6485ea66.91060288","currcode":"INR","freezedate":"2019-08-26","accountname":"testfamily","date":"2019-01-13","accountstatus":"active"},{"account_id":"37","user_id":"5c37846fbfae87.51444429","currcode":"INR","freezedate":"0000-00-00","accountname":"Acs 2019 August month","date":"2019-01-22","accountstatus":"active"},{"account_id":"56","user_id":"5c3c8a7d560c12.20920952","currcode":"USD","freezedate":"0000-00-00","accountname":"roommets","date":"2019-03-20","accountstatus":"active"},{"account_id":"80","user_id":"5c3b3a6485ea66.91060288","currcode":"USD","freezedate":"0000-00-00","accountname":"expenses","date":"2019-08-06","accountstatus":"active"},{"account_id":"91","user_id":"5c3b3a6485ea66.91060288","currcode":"USD","freezedate":"0000-00-00","accountname":"yy","date":"2019-08-08","accountstatus":"active"},{"account_id":"92","user_id":"5c3b3a6485ea66.91060288","currcode":"INR","freezedate":"0000-00-00","accountname":"hello","date":"2019-08-09","accountstatus":"active"},{"account_id":"93","user_id":"5c37846fbfae87.51444429","currcode":"INR","freezedate":"0000-00-00","accountname":"Final Testing","date":"2019-08-13","accountstatus":"active"},{"account_id":"123","user_id":"5c3b3a75532f62.49043861","currcode":"INR","freezedate":"0000-00-00","accountname":"PP-Mgmt","date":"2019-10-19","accountstatus":"active"},{"account_id":"132","user_id":"5d77b126ddf738.97883465","currcode":"INR","freezedate":"0000-00-00","accountname":"Cmr ","date":"2019-11-02","accountstatus":"active"},{"account_id":"153","user_id":"5df9effd9b6ed6.63000633","currcode":"INR","freezedate":"0000-00-00","accountname":"room maintence","date":"2019-12-18","accountstatus":"active"}]
[2019-12-18 08:07:08]	[INFO][ws_an_getdropdown.php]		10
[2019-12-18 08:07:08]	[INFO][ws_an_getdropdown.php]		1
[2019-12-18 08:07:08]	[INFO][ws_an_getdropdown.php]		SELECT * FROM  groups  WHERE  `account_status`='active'  and group_status ='Y' and userstatus ='active' and `added_user_id`='12'  group by account_id
[2019-12-18 08:07:08]	[INFO][ws_an_getdropdown.php]		SELECT * FROM  groups  WHERE  `account_status`='active'  and group_status ='Y' and userstatus ='active' and `added_user_id`='12' and  usertype = 'writeonly' group by account_id
[2019-12-18 08:07:08]	[INFO][ws_an_getdropdown.php]		[{"account_id":"18","user_id":"5c3b3a6485ea66.91060288","currcode":"INR","freezedate":"2019-08-26","accountname":"testfamily","date":"2019-01-13","accountstatus":"active"},{"account_id":"37","user_id":"5c37846fbfae87.51444429","currcode":"INR","freezedate":"0000-00-00","accountname":"Acs 2019 August month","date":"2019-01-22","accountstatus":"active"},{"account_id":"56","user_id":"5c3c8a7d560c12.20920952","currcode":"USD","freezedate":"0000-00-00","accountname":"roommets","date":"2019-03-20","accountstatus":"active"},{"account_id":"80","user_id":"5c3b3a6485ea66.91060288","currcode":"USD","freezedate":"0000-00-00","accountname":"expenses","date":"2019-08-06","accountstatus":"active"},{"account_id":"91","user_id":"5c3b3a6485ea66.91060288","currcode":"USD","freezedate":"0000-00-00","accountname":"yy","date":"2019-08-08","accountstatus":"active"},{"account_id":"92","user_id":"5c3b3a6485ea66.91060288","currcode":"INR","freezedate":"0000-00-00","accountname":"hello","date":"2019-08-09","accountstatus":"active"},{"account_id":"93","user_id":"5c37846fbfae87.51444429","currcode":"INR","freezedate":"0000-00-00","accountname":"Final Testing","date":"2019-08-13","accountstatus":"active"},{"account_id":"123","user_id":"5c3b3a75532f62.49043861","currcode":"INR","freezedate":"0000-00-00","accountname":"PP-Mgmt","date":"2019-10-19","accountstatus":"active"},{"account_id":"132","user_id":"5d77b126ddf738.97883465","currcode":"INR","freezedate":"0000-00-00","accountname":"Cmr ","date":"2019-11-02","accountstatus":"active"}]
[2019-12-18 08:07:08]	[INFO][ws_an_getdropdown.php]		[{"account_id":"18","user_id":"5c3b3a6485ea66.91060288","currcode":"INR","freezedate":"2019-08-26","accountname":"testfamily","date":"2019-01-13","accountstatus":"active"},{"account_id":"37","user_id":"5c37846fbfae87.51444429","currcode":"INR","freezedate":"0000-00-00","accountname":"Acs 2019 August month","date":"2019-01-22","accountstatus":"active"},{"account_id":"56","user_id":"5c3c8a7d560c12.20920952","currcode":"USD","freezedate":"0000-00-00","accountname":"roommets","date":"2019-03-20","accountstatus":"active"},{"account_id":"80","user_id":"5c3b3a6485ea66.91060288","currcode":"USD","freezedate":"0000-00-00","accountname":"expenses","date":"2019-08-06","accountstatus":"active"},{"account_id":"91","user_id":"5c3b3a6485ea66.91060288","currcode":"USD","freezedate":"0000-00-00","accountname":"yy","date":"2019-08-08","accountstatus":"active"},{"account_id":"92","user_id":"5c3b3a6485ea66.91060288","currcode":"INR","freezedate":"0000-00-00","accountname":"hello","date":"2019-08-09","accountstatus":"active"},{"account_id":"93","user_id":"5c37846fbfae87.51444429","currcode":"INR","freezedate":"0000-00-00","accountname":"Final Testing","date":"2019-08-13","accountstatus":"active"},{"account_id":"123","user_id":"5c3b3a75532f62.49043861","currcode":"INR","freezedate":"0000-00-00","accountname":"PP-Mgmt","date":"2019-10-19","accountstatus":"active"},{"account_id":"132","user_id":"5d77b126ddf738.97883465","currcode":"INR","freezedate":"0000-00-00","accountname":"Cmr ","date":"2019-11-02","accountstatus":"active"},{"account_id":"153","user_id":"5df9effd9b6ed6.63000633","currcode":"INR","freezedate":"0000-00-00","accountname":"room maintence","date":"2019-12-18","accountstatus":"active"}]
[2019-12-18 08:08:50]	[INFO][ws_an_getdropdown.php]		10
[2019-12-18 08:08:50]	[INFO][ws_an_getdropdown.php]		1
[2019-12-18 08:08:50]	[INFO][ws_an_getdropdown.php]		SELECT * FROM  groups  WHERE  `account_status`='active'  and group_status ='Y' and userstatus ='active' and `added_user_id`='12' and  usertype = 'writeonly' group by account_id
[2019-12-18 08:08:50]	[INFO][ws_an_getdropdown.php]		SELECT * FROM  groups  WHERE  `account_status`='active'  and group_status ='Y' and userstatus ='active' and `added_user_id`='12'  group by account_id
[2019-12-18 08:08:50]	[INFO][ws_an_getdropdown.php]		[{"account_id":"18","user_id":"5c3b3a6485ea66.91060288","currcode":"INR","freezedate":"2019-08-26","accountname":"testfamily","date":"2019-01-13","accountstatus":"active"},{"account_id":"37","user_id":"5c37846fbfae87.51444429","currcode":"INR","freezedate":"0000-00-00","accountname":"Acs 2019 August month","date":"2019-01-22","accountstatus":"active"},{"account_id":"56","user_id":"5c3c8a7d560c12.20920952","currcode":"USD","freezedate":"0000-00-00","accountname":"roommets","date":"2019-03-20","accountstatus":"active"},{"account_id":"80","user_id":"5c3b3a6485ea66.91060288","currcode":"USD","freezedate":"0000-00-00","accountname":"expenses","date":"2019-08-06","accountstatus":"active"},{"account_id":"91","user_id":"5c3b3a6485ea66.91060288","currcode":"USD","freezedate":"0000-00-00","accountname":"yy","date":"2019-08-08","accountstatus":"active"},{"account_id":"92","user_id":"5c3b3a6485ea66.91060288","currcode":"INR","freezedate":"0000-00-00","accountname":"hello","date":"2019-08-09","accountstatus":"active"},{"account_id":"93","user_id":"5c37846fbfae87.51444429","currcode":"INR","freezedate":"0000-00-00","accountname":"Final Testing","date":"2019-08-13","accountstatus":"active"},{"account_id":"123","user_id":"5c3b3a75532f62.49043861","currcode":"INR","freezedate":"0000-00-00","accountname":"PP-Mgmt","date":"2019-10-19","accountstatus":"active"},{"account_id":"132","user_id":"5d77b126ddf738.97883465","currcode":"INR","freezedate":"0000-00-00","accountname":"Cmr ","date":"2019-11-02","accountstatus":"active"}]
[2019-12-18 08:08:50]	[INFO][ws_an_getdropdown.php]		[{"account_id":"18","user_id":"5c3b3a6485ea66.91060288","currcode":"INR","freezedate":"2019-08-26","accountname":"testfamily","date":"2019-01-13","accountstatus":"active"},{"account_id":"37","user_id":"5c37846fbfae87.51444429","currcode":"INR","freezedate":"0000-00-00","accountname":"Acs 2019 August month","date":"2019-01-22","accountstatus":"active"},{"account_id":"56","user_id":"5c3c8a7d560c12.20920952","currcode":"USD","freezedate":"0000-00-00","accountname":"roommets","date":"2019-03-20","accountstatus":"active"},{"account_id":"80","user_id":"5c3b3a6485ea66.91060288","currcode":"USD","freezedate":"0000-00-00","accountname":"expenses","date":"2019-08-06","accountstatus":"active"},{"account_id":"91","user_id":"5c3b3a6485ea66.91060288","currcode":"USD","freezedate":"0000-00-00","accountname":"yy","date":"2019-08-08","accountstatus":"active"},{"account_id":"92","user_id":"5c3b3a6485ea66.91060288","currcode":"INR","freezedate":"0000-00-00","accountname":"hello","date":"2019-08-09","accountstatus":"active"},{"account_id":"93","user_id":"5c37846fbfae87.51444429","currcode":"INR","freezedate":"0000-00-00","accountname":"Final Testing","date":"2019-08-13","accountstatus":"active"},{"account_id":"123","user_id":"5c3b3a75532f62.49043861","currcode":"INR","freezedate":"0000-00-00","accountname":"PP-Mgmt","date":"2019-10-19","accountstatus":"active"},{"account_id":"132","user_id":"5d77b126ddf738.97883465","currcode":"INR","freezedate":"0000-00-00","accountname":"Cmr ","date":"2019-11-02","accountstatus":"active"},{"account_id":"153","user_id":"5df9effd9b6ed6.63000633","currcode":"INR","freezedate":"0000-00-00","accountname":"room maintence","date":"2019-12-18","accountstatus":"active"}]
[2019-12-18 08:09:28]	[INFO][ws_an_getdropdown.php]		1
[2019-12-18 08:09:28]	[INFO][ws_an_getdropdown.php]		10
[2019-12-18 08:09:28]	[INFO][ws_an_getdropdown.php]		SELECT * FROM  groups  WHERE  `account_status`='active'  and group_status ='Y' and userstatus ='active' and `added_user_id`='12' and  usertype = 'writeonly' group by account_id
[2019-12-18 08:09:28]	[INFO][ws_an_getdropdown.php]		SELECT * FROM  groups  WHERE  `account_status`='active'  and group_status ='Y' and userstatus ='active' and `added_user_id`='12'  group by account_id
[2019-12-18 08:09:28]	[INFO][ws_an_getdropdown.php]		[{"account_id":"18","user_id":"5c3b3a6485ea66.91060288","currcode":"INR","freezedate":"2019-08-26","accountname":"testfamily","date":"2019-01-13","accountstatus":"active"},{"account_id":"37","user_id":"5c37846fbfae87.51444429","currcode":"INR","freezedate":"0000-00-00","accountname":"Acs 2019 August month","date":"2019-01-22","accountstatus":"active"},{"account_id":"56","user_id":"5c3c8a7d560c12.20920952","currcode":"USD","freezedate":"0000-00-00","accountname":"roommets","date":"2019-03-20","accountstatus":"active"},{"account_id":"80","user_id":"5c3b3a6485ea66.91060288","currcode":"USD","freezedate":"0000-00-00","accountname":"expenses","date":"2019-08-06","accountstatus":"active"},{"account_id":"91","user_id":"5c3b3a6485ea66.91060288","currcode":"USD","freezedate":"0000-00-00","accountname":"yy","date":"2019-08-08","accountstatus":"active"},{"account_id":"92","user_id":"5c3b3a6485ea66.91060288","currcode":"INR","freezedate":"0000-00-00","accountname":"hello","date":"2019-08-09","accountstatus":"active"},{"account_id":"93","user_id":"5c37846fbfae87.51444429","currcode":"INR","freezedate":"0000-00-00","accountname":"Final Testing","date":"2019-08-13","accountstatus":"active"},{"account_id":"123","user_id":"5c3b3a75532f62.49043861","currcode":"INR","freezedate":"0000-00-00","accountname":"PP-Mgmt","date":"2019-10-19","accountstatus":"active"},{"account_id":"132","user_id":"5d77b126ddf738.97883465","currcode":"INR","freezedate":"0000-00-00","accountname":"Cmr ","date":"2019-11-02","accountstatus":"active"}]
[2019-12-18 08:09:28]	[INFO][ws_an_getdropdown.php]		[{"account_id":"18","user_id":"5c3b3a6485ea66.91060288","currcode":"INR","freezedate":"2019-08-26","accountname":"testfamily","date":"2019-01-13","accountstatus":"active"},{"account_id":"37","user_id":"5c37846fbfae87.51444429","currcode":"INR","freezedate":"0000-00-00","accountname":"Acs 2019 August month","date":"2019-01-22","accountstatus":"active"},{"account_id":"56","user_id":"5c3c8a7d560c12.20920952","currcode":"USD","freezedate":"0000-00-00","accountname":"roommets","date":"2019-03-20","accountstatus":"active"},{"account_id":"80","user_id":"5c3b3a6485ea66.91060288","currcode":"USD","freezedate":"0000-00-00","accountname":"expenses","date":"2019-08-06","accountstatus":"active"},{"account_id":"91","user_id":"5c3b3a6485ea66.91060288","currcode":"USD","freezedate":"0000-00-00","accountname":"yy","date":"2019-08-08","accountstatus":"active"},{"account_id":"92","user_id":"5c3b3a6485ea66.91060288","currcode":"INR","freezedate":"0000-00-00","accountname":"hello","date":"2019-08-09","accountstatus":"active"},{"account_id":"93","user_id":"5c37846fbfae87.51444429","currcode":"INR","freezedate":"0000-00-00","accountname":"Final Testing","date":"2019-08-13","accountstatus":"active"},{"account_id":"123","user_id":"5c3b3a75532f62.49043861","currcode":"INR","freezedate":"0000-00-00","accountname":"PP-Mgmt","date":"2019-10-19","accountstatus":"active"},{"account_id":"132","user_id":"5d77b126ddf738.97883465","currcode":"INR","freezedate":"0000-00-00","accountname":"Cmr ","date":"2019-11-02","accountstatus":"active"}]
[2019-12-18 08:10:37]	[INFO][ws_an_getdropdown.php]		10
[2019-12-18 08:10:37]	[INFO][ws_an_getdropdown.php]		1
[2019-12-18 08:10:37]	[INFO][ws_an_getdropdown.php]		SELECT * FROM  groups  WHERE  `account_status`='active'  and group_status ='Y' and userstatus ='active' and `added_user_id`='12' and  usertype = 'writeonly' group by account_id
[2019-12-18 08:10:37]	[INFO][ws_an_getdropdown.php]		SELECT * FROM  groups  WHERE  `account_status`='active'  and group_status ='Y' and userstatus ='active' and `added_user_id`='12'  group by account_id
[2019-12-18 08:10:37]	[INFO][ws_an_getdropdown.php]		[{"account_id":"18","user_id":"5c3b3a6485ea66.91060288","currcode":"INR","freezedate":"2019-08-26","accountname":"testfamily","date":"2019-01-13","accountstatus":"active"},{"account_id":"37","user_id":"5c37846fbfae87.51444429","currcode":"INR","freezedate":"0000-00-00","accountname":"Acs 2019 August month","date":"2019-01-22","accountstatus":"active"},{"account_id":"56","user_id":"5c3c8a7d560c12.20920952","currcode":"USD","freezedate":"0000-00-00","accountname":"roommets","date":"2019-03-20","accountstatus":"active"},{"account_id":"80","user_id":"5c3b3a6485ea66.91060288","currcode":"USD","freezedate":"0000-00-00","accountname":"expenses","date":"2019-08-06","accountstatus":"active"},{"account_id":"91","user_id":"5c3b3a6485ea66.91060288","currcode":"USD","freezedate":"0000-00-00","accountname":"yy","date":"2019-08-08","accountstatus":"active"},{"account_id":"92","user_id":"5c3b3a6485ea66.91060288","currcode":"INR","freezedate":"0000-00-00","accountname":"hello","date":"2019-08-09","accountstatus":"active"},{"account_id":"93","user_id":"5c37846fbfae87.51444429","currcode":"INR","freezedate":"0000-00-00","accountname":"Final Testing","date":"2019-08-13","accountstatus":"active"},{"account_id":"123","user_id":"5c3b3a75532f62.49043861","currcode":"INR","freezedate":"0000-00-00","accountname":"PP-Mgmt","date":"2019-10-19","accountstatus":"active"},{"account_id":"132","user_id":"5d77b126ddf738.97883465","currcode":"INR","freezedate":"0000-00-00","accountname":"Cmr ","date":"2019-11-02","accountstatus":"active"}]
[2019-12-18 08:10:37]	[INFO][ws_an_getdropdown.php]		[{"account_id":"18","user_id":"5c3b3a6485ea66.91060288","currcode":"INR","freezedate":"2019-08-26","accountname":"testfamily","date":"2019-01-13","accountstatus":"active"},{"account_id":"37","user_id":"5c37846fbfae87.51444429","currcode":"INR","freezedate":"0000-00-00","accountname":"Acs 2019 August month","date":"2019-01-22","accountstatus":"active"},{"account_id":"56","user_id":"5c3c8a7d560c12.20920952","currcode":"USD","freezedate":"0000-00-00","accountname":"roommets","date":"2019-03-20","accountstatus":"active"},{"account_id":"80","user_id":"5c3b3a6485ea66.91060288","currcode":"USD","freezedate":"0000-00-00","accountname":"expenses","date":"2019-08-06","accountstatus":"active"},{"account_id":"91","user_id":"5c3b3a6485ea66.91060288","currcode":"USD","freezedate":"0000-00-00","accountname":"yy","date":"2019-08-08","accountstatus":"active"},{"account_id":"92","user_id":"5c3b3a6485ea66.91060288","currcode":"INR","freezedate":"0000-00-00","accountname":"hello","date":"2019-08-09","accountstatus":"active"},{"account_id":"93","user_id":"5c37846fbfae87.51444429","currcode":"INR","freezedate":"0000-00-00","accountname":"Final Testing","date":"2019-08-13","accountstatus":"active"},{"account_id":"123","user_id":"5c3b3a75532f62.49043861","currcode":"INR","freezedate":"0000-00-00","accountname":"PP-Mgmt","date":"2019-10-19","accountstatus":"active"},{"account_id":"132","user_id":"5d77b126ddf738.97883465","currcode":"INR","freezedate":"0000-00-00","accountname":"Cmr ","date":"2019-11-02","accountstatus":"active"},{"account_id":"153","user_id":"5df9effd9b6ed6.63000633","currcode":"INR","freezedate":"0000-00-00","accountname":"room maintence","date":"2019-12-18","accountstatus":"active"}]
[2019-12-18 08:11:24]	[INFO][ws_an_getdropdown.php]		1
[2019-12-18 08:11:24]	[INFO][ws_an_getdropdown.php]		10
[2019-12-18 08:11:24]	[INFO][ws_an_getdropdown.php]		SELECT * FROM  groups  WHERE  `account_status`='active'  and group_status ='Y' and userstatus ='active' and `added_user_id`='12'  group by account_id
[2019-12-18 08:11:24]	[INFO][ws_an_getdropdown.php]		SELECT * FROM  groups  WHERE  `account_status`='active'  and group_status ='Y' and userstatus ='active' and `added_user_id`='12' and  usertype = 'writeonly' group by account_id
[2019-12-18 08:11:24]	[INFO][ws_an_getdropdown.php]		[{"account_id":"18","user_id":"5c3b3a6485ea66.91060288","currcode":"INR","freezedate":"2019-08-26","accountname":"testfamily","date":"2019-01-13","accountstatus":"active"},{"account_id":"37","user_id":"5c37846fbfae87.51444429","currcode":"INR","freezedate":"0000-00-00","accountname":"Acs 2019 August month","date":"2019-01-22","accountstatus":"active"},{"account_id":"56","user_id":"5c3c8a7d560c12.20920952","currcode":"USD","freezedate":"0000-00-00","accountname":"roommets","date":"2019-03-20","accountstatus":"active"},{"account_id":"80","user_id":"5c3b3a6485ea66.91060288","currcode":"USD","freezedate":"0000-00-00","accountname":"expenses","date":"2019-08-06","accountstatus":"active"},{"account_id":"91","user_id":"5c3b3a6485ea66.91060288","currcode":"USD","freezedate":"0000-00-00","accountname":"yy","date":"2019-08-08","accountstatus":"active"},{"account_id":"92","user_id":"5c3b3a6485ea66.91060288","currcode":"INR","freezedate":"0000-00-00","accountname":"hello","date":"2019-08-09","accountstatus":"active"},{"account_id":"93","user_id":"5c37846fbfae87.51444429","currcode":"INR","freezedate":"0000-00-00","accountname":"Final Testing","date":"2019-08-13","accountstatus":"active"},{"account_id":"123","user_id":"5c3b3a75532f62.49043861","currcode":"INR","freezedate":"0000-00-00","accountname":"PP-Mgmt","date":"2019-10-19","accountstatus":"active"},{"account_id":"132","user_id":"5d77b126ddf738.97883465","currcode":"INR","freezedate":"0000-00-00","accountname":"Cmr ","date":"2019-11-02","accountstatus":"active"},{"account_id":"153","user_id":"5df9effd9b6ed6.63000633","currcode":"INR","freezedate":"0000-00-00","accountname":"room maintence","date":"2019-12-18","accountstatus":"active"}]
[2019-12-18 08:11:24]	[INFO][ws_an_getdropdown.php]		[{"account_id":"18","user_id":"5c3b3a6485ea66.91060288","currcode":"INR","freezedate":"2019-08-26","accountname":"testfamily","date":"2019-01-13","accountstatus":"active"},{"account_id":"37","user_id":"5c37846fbfae87.51444429","currcode":"INR","freezedate":"0000-00-00","accountname":"Acs 2019 August month","date":"2019-01-22","accountstatus":"active"},{"account_id":"56","user_id":"5c3c8a7d560c12.20920952","currcode":"USD","freezedate":"0000-00-00","accountname":"roommets","date":"2019-03-20","accountstatus":"active"},{"account_id":"80","user_id":"5c3b3a6485ea66.91060288","currcode":"USD","freezedate":"0000-00-00","accountname":"expenses","date":"2019-08-06","accountstatus":"active"},{"account_id":"91","user_id":"5c3b3a6485ea66.91060288","currcode":"USD","freezedate":"0000-00-00","accountname":"yy","date":"2019-08-08","accountstatus":"active"},{"account_id":"92","user_id":"5c3b3a6485ea66.91060288","currcode":"INR","freezedate":"0000-00-00","accountname":"hello","date":"2019-08-09","accountstatus":"active"},{"account_id":"93","user_id":"5c37846fbfae87.51444429","currcode":"INR","freezedate":"0000-00-00","accountname":"Final Testing","date":"2019-08-13","accountstatus":"active"},{"account_id":"123","user_id":"5c3b3a75532f62.49043861","currcode":"INR","freezedate":"0000-00-00","accountname":"PP-Mgmt","date":"2019-10-19","accountstatus":"active"},{"account_id":"132","user_id":"5d77b126ddf738.97883465","currcode":"INR","freezedate":"0000-00-00","accountname":"Cmr ","date":"2019-11-02","accountstatus":"active"},{"account_id":"153","user_id":"5df9effd9b6ed6.63000633","currcode":"INR","freezedate":"0000-00-00","accountname":"room maintence","date":"2019-12-18","accountstatus":"active"}]
[2019-12-18 11:08:43]	[INFO][ws_an_getdropdown.php]		1
[2019-12-18 11:08:43]	[INFO][ws_an_getdropdown.php]		SELECT * FROM  groups  WHERE  `account_status`='active'  and group_status ='Y' and userstatus ='active' and `added_user_id`='13' and  usertype = 'writeonly' group by account_id
[2019-12-18 11:08:43]	[INFO][ws_an_getdropdown.php]		[{"account_id":"32","user_id":"5c3b3a75532f62.49043861","currcode":"USD","freezedate":"0000-00-00","accountname":"ACSIndia","date":"2019-01-22","accountstatus":"active"},{"account_id":"33","user_id":"5c3b3a75532f62.49043861","currcode":"INR","freezedate":"2019-07-31","accountname":"India Properties","date":"2019-01-22","accountstatus":"active"},{"account_id":"34","user_id":"5c3b3a75532f62.49043861","currcode":"USD","freezedate":"0000-00-00","accountname":"ACS HYD","date":"2019-01-22","accountstatus":"active"},{"account_id":"52","user_id":"5c3b3a75532f62.49043861","currcode":"INR","freezedate":"2019-07-31","accountname":"578 Building Project","date":"2019-02-26","accountstatus":"active"},{"account_id":"123","user_id":"5c3b3a75532f62.49043861","currcode":"INR","freezedate":"0000-00-00","accountname":"PP-Mgmt","date":"2019-10-19","accountstatus":"active"}]
[2019-12-18 11:09:18]	[INFO][ws_an_getdropdown.php]		1
[2019-12-18 11:09:18]	[INFO][ws_an_getdropdown.php]		SELECT * FROM  groups  WHERE  `account_status`='active'  and group_status ='Y' and userstatus ='active' and `added_user_id`='13' and  usertype = 'writeonly' group by account_id
[2019-12-18 11:09:18]	[INFO][ws_an_getdropdown.php]		[{"account_id":"32","user_id":"5c3b3a75532f62.49043861","currcode":"USD","freezedate":"0000-00-00","accountname":"ACSIndia","date":"2019-01-22","accountstatus":"active"},{"account_id":"33","user_id":"5c3b3a75532f62.49043861","currcode":"INR","freezedate":"2019-07-31","accountname":"India Properties","date":"2019-01-22","accountstatus":"active"},{"account_id":"34","user_id":"5c3b3a75532f62.49043861","currcode":"USD","freezedate":"0000-00-00","accountname":"ACS HYD","date":"2019-01-22","accountstatus":"active"},{"account_id":"52","user_id":"5c3b3a75532f62.49043861","currcode":"INR","freezedate":"2019-07-31","accountname":"578 Building Project","date":"2019-02-26","accountstatus":"active"},{"account_id":"123","user_id":"5c3b3a75532f62.49043861","currcode":"INR","freezedate":"0000-00-00","accountname":"PP-Mgmt","date":"2019-10-19","accountstatus":"active"}]
[2019-12-18 11:09:18]	[INFO][ws_an_getdropdown.php]		10
[2019-12-18 11:09:18]	[INFO][ws_an_getdropdown.php]		SELECT * FROM  groups  WHERE  `account_status`='active'  and group_status ='Y' and userstatus ='active' and `added_user_id`='13'  group by account_id
[2019-12-18 11:09:18]	[INFO][ws_an_getdropdown.php]		[{"account_id":"32","user_id":"5c3b3a75532f62.49043861","currcode":"USD","freezedate":"0000-00-00","accountname":"ACSIndia","date":"2019-01-22","accountstatus":"active"},{"account_id":"33","user_id":"5c3b3a75532f62.49043861","currcode":"INR","freezedate":"2019-07-31","accountname":"India Properties","date":"2019-01-22","accountstatus":"active"},{"account_id":"34","user_id":"5c3b3a75532f62.49043861","currcode":"USD","freezedate":"0000-00-00","accountname":"ACS HYD","date":"2019-01-22","accountstatus":"active"},{"account_id":"52","user_id":"5c3b3a75532f62.49043861","currcode":"INR","freezedate":"2019-07-31","accountname":"578 Building Project","date":"2019-02-26","accountstatus":"active"},{"account_id":"123","user_id":"5c3b3a75532f62.49043861","currcode":"INR","freezedate":"0000-00-00","accountname":"PP-Mgmt","date":"2019-10-19","accountstatus":"active"}]
[2019-12-18 11:09:56]	[INFO][ws_an_getdropdown.php]		2
[2019-12-18 11:09:56]	[INFO][ws_an_getdropdown.php]		SELECT * FROM `category` WHERE `account_id`='32' AND `cat_type`='income' and status ='active'
[2019-12-18 11:09:56]	[INFO][ws_an_getdropdown.php]		[{"cat_id":"31","cat_name":"RandD"}]
[2019-12-18 11:09:59]	[INFO][ws_an_getdropdown.php]		3
[2019-12-18 11:09:59]	[INFO][ws_an_getdropdown.php]		SELECT * FROM `sub_category` WHERE `cat_id`='31' and status ='active'
[2019-12-18 11:09:59]	[INFO][ws_an_getdropdown.php]		Array
[2019-12-18 11:09:59]	[INFO][ws_an_getdropdown.php]		Array
[2019-12-18 11:09:59]	[INFO][ws_an_getdropdown.php]		[{"sub_id":"56","subcat_name":"SoftwareDevelopment"},{"sub_id":"57","subcat_name":"ContractProgramming"}]
[2019-12-18 11:09:59]	[INFO][ws_an_getdropdown.php]		ending of get subcategory
[2019-12-18 11:11:28]	[INFO][ws_an_getdropdown.php]		1
[2019-12-18 11:11:28]	[INFO][ws_an_getdropdown.php]		SELECT * FROM  groups  WHERE  `account_status`='active'  and group_status ='Y' and userstatus ='active' and `added_user_id`='13' and  usertype = 'writeonly' group by account_id
[2019-12-18 11:11:28]	[INFO][ws_an_getdropdown.php]		10
[2019-12-18 11:11:28]	[INFO][ws_an_getdropdown.php]		SELECT * FROM  groups  WHERE  `account_status`='active'  and group_status ='Y' and userstatus ='active' and `added_user_id`='13'  group by account_id
[2019-12-18 11:11:28]	[INFO][ws_an_getdropdown.php]		[{"account_id":"32","user_id":"5c3b3a75532f62.49043861","currcode":"USD","freezedate":"0000-00-00","accountname":"ACSIndia","date":"2019-01-22","accountstatus":"active"},{"account_id":"33","user_id":"5c3b3a75532f62.49043861","currcode":"INR","freezedate":"2019-07-31","accountname":"India Properties","date":"2019-01-22","accountstatus":"active"},{"account_id":"34","user_id":"5c3b3a75532f62.49043861","currcode":"USD","freezedate":"0000-00-00","accountname":"ACS HYD","date":"2019-01-22","accountstatus":"active"},{"account_id":"52","user_id":"5c3b3a75532f62.49043861","currcode":"INR","freezedate":"2019-07-31","accountname":"578 Building Project","date":"2019-02-26","accountstatus":"active"},{"account_id":"123","user_id":"5c3b3a75532f62.49043861","currcode":"INR","freezedate":"0000-00-00","accountname":"PP-Mgmt","date":"2019-10-19","accountstatus":"active"}]
[2019-12-18 11:11:28]	[INFO][ws_an_getdropdown.php]		[{"account_id":"32","user_id":"5c3b3a75532f62.49043861","currcode":"USD","freezedate":"0000-00-00","accountname":"ACSIndia","date":"2019-01-22","accountstatus":"active"},{"account_id":"33","user_id":"5c3b3a75532f62.49043861","currcode":"INR","freezedate":"2019-07-31","accountname":"India Properties","date":"2019-01-22","accountstatus":"active"},{"account_id":"34","user_id":"5c3b3a75532f62.49043861","currcode":"USD","freezedate":"0000-00-00","accountname":"ACS HYD","date":"2019-01-22","accountstatus":"active"},{"account_id":"52","user_id":"5c3b3a75532f62.49043861","currcode":"INR","freezedate":"2019-07-31","accountname":"578 Building Project","date":"2019-02-26","accountstatus":"active"},{"account_id":"123","user_id":"5c3b3a75532f62.49043861","currcode":"INR","freezedate":"0000-00-00","accountname":"PP-Mgmt","date":"2019-10-19","accountstatus":"active"}]
[2019-12-18 11:11:53]	[INFO][ws_an_getdropdown.php]		1
[2019-12-18 11:11:53]	[INFO][ws_an_getdropdown.php]		SELECT * FROM  groups  WHERE  `account_status`='active'  and group_status ='Y' and userstatus ='active' and `added_user_id`='13' and  usertype = 'writeonly' group by account_id
[2019-12-18 11:11:53]	[INFO][ws_an_getdropdown.php]		[{"account_id":"32","user_id":"5c3b3a75532f62.49043861","currcode":"USD","freezedate":"0000-00-00","accountname":"ACSIndia","date":"2019-01-22","accountstatus":"active"},{"account_id":"33","user_id":"5c3b3a75532f62.49043861","currcode":"INR","freezedate":"2019-07-31","accountname":"India Properties","date":"2019-01-22","accountstatus":"active"},{"account_id":"34","user_id":"5c3b3a75532f62.49043861","currcode":"USD","freezedate":"0000-00-00","accountname":"ACS HYD","date":"2019-01-22","accountstatus":"active"},{"account_id":"52","user_id":"5c3b3a75532f62.49043861","currcode":"INR","freezedate":"2019-07-31","accountname":"578 Building Project","date":"2019-02-26","accountstatus":"active"},{"account_id":"123","user_id":"5c3b3a75532f62.49043861","currcode":"INR","freezedate":"0000-00-00","accountname":"PP-Mgmt","date":"2019-10-19","accountstatus":"active"}]
[2019-12-18 11:11:53]	[INFO][ws_an_getdropdown.php]		10
[2019-12-18 11:11:53]	[INFO][ws_an_getdropdown.php]		SELECT * FROM  groups  WHERE  `account_status`='active'  and group_status ='Y' and userstatus ='active' and `added_user_id`='13'  group by account_id
[2019-12-18 11:11:53]	[INFO][ws_an_getdropdown.php]		[{"account_id":"32","user_id":"5c3b3a75532f62.49043861","currcode":"USD","freezedate":"0000-00-00","accountname":"ACSIndia","date":"2019-01-22","accountstatus":"active"},{"account_id":"33","user_id":"5c3b3a75532f62.49043861","currcode":"INR","freezedate":"2019-07-31","accountname":"India Properties","date":"2019-01-22","accountstatus":"active"},{"account_id":"34","user_id":"5c3b3a75532f62.49043861","currcode":"USD","freezedate":"0000-00-00","accountname":"ACS HYD","date":"2019-01-22","accountstatus":"active"},{"account_id":"52","user_id":"5c3b3a75532f62.49043861","currcode":"INR","freezedate":"2019-07-31","accountname":"578 Building Project","date":"2019-02-26","accountstatus":"active"},{"account_id":"123","user_id":"5c3b3a75532f62.49043861","currcode":"INR","freezedate":"0000-00-00","accountname":"PP-Mgmt","date":"2019-10-19","accountstatus":"active"}]
[2019-12-18 11:12:54]	[INFO][ws_an_getdropdown.php]		10
[2019-12-18 11:12:54]	[INFO][ws_an_getdropdown.php]		SELECT * FROM  groups  WHERE  `account_status`='active'  and group_status ='Y' and userstatus ='active' and `added_user_id`='13'  group by account_id
[2019-12-18 11:12:54]	[INFO][ws_an_getdropdown.php]		[{"account_id":"32","user_id":"5c3b3a75532f62.49043861","currcode":"USD","freezedate":"0000-00-00","accountname":"ACSIndia","date":"2019-01-22","accountstatus":"active"},{"account_id":"33","user_id":"5c3b3a75532f62.49043861","currcode":"INR","freezedate":"2019-07-31","accountname":"India Properties","date":"2019-01-22","accountstatus":"active"},{"account_id":"34","user_id":"5c3b3a75532f62.49043861","currcode":"USD","freezedate":"0000-00-00","accountname":"ACS HYD","date":"2019-01-22","accountstatus":"active"},{"account_id":"52","user_id":"5c3b3a75532f62.49043861","currcode":"INR","freezedate":"2019-07-31","accountname":"578 Building Project","date":"2019-02-26","accountstatus":"active"},{"account_id":"123","user_id":"5c3b3a75532f62.49043861","currcode":"INR","freezedate":"0000-00-00","accountname":"PP-Mgmt","date":"2019-10-19","accountstatus":"active"}]
[2019-12-18 11:12:54]	[INFO][ws_an_getdropdown.php]		1
[2019-12-18 11:12:54]	[INFO][ws_an_getdropdown.php]		SELECT * FROM  groups  WHERE  `account_status`='active'  and group_status ='Y' and userstatus ='active' and `added_user_id`='13' and  usertype = 'writeonly' group by account_id
[2019-12-18 11:12:54]	[INFO][ws_an_getdropdown.php]		[{"account_id":"32","user_id":"5c3b3a75532f62.49043861","currcode":"USD","freezedate":"0000-00-00","accountname":"ACSIndia","date":"2019-01-22","accountstatus":"active"},{"account_id":"33","user_id":"5c3b3a75532f62.49043861","currcode":"INR","freezedate":"2019-07-31","accountname":"India Properties","date":"2019-01-22","accountstatus":"active"},{"account_id":"34","user_id":"5c3b3a75532f62.49043861","currcode":"USD","freezedate":"0000-00-00","accountname":"ACS HYD","date":"2019-01-22","accountstatus":"active"},{"account_id":"52","user_id":"5c3b3a75532f62.49043861","currcode":"INR","freezedate":"2019-07-31","accountname":"578 Building Project","date":"2019-02-26","accountstatus":"active"},{"account_id":"123","user_id":"5c3b3a75532f62.49043861","currcode":"INR","freezedate":"0000-00-00","accountname":"PP-Mgmt","date":"2019-10-19","accountstatus":"active"}]
[2019-12-18 11:13:04]	[INFO][ws_an_getdropdown.php]		2
[2019-12-18 11:13:04]	[INFO][ws_an_getdropdown.php]		SELECT * FROM `category` WHERE `account_id`='33' AND `cat_type`='income' and status ='active'
[2019-12-18 11:13:04]	[INFO][ws_an_getdropdown.php]		[{"cat_id":"32","cat_name":"Rent"}]
[2019-12-18 11:13:06]	[INFO][ws_an_getdropdown.php]		3
[2019-12-18 11:13:06]	[INFO][ws_an_getdropdown.php]		SELECT * FROM `sub_category` WHERE `cat_id`='32' and status ='active'
[2019-12-18 11:13:06]	[INFO][ws_an_getdropdown.php]		Array
[2019-12-18 11:13:06]	[INFO][ws_an_getdropdown.php]		Array
[2019-12-18 11:13:06]	[INFO][ws_an_getdropdown.php]		Array
[2019-12-18 11:13:06]	[INFO][ws_an_getdropdown.php]		Array
[2019-12-18 11:13:06]	[INFO][ws_an_getdropdown.php]		Array
[2019-12-18 11:13:06]	[INFO][ws_an_getdropdown.php]		Array
[2019-12-18 11:13:06]	[INFO][ws_an_getdropdown.php]		Array
[2019-12-18 11:13:06]	[INFO][ws_an_getdropdown.php]		Array
[2019-12-18 11:13:06]	[INFO][ws_an_getdropdown.php]		Array
[2019-12-18 11:13:06]	[INFO][ws_an_getdropdown.php]		Array
[2019-12-18 11:13:06]	[INFO][ws_an_getdropdown.php]		Array
[2019-12-18 11:13:06]	[INFO][ws_an_getdropdown.php]		Array
[2019-12-18 11:13:06]	[INFO][ws_an_getdropdown.php]		[{"sub_id":"58","subcat_name":"TaranakaFlat"},{"sub_id":"59","subcat_name":"651PragathiNagarFlat"},{"sub_id":"60","subcat_name":"202MuttangiFlat"},{"sub_id":"61","subcat_name":"800Plot"},{"sub_id":"62","subcat_name":"P-1GunturHouse"},{"sub_id":"63","subcat_name":"202Vizag"},{"sub_id":"82","subcat_name":"Shop-3"},{"sub_id":"827","subcat_name":"PP102"},{"sub_id":"829","subcat_name":"PP202"},{"sub_id":"830","subcat_name":"PP402"},{"sub_id":"831","subcat_name":"PP401"},{"sub_id":"832","subcat_name":"PP1BShop"}]
[2019-12-18 11:13:06]	[INFO][ws_an_getdropdown.php]		ending of get subcategory
[2019-12-18 11:15:14]	[INFO][ws_an_getdropdown.php]		1
[2019-12-18 11:15:14]	[INFO][ws_an_getdropdown.php]		SELECT * FROM  groups  WHERE  `account_status`='active'  and group_status ='Y' and userstatus ='active' and `added_user_id`='76' and  usertype = 'writeonly' group by account_id
[2019-12-18 11:15:14]	[INFO][ws_an_getdropdown.php]		[{"account_id":"152","user_id":"5df9effd9b6ed6.63000633","currcode":"","freezedate":"0000-00-00","accountname":"family","date":"2019-12-18","accountstatus":"active"},{"account_id":"153","user_id":"5df9effd9b6ed6.63000633","currcode":"INR","freezedate":"0000-00-00","accountname":"room maintence","date":"2019-12-18","accountstatus":"active"}]
[2019-12-18 11:15:20]	[INFO][ws_an_getdropdown.php]		1
[2019-12-18 11:15:20]	[INFO][ws_an_getdropdown.php]		SELECT * FROM  groups  WHERE  `account_status`='active'  and group_status ='Y' and userstatus ='active' and `added_user_id`='76' and  usertype = 'writeonly' group by account_id
[2019-12-18 11:15:20]	[INFO][ws_an_getdropdown.php]		10
[2019-12-18 11:15:20]	[INFO][ws_an_getdropdown.php]		SELECT * FROM  groups  WHERE  `account_status`='active'  and group_status ='Y' and userstatus ='active' and `added_user_id`='76'  group by account_id
[2019-12-18 11:15:20]	[INFO][ws_an_getdropdown.php]		[{"account_id":"152","user_id":"5df9effd9b6ed6.63000633","currcode":"","freezedate":"0000-00-00","accountname":"family","date":"2019-12-18","accountstatus":"active"},{"account_id":"153","user_id":"5df9effd9b6ed6.63000633","currcode":"INR","freezedate":"0000-00-00","accountname":"room maintence","date":"2019-12-18","accountstatus":"active"}]
[2019-12-18 11:15:20]	[INFO][ws_an_getdropdown.php]		[{"account_id":"152","user_id":"5df9effd9b6ed6.63000633","currcode":"","freezedate":"0000-00-00","accountname":"family","date":"2019-12-18","accountstatus":"active"},{"account_id":"153","user_id":"5df9effd9b6ed6.63000633","currcode":"INR","freezedate":"0000-00-00","accountname":"room maintence","date":"2019-12-18","accountstatus":"active"}]
[2019-12-18 11:15:25]	[INFO][ws_an_getdropdown.php]		2
[2019-12-18 11:15:25]	[INFO][ws_an_getdropdown.php]		SELECT * FROM `category` WHERE `account_id`='153' AND `cat_type`='income' and status ='active'
[2019-12-18 11:15:25]	[INFO][ws_an_getdropdown.php]		[{"cat_id":"516","cat_name":"salary"},{"cat_id":"517","cat_name":"bonous"}]
[2019-12-18 11:15:27]	[INFO][ws_an_getdropdown.php]		3
[2019-12-18 11:15:27]	[INFO][ws_an_getdropdown.php]		SELECT * FROM `sub_category` WHERE `cat_id`='517' and status ='active'
[2019-12-18 11:15:27]	[INFO][ws_an_getdropdown.php]		Array
[2019-12-18 11:15:27]	[INFO][ws_an_getdropdown.php]		[{"sub_id":"1126","subcat_name":"monthlytargetbonous"}]
[2019-12-18 11:15:27]	[INFO][ws_an_getdropdown.php]		ending of get subcategory
[2019-12-18 11:16:31]	[INFO][ws_an_getdropdown.php]		2
[2019-12-18 11:16:31]	[INFO][ws_an_getdropdown.php]		SELECT * FROM `category` WHERE `account_id`='152' AND `cat_type`='income' and status ='active'
[2019-12-18 11:16:31]	[INFO][ws_an_getdropdown.php]		[{"cat_id":"511","cat_name":"Salary"},{"cat_id":"512","cat_name":"Other incoming payments"}]
[2019-12-18 11:16:34]	[INFO][ws_an_getdropdown.php]		3
[2019-12-18 11:16:34]	[INFO][ws_an_getdropdown.php]		SELECT * FROM `sub_category` WHERE `cat_id`='511' and status ='active'
[2019-12-18 11:16:34]	[INFO][ws_an_getdropdown.php]		null
[2019-12-18 11:16:34]	[INFO][ws_an_getdropdown.php]		ending of get subcategory
[2019-12-18 11:16:39]	[INFO][ws_an_getdropdown.php]		3
[2019-12-18 11:16:39]	[INFO][ws_an_getdropdown.php]		SELECT * FROM `sub_category` WHERE `cat_id`='512' and status ='active'
[2019-12-18 11:16:39]	[INFO][ws_an_getdropdown.php]		null
[2019-12-18 11:16:39]	[INFO][ws_an_getdropdown.php]		ending of get subcategory
[2019-12-18 11:16:44]	[INFO][ws_an_getdropdown.php]		2
[2019-12-18 11:16:44]	[INFO][ws_an_getdropdown.php]		SELECT * FROM `category` WHERE `account_id`='153' AND `cat_type`='income' and status ='active'
[2019-12-18 11:16:44]	[INFO][ws_an_getdropdown.php]		[{"cat_id":"516","cat_name":"salary"},{"cat_id":"517","cat_name":"bonous"}]
[2019-12-18 11:16:47]	[INFO][ws_an_getdropdown.php]		3
[2019-12-18 11:16:47]	[INFO][ws_an_getdropdown.php]		SELECT * FROM `sub_category` WHERE `cat_id`='516' and status ='active'
[2019-12-18 11:16:47]	[INFO][ws_an_getdropdown.php]		Array
[2019-12-18 11:16:47]	[INFO][ws_an_getdropdown.php]		[{"sub_id":"1125","subcat_name":"monthlysalary"}]
[2019-12-18 11:16:47]	[INFO][ws_an_getdropdown.php]		ending of get subcategory
[2019-12-18 11:18:57]	[INFO][ws_an_getdropdown.php]		1
[2019-12-18 11:18:57]	[INFO][ws_an_getdropdown.php]		SELECT * FROM  groups  WHERE  `account_status`='active'  and group_status ='Y' and userstatus ='active' and `added_user_id`='76' and  usertype = 'writeonly' group by account_id
[2019-12-18 11:18:57]	[INFO][ws_an_getdropdown.php]		[{"account_id":"152","user_id":"5df9effd9b6ed6.63000633","currcode":"","freezedate":"0000-00-00","accountname":"family","date":"2019-12-18","accountstatus":"active"},{"account_id":"153","user_id":"5df9effd9b6ed6.63000633","currcode":"INR","freezedate":"0000-00-00","accountname":"room maintence","date":"2019-12-18","accountstatus":"active"}]
[2019-12-18 11:19:05]	[INFO][ws_an_getdropdown.php]		10
[2019-12-18 11:19:05]	[INFO][ws_an_getdropdown.php]		SELECT * FROM  groups  WHERE  `account_status`='active'  and group_status ='Y' and userstatus ='active' and `added_user_id`='76'  group by account_id
[2019-12-18 11:19:05]	[INFO][ws_an_getdropdown.php]		[{"account_id":"152","user_id":"5df9effd9b6ed6.63000633","currcode":"","freezedate":"0000-00-00","accountname":"family","date":"2019-12-18","accountstatus":"active"},{"account_id":"153","user_id":"5df9effd9b6ed6.63000633","currcode":"INR","freezedate":"0000-00-00","accountname":"room maintence","date":"2019-12-18","accountstatus":"active"}]
[2019-12-18 11:19:05]	[INFO][ws_an_getdropdown.php]		1
[2019-12-18 11:19:05]	[INFO][ws_an_getdropdown.php]		SELECT * FROM  groups  WHERE  `account_status`='active'  and group_status ='Y' and userstatus ='active' and `added_user_id`='76' and  usertype = 'writeonly' group by account_id
[2019-12-18 11:19:05]	[INFO][ws_an_getdropdown.php]		[{"account_id":"152","user_id":"5df9effd9b6ed6.63000633","currcode":"","freezedate":"0000-00-00","accountname":"family","date":"2019-12-18","accountstatus":"active"},{"account_id":"153","user_id":"5df9effd9b6ed6.63000633","currcode":"INR","freezedate":"0000-00-00","accountname":"room maintence","date":"2019-12-18","accountstatus":"active"}]
[2019-12-18 11:19:10]	[INFO][ws_an_getdropdown.php]		2
[2019-12-18 11:19:10]	[INFO][ws_an_getdropdown.php]		SELECT * FROM `category` WHERE `account_id`='153' AND `cat_type`='income' and status ='active'
[2019-12-18 11:19:10]	[INFO][ws_an_getdropdown.php]		[{"cat_id":"516","cat_name":"salary"},{"cat_id":"517","cat_name":"bonous"}]
[2019-12-18 11:19:11]	[INFO][ws_an_getdropdown.php]		3
[2019-12-18 11:19:11]	[INFO][ws_an_getdropdown.php]		SELECT * FROM `sub_category` WHERE `cat_id`='517' and status ='active'
[2019-12-18 11:19:11]	[INFO][ws_an_getdropdown.php]		Array
[2019-12-18 11:19:11]	[INFO][ws_an_getdropdown.php]		[{"sub_id":"1126","subcat_name":"monthlytargetbonous"}]
[2019-12-18 11:19:11]	[INFO][ws_an_getdropdown.php]		ending of get subcategory
[2019-12-18 12:11:35]	[INFO][ws_an_getdropdown.php]		1
[2019-12-18 12:11:35]	[INFO][ws_an_getdropdown.php]		SELECT * FROM  groups  WHERE  `account_status`='active'  and group_status ='Y' and userstatus ='active' and `added_user_id`='76' and  usertype = 'writeonly' group by account_id
[2019-12-18 12:11:35]	[INFO][ws_an_getdropdown.php]		[{"account_id":"152","user_id":"5df9effd9b6ed6.63000633","currcode":"","freezedate":"0000-00-00","accountname":"family","date":"2019-12-18","accountstatus":"active"},{"account_id":"153","user_id":"5df9effd9b6ed6.63000633","currcode":"INR","freezedate":"0000-00-00","accountname":"room maintence","date":"2019-12-18","accountstatus":"active"}]
[2019-12-18 12:11:35]	[INFO][ws_an_getdropdown.php]		10
[2019-12-18 12:11:35]	[INFO][ws_an_getdropdown.php]		SELECT * FROM  groups  WHERE  `account_status`='active'  and group_status ='Y' and userstatus ='active' and `added_user_id`='76'  group by account_id
[2019-12-18 12:11:35]	[INFO][ws_an_getdropdown.php]		[{"account_id":"152","user_id":"5df9effd9b6ed6.63000633","currcode":"","freezedate":"0000-00-00","accountname":"family","date":"2019-12-18","accountstatus":"active"},{"account_id":"153","user_id":"5df9effd9b6ed6.63000633","currcode":"INR","freezedate":"0000-00-00","accountname":"room maintence","date":"2019-12-18","accountstatus":"active"}]
