[2019-12-18 04:29:07]	[INFO][my_ws_an_expense.php]		
[2019-12-18 04:29:07]	[INFO][my_ws_an_expense.php]		SELECT a.pendingflag,a.freeze,a.capture_id,a.tr_date,a.account_id,a.cat_id,a.subcat_id,b.accountname,c.cat_name,d.subcat_name,a.description,a.amount,a.id,a.file_name,b.currcode FROM `expenses` a,accounts b,category c,sub_category d WHERE a.account_id=b.account_id and a.capture_id='5df9effd9b6ed6.63000633' and a.cat_id=c.cat_id and a.subcat_id=d.subcat_id and  pendingflag ='non-pending' ORDER BY a.id DESC
[2019-12-18 04:29:07]	[INFO][my_ws_an_expense.php]		null
[2019-12-18 04:41:06]	[INFO][my_ws_an_expense.php]		
[2019-12-18 04:41:06]	[INFO][my_ws_an_expense.php]		SELECT a.pendingflag,a.freeze,a.capture_id,a.tr_date,a.account_id,a.cat_id,a.subcat_id,b.accountname,c.cat_name,d.subcat_name,a.description,a.amount,a.id,a.file_name,b.currcode FROM `expenses` a,accounts b,category c,sub_category d WHERE a.account_id=b.account_id and a.capture_id='5df9effd9b6ed6.63000633' and a.cat_id=c.cat_id and a.subcat_id=d.subcat_id and  pendingflag ='non-pending' ORDER BY a.id DESC
[2019-12-18 04:41:06]	[INFO][my_ws_an_expense.php]		null
[2019-12-18 04:41:11]	[INFO][my_ws_an_expense.php]		SELECT * FROM `expenses` WHERE account_id='153' and cat_id!='0' and   subcat_id!='0'  ORDER BY id DESC
[2019-12-18 04:41:11]	[INFO][my_ws_an_expense.php]		null
[2019-12-18 04:41:14]	[INFO][my_ws_an_expense.php]		SELECT * FROM `expenses` WHERE account_id='153' and cat_id!='0' and   subcat_id!='0'  and  pendingflag ='non-pending' ORDER BY id DESC
[2019-12-18 04:41:14]	[INFO][my_ws_an_expense.php]		null
[2019-12-18 04:41:18]	[INFO][my_ws_an_expense.php]		[{"mindate":"0000-00-00","maxdate":"2019-12-18"}]
[2019-12-18 04:42:03]	[INFO][my_ws_an_expense.php]		SELECT * FROM `expenses` WHERE account_id='153' and cat_id!='0' and   subcat_id!='0'  and  pendingflag ='non-pending' ORDER BY id DESC
[2019-12-18 04:42:03]	[INFO][my_ws_an_expense.php]		153
[2019-12-18 04:42:03]	[INFO][my_ws_an_expense.php]		513
[2019-12-18 04:42:03]	[INFO][my_ws_an_expense.php]		1121
[2019-12-18 04:42:03]	[INFO][my_ws_an_expense.php]		room maintence
[2019-12-18 04:42:03]	[INFO][my_ws_an_expense.php]		roomrent
[2019-12-18 04:42:03]	[INFO][my_ws_an_expense.php]		monthlyroomrent
[2019-12-18 04:42:03]	[INFO][my_ws_an_expense.php]		[{"accountid":"153","subcatid":"1121","catid":"513","expense_id":"570","date":"2019-12-18","accname":"room maintence","catname":"roomrent","file":"..\/..\/..\/..\/uploads\/content\/dailyroll\/uploads\/5df9effd9b6ed6.63000633\/2019\/12\/18\/5df9effd9b6ed6.63000633-Screenshot (51).png","subcatname":"monthlyroomrent","description":"monthly room rent","amount":"5000","capture_id":"5df9effd9b6ed6.63000633","symbol":"\u20b9","name":"manisha ","accountstatus":"unfreezee","adminstatus":"admin","pendingstatus":"non-pending","accountadmin":"5df9effd9b6ed6.63000633"}]
[2019-12-18 04:42:43]	[INFO][my_ws_an_expense.php]		SELECT * FROM `expenses` WHERE account_id='153' and cat_id!='0' and   subcat_id!='0'  and  pendingflag ='non-pending' ORDER BY id DESC
[2019-12-18 04:42:43]	[INFO][my_ws_an_expense.php]		153
[2019-12-18 04:42:43]	[INFO][my_ws_an_expense.php]		513
[2019-12-18 04:42:43]	[INFO][my_ws_an_expense.php]		1121
[2019-12-18 04:42:43]	[INFO][my_ws_an_expense.php]		room maintence
[2019-12-18 04:42:43]	[INFO][my_ws_an_expense.php]		roomrent
[2019-12-18 04:42:43]	[INFO][my_ws_an_expense.php]		monthlyroomrent
[2019-12-18 04:42:43]	[INFO][my_ws_an_expense.php]		[{"accountid":"153","subcatid":"1121","catid":"513","expense_id":"570","date":"2019-12-18","accname":"room maintence","catname":"roomrent","file":"..\/..\/..\/..\/uploads\/content\/dailyroll\/uploads\/5df9effd9b6ed6.63000633\/2019\/12\/18\/5df9effd9b6ed6.63000633-Screenshot (51).png","subcatname":"monthlyroomrent","description":"monthly room rent","amount":"5000","capture_id":"5df9effd9b6ed6.63000633","symbol":"\u20b9","name":"manisha ","accountstatus":"unfreezee","adminstatus":"admin","pendingstatus":"non-pending","accountadmin":"5df9effd9b6ed6.63000633"}]
[2019-12-18 04:43:04]	[INFO][my_ws_an_expense.php]		[{"mindate":"0000-00-00","maxdate":"2019-12-18"}]
[2019-12-18 04:43:42]	[INFO][my_ws_an_expense.php]		SELECT * FROM `expenses` WHERE account_id='153' and cat_id!='0' and   subcat_id!='0'  and  pendingflag ='non-pending' ORDER BY id DESC
[2019-12-18 04:43:42]	[INFO][my_ws_an_expense.php]		153
[2019-12-18 04:43:42]	[INFO][my_ws_an_expense.php]		514
[2019-12-18 04:43:42]	[INFO][my_ws_an_expense.php]		1123
[2019-12-18 04:43:42]	[INFO][my_ws_an_expense.php]		room maintence
[2019-12-18 04:43:42]	[INFO][my_ws_an_expense.php]		wifibill
[2019-12-18 04:43:42]	[INFO][my_ws_an_expense.php]		monthlywifibill
[2019-12-18 04:43:42]	[INFO][my_ws_an_expense.php]		153
[2019-12-18 04:43:42]	[INFO][my_ws_an_expense.php]		513
[2019-12-18 04:43:42]	[INFO][my_ws_an_expense.php]		1121
[2019-12-18 04:43:42]	[INFO][my_ws_an_expense.php]		room maintence
[2019-12-18 04:43:42]	[INFO][my_ws_an_expense.php]		roomrent
[2019-12-18 04:43:42]	[INFO][my_ws_an_expense.php]		monthlyroomrent
[2019-12-18 04:43:42]	[INFO][my_ws_an_expense.php]		[{"accountid":"153","subcatid":"1123","catid":"514","expense_id":"571","date":"2019-12-18","accname":"room maintence","catname":"wifibill","file":"..\/..\/..\/..\/uploads\/content\/dailyroll\/uploads\/5df9effd9b6ed6.63000633\/2019\/12\/18\/5df9effd9b6ed6.63000633-Screenshot (58).png","subcatname":"monthlywifibill","description":"testing","amount":"1000","capture_id":"5df9effd9b6ed6.63000633","symbol":"\u20b9","name":"manisha ","accountstatus":"unfreezee","adminstatus":"admin","pendingstatus":"non-pending","accountadmin":"5df9effd9b6ed6.63000633"},{"accountid":"153","subcatid":"1121","catid":"513","expense_id":"570","date":"2019-12-18","accname":"room maintence","catname":"roomrent","file":"..\/..\/..\/..\/uploads\/content\/dailyroll\/uploads\/5df9effd9b6ed6.63000633\/2019\/12\/18\/5df9effd9b6ed6.63000633-Screenshot (51).png","subcatname":"monthlyroomrent","description":"monthly room rent","amount":"5000","capture_id":"5df9effd9b6ed6.63000633","symbol":"\u20b9","name":"manisha ","accountstatus":"unfreezee","adminstatus":"admin","pendingstatus":"non-pending","accountadmin":"5df9effd9b6ed6.63000633"}]
[2019-12-18 04:44:04]	[INFO][my_ws_an_expense.php]		SELECT * FROM `expenses` WHERE account_id='153' and cat_id!='0' and   subcat_id!='0'  and  pendingflag ='non-pending' ORDER BY id DESC
[2019-12-18 04:44:04]	[INFO][my_ws_an_expense.php]		153
[2019-12-18 04:44:04]	[INFO][my_ws_an_expense.php]		513
[2019-12-18 04:44:04]	[INFO][my_ws_an_expense.php]		1123
[2019-12-18 04:44:04]	[INFO][my_ws_an_expense.php]		room maintence
[2019-12-18 04:44:04]	[INFO][my_ws_an_expense.php]		roomrent
[2019-12-18 04:44:04]	[INFO][my_ws_an_expense.php]		monthlywifibill
[2019-12-18 04:44:04]	[INFO][my_ws_an_expense.php]		153
[2019-12-18 04:44:04]	[INFO][my_ws_an_expense.php]		513
[2019-12-18 04:44:04]	[INFO][my_ws_an_expense.php]		1121
[2019-12-18 04:44:04]	[INFO][my_ws_an_expense.php]		room maintence
[2019-12-18 04:44:04]	[INFO][my_ws_an_expense.php]		roomrent
[2019-12-18 04:44:04]	[INFO][my_ws_an_expense.php]		monthlyroomrent
[2019-12-18 04:44:04]	[INFO][my_ws_an_expense.php]		[{"accountid":"153","subcatid":"1123","catid":"513","expense_id":"571","date":"2019-12-18","accname":"room maintence","catname":"roomrent","file":"..\/..\/..\/..\/uploads\/content\/dailyroll\/uploads\/5df9effd9b6ed6.63000633\/2019\/12\/18\/5df9effd9b6ed6.63000633-Screenshot (58).png","subcatname":"monthlywifibill","description":"testing","amount":"1000","capture_id":"5df9effd9b6ed6.63000633","symbol":"\u20b9","name":"manisha ","accountstatus":"unfreezee","adminstatus":"admin","pendingstatus":"non-pending","accountadmin":"5df9effd9b6ed6.63000633"},{"accountid":"153","subcatid":"1121","catid":"513","expense_id":"570","date":"2019-12-18","accname":"room maintence","catname":"roomrent","file":"..\/..\/..\/..\/uploads\/content\/dailyroll\/uploads\/5df9effd9b6ed6.63000633\/2019\/12\/18\/5df9effd9b6ed6.63000633-Screenshot (51).png","subcatname":"monthlyroomrent","description":"monthly room rent","amount":"5000","capture_id":"5df9effd9b6ed6.63000633","symbol":"\u20b9","name":"manisha ","accountstatus":"unfreezee","adminstatus":"admin","pendingstatus":"non-pending","accountadmin":"5df9effd9b6ed6.63000633"}]
[2019-12-18 04:44:17]	[INFO][my_ws_an_expense.php]		SELECT * FROM `expenses` WHERE account_id='153' and cat_id!='0' and   subcat_id!='0'  and  pendingflag ='non-pending' ORDER BY id DESC
[2019-12-18 04:44:17]	[INFO][my_ws_an_expense.php]		153
[2019-12-18 04:44:17]	[INFO][my_ws_an_expense.php]		513
[2019-12-18 04:44:17]	[INFO][my_ws_an_expense.php]		1122
[2019-12-18 04:44:17]	[INFO][my_ws_an_expense.php]		room maintence
[2019-12-18 04:44:17]	[INFO][my_ws_an_expense.php]		roomrent
[2019-12-18 04:44:17]	[INFO][my_ws_an_expense.php]		maintencebill
[2019-12-18 04:44:17]	[INFO][my_ws_an_expense.php]		153
[2019-12-18 04:44:17]	[INFO][my_ws_an_expense.php]		513
[2019-12-18 04:44:17]	[INFO][my_ws_an_expense.php]		1121
[2019-12-18 04:44:17]	[INFO][my_ws_an_expense.php]		room maintence
[2019-12-18 04:44:17]	[INFO][my_ws_an_expense.php]		roomrent
[2019-12-18 04:44:17]	[INFO][my_ws_an_expense.php]		monthlyroomrent
[2019-12-18 04:44:17]	[INFO][my_ws_an_expense.php]		[{"accountid":"153","subcatid":"1122","catid":"513","expense_id":"571","date":"2019-12-18","accname":"room maintence","catname":"roomrent","file":"..\/..\/..\/..\/uploads\/content\/dailyroll\/uploads\/5df9effd9b6ed6.63000633\/2019\/12\/18\/5df9effd9b6ed6.63000633-Screenshot (58).png","subcatname":"maintencebill","description":"testing","amount":"1000","capture_id":"5df9effd9b6ed6.63000633","symbol":"\u20b9","name":"manisha ","accountstatus":"unfreezee","adminstatus":"admin","pendingstatus":"non-pending","accountadmin":"5df9effd9b6ed6.63000633"},{"accountid":"153","subcatid":"1121","catid":"513","expense_id":"570","date":"2019-12-18","accname":"room maintence","catname":"roomrent","file":"..\/..\/..\/..\/uploads\/content\/dailyroll\/uploads\/5df9effd9b6ed6.63000633\/2019\/12\/18\/5df9effd9b6ed6.63000633-Screenshot (51).png","subcatname":"monthlyroomrent","description":"monthly room rent","amount":"5000","capture_id":"5df9effd9b6ed6.63000633","symbol":"\u20b9","name":"manisha ","accountstatus":"unfreezee","adminstatus":"admin","pendingstatus":"non-pending","accountadmin":"5df9effd9b6ed6.63000633"}]
[2019-12-18 04:44:24]	[INFO][my_ws_an_expense.php]		[{"mindate":"0000-00-00","maxdate":"2019-12-18"}]
[2019-12-18 04:45:01]	[INFO][my_ws_an_expense.php]		SELECT * FROM `expenses` WHERE account_id='153' and cat_id!='0' and   subcat_id!='0'  and  pendingflag ='non-pending' ORDER BY id DESC
[2019-12-18 04:45:01]	[INFO][my_ws_an_expense.php]		153
[2019-12-18 04:45:01]	[INFO][my_ws_an_expense.php]		513
[2019-12-18 04:45:01]	[INFO][my_ws_an_expense.php]		1121
[2019-12-18 04:45:01]	[INFO][my_ws_an_expense.php]		room maintence
[2019-12-18 04:45:01]	[INFO][my_ws_an_expense.php]		roomrent
[2019-12-18 04:45:01]	[INFO][my_ws_an_expense.php]		monthlyroomrent
[2019-12-18 04:45:01]	[INFO][my_ws_an_expense.php]		153
[2019-12-18 04:45:01]	[INFO][my_ws_an_expense.php]		513
[2019-12-18 04:45:01]	[INFO][my_ws_an_expense.php]		1122
[2019-12-18 04:45:01]	[INFO][my_ws_an_expense.php]		room maintence
[2019-12-18 04:45:01]	[INFO][my_ws_an_expense.php]		roomrent
[2019-12-18 04:45:01]	[INFO][my_ws_an_expense.php]		maintencebill
[2019-12-18 04:45:01]	[INFO][my_ws_an_expense.php]		153
[2019-12-18 04:45:01]	[INFO][my_ws_an_expense.php]		513
[2019-12-18 04:45:01]	[INFO][my_ws_an_expense.php]		1121
[2019-12-18 04:45:01]	[INFO][my_ws_an_expense.php]		room maintence
[2019-12-18 04:45:01]	[INFO][my_ws_an_expense.php]		roomrent
[2019-12-18 04:45:01]	[INFO][my_ws_an_expense.php]		monthlyroomrent
[2019-12-18 04:45:01]	[INFO][my_ws_an_expense.php]		[{"accountid":"153","subcatid":"1121","catid":"513","expense_id":"572","date":"2019-12-18","accname":"room maintence","catname":"roomrent","file":"..\/..\/..\/..\/uploads\/content\/dailyroll\/uploads\/5df9effd9b6ed6.63000633\/2019\/12\/18\/5df9effd9b6ed6.63000633-Screenshot (53).png","subcatname":"monthlyroomrent","description":"uy","amount":"5000","capture_id":"5df9effd9b6ed6.63000633","symbol":"\u20b9","name":"manisha ","accountstatus":"unfreezee","adminstatus":"admin","pendingstatus":"non-pending","accountadmin":"5df9effd9b6ed6.63000633"},{"accountid":"153","subcatid":"1122","catid":"513","expense_id":"571","date":"2019-12-18","accname":"room maintence","catname":"roomrent","file":"..\/..\/..\/..\/uploads\/content\/dailyroll\/uploads\/5df9effd9b6ed6.63000633\/2019\/12\/18\/5df9effd9b6ed6.63000633-Screenshot (58).png","subcatname":"maintencebill","description":"testing","amount":"1000","capture_id":"5df9effd9b6ed6.63000633","symbol":"\u20b9","name":"manisha ","accountstatus":"unfreezee","adminstatus":"admin","pendingstatus":"non-pending","accountadmin":"5df9effd9b6ed6.63000633"},{"accountid":"153","subcatid":"1121","catid":"513","expense_id":"570","date":"2019-12-18","accname":"room maintence","catname":"roomrent","file":"..\/..\/..\/..\/uploads\/content\/dailyroll\/uploads\/5df9effd9b6ed6.63000633\/2019\/12\/18\/5df9effd9b6ed6.63000633-Screenshot (51).png","subcatname":"monthlyroomrent","description":"monthly room rent","amount":"5000","capture_id":"5df9effd9b6ed6.63000633","symbol":"\u20b9","name":"manisha ","accountstatus":"unfreezee","adminstatus":"admin","pendingstatus":"non-pending","accountadmin":"5df9effd9b6ed6.63000633"}]
[2019-12-18 04:45:57]	[INFO][my_ws_an_expense.php]		SELECT * FROM `expenses` WHERE account_id='153' and cat_id!='0' and   subcat_id!='0'  and  pendingflag ='non-pending' ORDER BY id DESC
[2019-12-18 04:45:57]	[INFO][my_ws_an_expense.php]		153
[2019-12-18 04:45:57]	[INFO][my_ws_an_expense.php]		513
[2019-12-18 04:45:57]	[INFO][my_ws_an_expense.php]		1122
[2019-12-18 04:45:57]	[INFO][my_ws_an_expense.php]		room maintence
[2019-12-18 04:45:57]	[INFO][my_ws_an_expense.php]		roomrent
[2019-12-18 04:45:57]	[INFO][my_ws_an_expense.php]		maintencebill
[2019-12-18 04:45:57]	[INFO][my_ws_an_expense.php]		153
[2019-12-18 04:45:57]	[INFO][my_ws_an_expense.php]		513
[2019-12-18 04:45:57]	[INFO][my_ws_an_expense.php]		1121
[2019-12-18 04:45:57]	[INFO][my_ws_an_expense.php]		room maintence
[2019-12-18 04:45:57]	[INFO][my_ws_an_expense.php]		roomrent
[2019-12-18 04:45:57]	[INFO][my_ws_an_expense.php]		monthlyroomrent
[2019-12-18 04:45:57]	[INFO][my_ws_an_expense.php]		[{"accountid":"153","subcatid":"1122","catid":"513","expense_id":"571","date":"2019-12-18","accname":"room maintence","catname":"roomrent","file":"..\/..\/..\/..\/uploads\/content\/dailyroll\/uploads\/5df9effd9b6ed6.63000633\/2019\/12\/18\/5df9effd9b6ed6.63000633-Screenshot (58).png","subcatname":"maintencebill","description":"testing","amount":"1000","capture_id":"5df9effd9b6ed6.63000633","symbol":"\u20b9","name":"manisha ","accountstatus":"unfreezee","adminstatus":"admin","pendingstatus":"non-pending","accountadmin":"5df9effd9b6ed6.63000633"},{"accountid":"153","subcatid":"1121","catid":"513","expense_id":"570","date":"2019-12-18","accname":"room maintence","catname":"roomrent","file":"..\/..\/..\/..\/uploads\/content\/dailyroll\/uploads\/5df9effd9b6ed6.63000633\/2019\/12\/18\/5df9effd9b6ed6.63000633-Screenshot (51).png","subcatname":"monthlyroomrent","description":"monthly room rent","amount":"5000","capture_id":"5df9effd9b6ed6.63000633","symbol":"\u20b9","name":"manisha ","accountstatus":"unfreezee","adminstatus":"admin","pendingstatus":"non-pending","accountadmin":"5df9effd9b6ed6.63000633"}]
[2019-12-18 04:46:30]	[INFO][my_ws_an_expense.php]		SELECT * FROM `expenses` WHERE account_id='153' and cat_id!='0' and   subcat_id!='0'  and  pendingflag ='non-pending' ORDER BY id DESC
[2019-12-18 04:46:30]	[INFO][my_ws_an_expense.php]		153
[2019-12-18 04:46:30]	[INFO][my_ws_an_expense.php]		513
[2019-12-18 04:46:30]	[INFO][my_ws_an_expense.php]		1122
[2019-12-18 04:46:30]	[INFO][my_ws_an_expense.php]		room maintence
[2019-12-18 04:46:30]	[INFO][my_ws_an_expense.php]		roomrent
[2019-12-18 04:46:30]	[INFO][my_ws_an_expense.php]		maintencebill
[2019-12-18 04:46:30]	[INFO][my_ws_an_expense.php]		153
[2019-12-18 04:46:30]	[INFO][my_ws_an_expense.php]		513
[2019-12-18 04:46:30]	[INFO][my_ws_an_expense.php]		1121
[2019-12-18 04:46:30]	[INFO][my_ws_an_expense.php]		room maintence
[2019-12-18 04:46:30]	[INFO][my_ws_an_expense.php]		roomrent
[2019-12-18 04:46:30]	[INFO][my_ws_an_expense.php]		monthlyroomrent
[2019-12-18 04:46:30]	[INFO][my_ws_an_expense.php]		[{"accountid":"153","subcatid":"1122","catid":"513","expense_id":"571","date":"2019-12-18","accname":"room maintence","catname":"roomrent","file":"..\/..\/..\/..\/uploads\/content\/dailyroll\/uploads\/5df9effd9b6ed6.63000633\/2019\/12\/18\/5df9effd9b6ed6.63000633-Screenshot (58).png","subcatname":"maintencebill","description":"mintence money","amount":"1000","capture_id":"5df9effd9b6ed6.63000633","symbol":"\u20b9","name":"manisha ","accountstatus":"unfreezee","adminstatus":"admin","pendingstatus":"non-pending","accountadmin":"5df9effd9b6ed6.63000633"},{"accountid":"153","subcatid":"1121","catid":"513","expense_id":"570","date":"2019-12-18","accname":"room maintence","catname":"roomrent","file":"..\/..\/..\/..\/uploads\/content\/dailyroll\/uploads\/5df9effd9b6ed6.63000633\/2019\/12\/18\/5df9effd9b6ed6.63000633-Screenshot (51).png","subcatname":"monthlyroomrent","description":"monthly room rent","amount":"5000","capture_id":"5df9effd9b6ed6.63000633","symbol":"\u20b9","name":"manisha ","accountstatus":"unfreezee","adminstatus":"admin","pendingstatus":"non-pending","accountadmin":"5df9effd9b6ed6.63000633"}]
[2019-12-18 04:48:28]	[INFO][my_ws_an_expense.php]	5df9effd9b6ed6.63000633	
[2019-12-18 04:48:28]	[INFO][my_ws_an_expense.php]	5df9effd9b6ed6.63000633	SELECT a.pendingflag,a.freeze,a.capture_id,a.tr_date,a.account_id,a.cat_id,a.subcat_id,b.accountname,c.cat_name,d.subcat_name,a.description,a.amount,a.id,a.file_name,b.currcode FROM `expenses` a,accounts b,category c,sub_category d WHERE a.account_id=b.account_id and a.capture_id='5df9effd9b6ed6.63000633' and a.cat_id=c.cat_id and a.subcat_id=d.subcat_id and  pendingflag ='non-pending' ORDER BY a.id DESC
[2019-12-18 04:48:28]	[INFO][my_ws_an_expense.php]	5df9effd9b6ed6.63000633	[{"accountid":"153","subcatid":"1122","catid":"513","expense_id":"575","date":"2019-12-18","accname":"room maintence","catname":"roomrent","file":"..\/..\/..\/..\/uploads\/content\/dailyroll\/uploads\/5df9effd9b6ed6.63000633\/2019\/12\/18\/Screenshot (54).png","subcatname":"maintencebill","description":"maintence money","amount":"1000","capture_id":"5df9effd9b6ed6.63000633","symbol":"\u20b9","name":"manisha ","accountstatus":"unfreezee","adminstatus":"admin","pendingstatus":"non-pending","accountadmin":"5df9effd9b6ed6.63000633"},{"accountid":"153","subcatid":"1124","catid":"515","expense_id":"574","date":"2019-12-18","accname":"room maintence","catname":"waterbill","file":"..\/..\/..\/..\/uploads\/content\/dailyroll\/uploads\/5df9effd9b6ed6.63000633\/2019\/12\/18\/Screenshot (52).png","subcatname":"monthlymotorbill","description":"motor money","amount":"2000","capture_id":"5df9effd9b6ed6.63000633","symbol":"\u20b9","name":"manisha ","accountstatus":"unfreezee","adminstatus":"admin","pendingstatus":"non-pending","accountadmin":"5df9effd9b6ed6.63000633"},{"accountid":"153","subcatid":"1123","catid":"514","expense_id":"573","date":"2019-12-18","accname":"room maintence","catname":"wifibill","file":"..\/..\/..\/..\/uploads\/content\/dailyroll\/uploads\/5df9effd9b6ed6.63000633\/2019\/12\/18\/Screenshot (50).png","subcatname":"monthlywifibill","description":"wifi money","amount":"1000","capture_id":"5df9effd9b6ed6.63000633","symbol":"\u20b9","name":"manisha ","accountstatus":"unfreezee","adminstatus":"admin","pendingstatus":"non-pending","accountadmin":"5df9effd9b6ed6.63000633"},{"accountid":"153","subcatid":"1122","catid":"513","expense_id":"571","date":"2019-12-18","accname":"room maintence","catname":"roomrent","file":"..\/..\/..\/..\/uploads\/content\/dailyroll\/uploads\/5df9effd9b6ed6.63000633\/2019\/12\/18\/5df9effd9b6ed6.63000633-Screenshot (58).png","subcatname":"maintencebill","description":"mintence money","amount":"1000","capture_id":"5df9effd9b6ed6.63000633","symbol":"\u20b9","name":"manisha ","accountstatus":"unfreezee","adminstatus":"admin","pendingstatus":"non-pending","accountadmin":"5df9effd9b6ed6.63000633"},{"accountid":"153","subcatid":"1121","catid":"513","expense_id":"570","date":"2019-12-18","accname":"room maintence","catname":"roomrent","file":"..\/..\/..\/..\/uploads\/content\/dailyroll\/uploads\/5df9effd9b6ed6.63000633\/2019\/12\/18\/5df9effd9b6ed6.63000633-Screenshot (51).png","subcatname":"monthlyroomrent","description":"monthly room rent","amount":"5000","capture_id":"5df9effd9b6ed6.63000633","symbol":"\u20b9","name":"manisha ","accountstatus":"unfreezee","adminstatus":"admin","pendingstatus":"non-pending","accountadmin":"5df9effd9b6ed6.63000633"}]
[2019-12-18 04:51:38]	[INFO][my_ws_an_expense.php]	5df9effd9b6ed6.63000633	
[2019-12-18 04:51:38]	[INFO][my_ws_an_expense.php]	5df9effd9b6ed6.63000633	SELECT a.pendingflag,a.freeze,a.capture_id,a.tr_date,a.account_id,a.cat_id,a.subcat_id,b.accountname,c.cat_name,d.subcat_name,a.description,a.amount,a.id,a.file_name,b.currcode FROM `expenses` a,accounts b,category c,sub_category d WHERE a.account_id=b.account_id and a.capture_id='5df9effd9b6ed6.63000633' and a.cat_id=c.cat_id and a.subcat_id=d.subcat_id and  pendingflag ='non-pending' ORDER BY a.id DESC
[2019-12-18 04:51:38]	[INFO][my_ws_an_expense.php]	5df9effd9b6ed6.63000633	[{"accountid":"153","subcatid":"1121","catid":"513","expense_id":"579","date":"2019-12-18","accname":"room maintence","catname":"roomrent","file":"..\/..\/..\/..\/uploads\/content\/dailyroll\/uploads\/5df9effd9b6ed6.63000633\/2019\/12\/18\/Screenshot (67).png","subcatname":"monthlyroomrent","description":"maintence money","amount":"5000","capture_id":"5df9effd9b6ed6.63000633","symbol":"\u20b9","name":"manisha ","accountstatus":"unfreezee","adminstatus":"admin","pendingstatus":"non-pending","accountadmin":"5df9effd9b6ed6.63000633"},{"accountid":"153","subcatid":"1123","catid":"514","expense_id":"578","date":"2019-12-18","accname":"room maintence","catname":"wifibill","file":"..\/..\/..\/..\/uploads\/content\/dailyroll\/uploads\/5df9effd9b6ed6.63000633\/2019\/12\/18\/Screenshot (64).png","subcatname":"monthlywifibill","description":"motor money","amount":"1000","capture_id":"5df9effd9b6ed6.63000633","symbol":"\u20b9","name":"manisha ","accountstatus":"unfreezee","adminstatus":"admin","pendingstatus":"non-pending","accountadmin":"5df9effd9b6ed6.63000633"},{"accountid":"153","subcatid":"1124","catid":"515","expense_id":"577","date":"2019-12-18","accname":"room maintence","catname":"waterbill","file":"..\/..\/..\/..\/uploads\/content\/dailyroll\/uploads\/5df9effd9b6ed6.63000633\/2019\/12\/18\/Screenshot (52).png","subcatname":"monthlymotorbill","description":" money","amount":"2000","capture_id":"5df9effd9b6ed6.63000633","symbol":"\u20b9","name":"manisha ","accountstatus":"unfreezee","adminstatus":"admin","pendingstatus":"non-pending","accountadmin":"5df9effd9b6ed6.63000633"},{"accountid":"153","subcatid":"1122","catid":"513","expense_id":"575","date":"2019-12-18","accname":"room maintence","catname":"roomrent","file":"..\/..\/..\/..\/uploads\/content\/dailyroll\/uploads\/5df9effd9b6ed6.63000633\/2019\/12\/18\/Screenshot (54).png","subcatname":"maintencebill","description":"maintence money","amount":"1000","capture_id":"5df9effd9b6ed6.63000633","symbol":"\u20b9","name":"manisha ","accountstatus":"unfreezee","adminstatus":"admin","pendingstatus":"non-pending","accountadmin":"5df9effd9b6ed6.63000633"},{"accountid":"153","subcatid":"1124","catid":"515","expense_id":"574","date":"2019-12-18","accname":"room maintence","catname":"waterbill","file":"..\/..\/..\/..\/uploads\/content\/dailyroll\/uploads\/5df9effd9b6ed6.63000633\/2019\/12\/18\/Screenshot (52).png","subcatname":"monthlymotorbill","description":"motor money","amount":"2000","capture_id":"5df9effd9b6ed6.63000633","symbol":"\u20b9","name":"manisha ","accountstatus":"unfreezee","adminstatus":"admin","pendingstatus":"non-pending","accountadmin":"5df9effd9b6ed6.63000633"},{"accountid":"153","subcatid":"1123","catid":"514","expense_id":"573","date":"2019-12-18","accname":"room maintence","catname":"wifibill","file":"..\/..\/..\/..\/uploads\/content\/dailyroll\/uploads\/5df9effd9b6ed6.63000633\/2019\/12\/18\/Screenshot (50).png","subcatname":"monthlywifibill","description":"wifi money","amount":"1000","capture_id":"5df9effd9b6ed6.63000633","symbol":"\u20b9","name":"manisha ","accountstatus":"unfreezee","adminstatus":"admin","pendingstatus":"non-pending","accountadmin":"5df9effd9b6ed6.63000633"},{"accountid":"153","subcatid":"1122","catid":"513","expense_id":"571","date":"2019-12-18","accname":"room maintence","catname":"roomrent","file":"..\/..\/..\/..\/uploads\/content\/dailyroll\/uploads\/5df9effd9b6ed6.63000633\/2019\/12\/18\/5df9effd9b6ed6.63000633-Screenshot (58).png","subcatname":"maintencebill","description":"mintence money","amount":"1000","capture_id":"5df9effd9b6ed6.63000633","symbol":"\u20b9","name":"manisha ","accountstatus":"unfreezee","adminstatus":"admin","pendingstatus":"non-pending","accountadmin":"5df9effd9b6ed6.63000633"},{"accountid":"153","subcatid":"1121","catid":"513","expense_id":"570","date":"2019-12-18","accname":"room maintence","catname":"roomrent","file":"..\/..\/..\/..\/uploads\/content\/dailyroll\/uploads\/5df9effd9b6ed6.63000633\/2019\/12\/18\/5df9effd9b6ed6.63000633-Screenshot (51).png","subcatname":"monthlyroomrent","description":"monthly room rent","amount":"5000","capture_id":"5df9effd9b6ed6.63000633","symbol":"\u20b9","name":"manisha ","accountstatus":"unfreezee","adminstatus":"admin","pendingstatus":"non-pending","accountadmin":"5df9effd9b6ed6.63000633"}]
[2019-12-18 04:52:17]	[INFO][my_ws_an_expense.php]	5df9effd9b6ed6.63000633	
[2019-12-18 04:52:17]	[INFO][my_ws_an_expense.php]	5df9effd9b6ed6.63000633	SELECT a.pendingflag,a.freeze,a.capture_id,a.tr_date,a.account_id,a.cat_id,a.subcat_id,b.accountname,c.cat_name,d.subcat_name,a.description,a.amount,a.id,a.file_name,b.currcode FROM `expenses` a,accounts b,category c,sub_category d WHERE a.account_id=b.account_id and a.capture_id='5df9effd9b6ed6.63000633' and a.cat_id=c.cat_id and a.subcat_id=d.subcat_id and  pendingflag ='non-pending' ORDER BY a.id DESC
[2019-12-18 04:52:17]	[INFO][my_ws_an_expense.php]	5df9effd9b6ed6.63000633	[{"accountid":"153","subcatid":"1123","catid":"514","expense_id":"578","date":"2019-12-18","accname":"room maintence","catname":"wifibill","file":"..\/..\/..\/..\/uploads\/content\/dailyroll\/uploads\/5df9effd9b6ed6.63000633\/2019\/12\/18\/Screenshot (64).png","subcatname":"monthlywifibill","description":"motor money","amount":"1000","capture_id":"5df9effd9b6ed6.63000633","symbol":"\u20b9","name":"manisha ","accountstatus":"unfreezee","adminstatus":"admin","pendingstatus":"non-pending","accountadmin":"5df9effd9b6ed6.63000633"},{"accountid":"153","subcatid":"1124","catid":"515","expense_id":"577","date":"2019-12-18","accname":"room maintence","catname":"waterbill","file":"..\/..\/..\/..\/uploads\/content\/dailyroll\/uploads\/5df9effd9b6ed6.63000633\/2019\/12\/18\/Screenshot (52).png","subcatname":"monthlymotorbill","description":" money","amount":"2000","capture_id":"5df9effd9b6ed6.63000633","symbol":"\u20b9","name":"manisha ","accountstatus":"unfreezee","adminstatus":"admin","pendingstatus":"non-pending","accountadmin":"5df9effd9b6ed6.63000633"},{"accountid":"153","subcatid":"1122","catid":"513","expense_id":"575","date":"2019-12-18","accname":"room maintence","catname":"roomrent","file":"..\/..\/..\/..\/uploads\/content\/dailyroll\/uploads\/5df9effd9b6ed6.63000633\/2019\/12\/18\/Screenshot (54).png","subcatname":"maintencebill","description":"maintence money","amount":"1000","capture_id":"5df9effd9b6ed6.63000633","symbol":"\u20b9","name":"manisha ","accountstatus":"unfreezee","adminstatus":"admin","pendingstatus":"non-pending","accountadmin":"5df9effd9b6ed6.63000633"},{"accountid":"153","subcatid":"1124","catid":"515","expense_id":"574","date":"2019-12-18","accname":"room maintence","catname":"waterbill","file":"..\/..\/..\/..\/uploads\/content\/dailyroll\/uploads\/5df9effd9b6ed6.63000633\/2019\/12\/18\/Screenshot (52).png","subcatname":"monthlymotorbill","description":"motor money","amount":"2000","capture_id":"5df9effd9b6ed6.63000633","symbol":"\u20b9","name":"manisha ","accountstatus":"unfreezee","adminstatus":"admin","pendingstatus":"non-pending","accountadmin":"5df9effd9b6ed6.63000633"},{"accountid":"153","subcatid":"1123","catid":"514","expense_id":"573","date":"2019-12-18","accname":"room maintence","catname":"wifibill","file":"..\/..\/..\/..\/uploads\/content\/dailyroll\/uploads\/5df9effd9b6ed6.63000633\/2019\/12\/18\/Screenshot (50).png","subcatname":"monthlywifibill","description":"wifi money","amount":"1000","capture_id":"5df9effd9b6ed6.63000633","symbol":"\u20b9","name":"manisha ","accountstatus":"unfreezee","adminstatus":"admin","pendingstatus":"non-pending","accountadmin":"5df9effd9b6ed6.63000633"},{"accountid":"153","subcatid":"1122","catid":"513","expense_id":"571","date":"2019-12-18","accname":"room maintence","catname":"roomrent","file":"..\/..\/..\/..\/uploads\/content\/dailyroll\/uploads\/5df9effd9b6ed6.63000633\/2019\/12\/18\/5df9effd9b6ed6.63000633-Screenshot (58).png","subcatname":"maintencebill","description":"mintence money","amount":"1000","capture_id":"5df9effd9b6ed6.63000633","symbol":"\u20b9","name":"manisha ","accountstatus":"unfreezee","adminstatus":"admin","pendingstatus":"non-pending","accountadmin":"5df9effd9b6ed6.63000633"},{"accountid":"153","subcatid":"1121","catid":"513","expense_id":"570","date":"2019-12-18","accname":"room maintence","catname":"roomrent","file":"..\/..\/..\/..\/uploads\/content\/dailyroll\/uploads\/5df9effd9b6ed6.63000633\/2019\/12\/18\/5df9effd9b6ed6.63000633-Screenshot (51).png","subcatname":"monthlyroomrent","description":"monthly room rent","amount":"5000","capture_id":"5df9effd9b6ed6.63000633","symbol":"\u20b9","name":"manisha ","accountstatus":"unfreezee","adminstatus":"admin","pendingstatus":"non-pending","accountadmin":"5df9effd9b6ed6.63000633"}]
[2019-12-18 04:52:24]	[INFO][my_ws_an_expense.php]	5df9effd9b6ed6.63000633	
[2019-12-18 04:52:24]	[INFO][my_ws_an_expense.php]	5df9effd9b6ed6.63000633	SELECT a.pendingflag,a.freeze,a.capture_id,a.tr_date,a.account_id,a.cat_id,a.subcat_id,b.accountname,c.cat_name,d.subcat_name,a.description,a.amount,a.id,a.file_name,b.currcode FROM `expenses` a,accounts b,category c,sub_category d WHERE a.account_id=b.account_id and a.capture_id='5df9effd9b6ed6.63000633' and a.cat_id=c.cat_id and a.subcat_id=d.subcat_id and  pendingflag ='non-pending' ORDER BY a.id DESC
[2019-12-18 04:52:24]	[INFO][my_ws_an_expense.php]	5df9effd9b6ed6.63000633	[{"accountid":"153","subcatid":"1124","catid":"515","expense_id":"577","date":"2019-12-18","accname":"room maintence","catname":"waterbill","file":"..\/..\/..\/..\/uploads\/content\/dailyroll\/uploads\/5df9effd9b6ed6.63000633\/2019\/12\/18\/Screenshot (52).png","subcatname":"monthlymotorbill","description":" money","amount":"2000","capture_id":"5df9effd9b6ed6.63000633","symbol":"\u20b9","name":"manisha ","accountstatus":"unfreezee","adminstatus":"admin","pendingstatus":"non-pending","accountadmin":"5df9effd9b6ed6.63000633"},{"accountid":"153","subcatid":"1122","catid":"513","expense_id":"575","date":"2019-12-18","accname":"room maintence","catname":"roomrent","file":"..\/..\/..\/..\/uploads\/content\/dailyroll\/uploads\/5df9effd9b6ed6.63000633\/2019\/12\/18\/Screenshot (54).png","subcatname":"maintencebill","description":"maintence money","amount":"1000","capture_id":"5df9effd9b6ed6.63000633","symbol":"\u20b9","name":"manisha ","accountstatus":"unfreezee","adminstatus":"admin","pendingstatus":"non-pending","accountadmin":"5df9effd9b6ed6.63000633"},{"accountid":"153","subcatid":"1124","catid":"515","expense_id":"574","date":"2019-12-18","accname":"room maintence","catname":"waterbill","file":"..\/..\/..\/..\/uploads\/content\/dailyroll\/uploads\/5df9effd9b6ed6.63000633\/2019\/12\/18\/Screenshot (52).png","subcatname":"monthlymotorbill","description":"motor money","amount":"2000","capture_id":"5df9effd9b6ed6.63000633","symbol":"\u20b9","name":"manisha ","accountstatus":"unfreezee","adminstatus":"admin","pendingstatus":"non-pending","accountadmin":"5df9effd9b6ed6.63000633"},{"accountid":"153","subcatid":"1123","catid":"514","expense_id":"573","date":"2019-12-18","accname":"room maintence","catname":"wifibill","file":"..\/..\/..\/..\/uploads\/content\/dailyroll\/uploads\/5df9effd9b6ed6.63000633\/2019\/12\/18\/Screenshot (50).png","subcatname":"monthlywifibill","description":"wifi money","amount":"1000","capture_id":"5df9effd9b6ed6.63000633","symbol":"\u20b9","name":"manisha ","accountstatus":"unfreezee","adminstatus":"admin","pendingstatus":"non-pending","accountadmin":"5df9effd9b6ed6.63000633"},{"accountid":"153","subcatid":"1122","catid":"513","expense_id":"571","date":"2019-12-18","accname":"room maintence","catname":"roomrent","file":"..\/..\/..\/..\/uploads\/content\/dailyroll\/uploads\/5df9effd9b6ed6.63000633\/2019\/12\/18\/5df9effd9b6ed6.63000633-Screenshot (58).png","subcatname":"maintencebill","description":"mintence money","amount":"1000","capture_id":"5df9effd9b6ed6.63000633","symbol":"\u20b9","name":"manisha ","accountstatus":"unfreezee","adminstatus":"admin","pendingstatus":"non-pending","accountadmin":"5df9effd9b6ed6.63000633"},{"accountid":"153","subcatid":"1121","catid":"513","expense_id":"570","date":"2019-12-18","accname":"room maintence","catname":"roomrent","file":"..\/..\/..\/..\/uploads\/content\/dailyroll\/uploads\/5df9effd9b6ed6.63000633\/2019\/12\/18\/5df9effd9b6ed6.63000633-Screenshot (51).png","subcatname":"monthlyroomrent","description":"monthly room rent","amount":"5000","capture_id":"5df9effd9b6ed6.63000633","symbol":"\u20b9","name":"manisha ","accountstatus":"unfreezee","adminstatus":"admin","pendingstatus":"non-pending","accountadmin":"5df9effd9b6ed6.63000633"}]
[2019-12-18 04:52:39]	[INFO][my_ws_an_expense.php]	5df9effd9b6ed6.63000633	
[2019-12-18 04:52:39]	[INFO][my_ws_an_expense.php]	5df9effd9b6ed6.63000633	SELECT a.pendingflag,a.freeze,a.capture_id,a.tr_date,a.account_id,a.cat_id,a.subcat_id,b.accountname,c.cat_name,d.subcat_name,a.description,a.amount,a.id,a.file_name,b.currcode FROM `expenses` a,accounts b,category c,sub_category d WHERE a.account_id=b.account_id and a.capture_id='5df9effd9b6ed6.63000633' and a.cat_id=c.cat_id and a.subcat_id=d.subcat_id and  pendingflag ='non-pending' ORDER BY a.id DESC
[2019-12-18 04:52:39]	[INFO][my_ws_an_expense.php]	5df9effd9b6ed6.63000633	[{"accountid":"153","subcatid":"1122","catid":"513","expense_id":"575","date":"2019-12-18","accname":"room maintence","catname":"roomrent","file":"..\/..\/..\/..\/uploads\/content\/dailyroll\/uploads\/5df9effd9b6ed6.63000633\/2019\/12\/18\/Screenshot (54).png","subcatname":"maintencebill","description":"maintence money","amount":"1000","capture_id":"5df9effd9b6ed6.63000633","symbol":"\u20b9","name":"manisha ","accountstatus":"unfreezee","adminstatus":"admin","pendingstatus":"non-pending","accountadmin":"5df9effd9b6ed6.63000633"},{"accountid":"153","subcatid":"1124","catid":"515","expense_id":"574","date":"2019-12-18","accname":"room maintence","catname":"waterbill","file":"..\/..\/..\/..\/uploads\/content\/dailyroll\/uploads\/5df9effd9b6ed6.63000633\/2019\/12\/18\/Screenshot (52).png","subcatname":"monthlymotorbill","description":"motor money","amount":"2000","capture_id":"5df9effd9b6ed6.63000633","symbol":"\u20b9","name":"manisha ","accountstatus":"unfreezee","adminstatus":"admin","pendingstatus":"non-pending","accountadmin":"5df9effd9b6ed6.63000633"},{"accountid":"153","subcatid":"1123","catid":"514","expense_id":"573","date":"2019-12-18","accname":"room maintence","catname":"wifibill","file":"..\/..\/..\/..\/uploads\/content\/dailyroll\/uploads\/5df9effd9b6ed6.63000633\/2019\/12\/18\/Screenshot (50).png","subcatname":"monthlywifibill","description":"wifi money","amount":"1000","capture_id":"5df9effd9b6ed6.63000633","symbol":"\u20b9","name":"manisha ","accountstatus":"unfreezee","adminstatus":"admin","pendingstatus":"non-pending","accountadmin":"5df9effd9b6ed6.63000633"},{"accountid":"153","subcatid":"1122","catid":"513","expense_id":"571","date":"2019-12-18","accname":"room maintence","catname":"roomrent","file":"..\/..\/..\/..\/uploads\/content\/dailyroll\/uploads\/5df9effd9b6ed6.63000633\/2019\/12\/18\/5df9effd9b6ed6.63000633-Screenshot (58).png","subcatname":"maintencebill","description":"mintence money","amount":"1000","capture_id":"5df9effd9b6ed6.63000633","symbol":"\u20b9","name":"manisha ","accountstatus":"unfreezee","adminstatus":"admin","pendingstatus":"non-pending","accountadmin":"5df9effd9b6ed6.63000633"},{"accountid":"153","subcatid":"1121","catid":"513","expense_id":"570","date":"2019-12-18","accname":"room maintence","catname":"roomrent","file":"..\/..\/..\/..\/uploads\/content\/dailyroll\/uploads\/5df9effd9b6ed6.63000633\/2019\/12\/18\/5df9effd9b6ed6.63000633-Screenshot (51).png","subcatname":"monthlyroomrent","description":"monthly room rent","amount":"5000","capture_id":"5df9effd9b6ed6.63000633","symbol":"\u20b9","name":"manisha ","accountstatus":"unfreezee","adminstatus":"admin","pendingstatus":"non-pending","accountadmin":"5df9effd9b6ed6.63000633"}]
[2019-12-18 04:52:58]	[INFO][my_ws_an_expense.php]	5df9effd9b6ed6.63000633	[{"mindate":"0000-00-00","maxdate":"2019-12-18"}]
[2019-12-18 04:53:59]	[INFO][my_ws_an_expense.php]	5df9effd9b6ed6.63000633	[{"mindate":"0000-00-00","maxdate":"2019-12-18"}]
[2019-12-18 04:56:05]	[INFO][my_ws_an_expense.php]	5df9effd9b6ed6.63000633	[{"mindate":"0000-00-00","maxdate":"2019-12-18"}]
[2019-12-18 07:48:34]	[INFO][my_ws_an_expense.php]	5df9effd9b6ed6.63000633	
[2019-12-18 07:48:34]	[INFO][my_ws_an_expense.php]	5df9effd9b6ed6.63000633	SELECT a.pendingflag,a.freeze,a.capture_id,a.tr_date,a.account_id,a.cat_id,a.subcat_id,b.accountname,c.cat_name,d.subcat_name,a.description,a.amount,a.id,a.file_name,b.currcode FROM `expenses` a,accounts b,category c,sub_category d WHERE a.account_id=b.account_id and a.capture_id='5df9effd9b6ed6.63000633' and a.cat_id=c.cat_id and a.subcat_id=d.subcat_id and  pendingflag ='non-pending' ORDER BY a.id DESC
[2019-12-18 07:48:35]	[INFO][my_ws_an_expense.php]	5df9effd9b6ed6.63000633	[{"accountid":"153","subcatid":"1122","catid":"513","expense_id":"575","date":"2019-12-18","accname":"room maintence","catname":"roomrent","file":"..\/..\/..\/..\/uploads\/content\/dailyroll\/uploads\/5df9effd9b6ed6.63000633\/2019\/12\/18\/Screenshot (54).png","subcatname":"maintencebill","description":"maintence money","amount":"1000","capture_id":"5df9effd9b6ed6.63000633","symbol":"\u20b9","name":"manisha ","accountstatus":"unfreezee","adminstatus":"admin","pendingstatus":"non-pending","accountadmin":"5df9effd9b6ed6.63000633"},{"accountid":"153","subcatid":"1124","catid":"515","expense_id":"574","date":"2019-12-18","accname":"room maintence","catname":"waterbill","file":"..\/..\/..\/..\/uploads\/content\/dailyroll\/uploads\/5df9effd9b6ed6.63000633\/2019\/12\/18\/Screenshot (52).png","subcatname":"monthlymotorbill","description":"motor money","amount":"2000","capture_id":"5df9effd9b6ed6.63000633","symbol":"\u20b9","name":"manisha ","accountstatus":"unfreezee","adminstatus":"admin","pendingstatus":"non-pending","accountadmin":"5df9effd9b6ed6.63000633"},{"accountid":"153","subcatid":"1123","catid":"514","expense_id":"573","date":"2019-12-18","accname":"room maintence","catname":"wifibill","file":"..\/..\/..\/..\/uploads\/content\/dailyroll\/uploads\/5df9effd9b6ed6.63000633\/2019\/12\/18\/Screenshot (50).png","subcatname":"monthlywifibill","description":"wifi money","amount":"1000","capture_id":"5df9effd9b6ed6.63000633","symbol":"\u20b9","name":"manisha ","accountstatus":"unfreezee","adminstatus":"admin","pendingstatus":"non-pending","accountadmin":"5df9effd9b6ed6.63000633"},{"accountid":"153","subcatid":"1122","catid":"513","expense_id":"571","date":"2019-12-18","accname":"room maintence","catname":"roomrent","file":"..\/..\/..\/..\/uploads\/content\/dailyroll\/uploads\/5df9effd9b6ed6.63000633\/2019\/12\/18\/5df9effd9b6ed6.63000633-Screenshot (58).png","subcatname":"maintencebill","description":"mintence money","amount":"1000","capture_id":"5df9effd9b6ed6.63000633","symbol":"\u20b9","name":"manisha ","accountstatus":"unfreezee","adminstatus":"admin","pendingstatus":"non-pending","accountadmin":"5df9effd9b6ed6.63000633"},{"accountid":"153","subcatid":"1121","catid":"513","expense_id":"570","date":"2019-12-18","accname":"room maintence","catname":"roomrent","file":"..\/..\/..\/..\/uploads\/content\/dailyroll\/uploads\/5df9effd9b6ed6.63000633\/2019\/12\/18\/5df9effd9b6ed6.63000633-Screenshot (51).png","subcatname":"monthlyroomrent","description":"monthly room rent","amount":"5000","capture_id":"5df9effd9b6ed6.63000633","symbol":"\u20b9","name":"manisha ","accountstatus":"unfreezee","adminstatus":"admin","pendingstatus":"non-pending","accountadmin":"5df9effd9b6ed6.63000633"}]
[2019-12-18 08:00:05]	[INFO][my_ws_an_expense.php]	5df9effd9b6ed6.63000633	
[2019-12-18 08:00:05]	[INFO][my_ws_an_expense.php]	5df9effd9b6ed6.63000633	SELECT a.pendingflag,a.freeze,a.capture_id,a.tr_date,a.account_id,a.cat_id,a.subcat_id,b.accountname,c.cat_name,d.subcat_name,a.description,a.amount,a.id,a.file_name,b.currcode FROM `expenses` a,accounts b,category c,sub_category d WHERE a.account_id=b.account_id and a.capture_id='5df9effd9b6ed6.63000633' and a.cat_id=c.cat_id and a.subcat_id=d.subcat_id and  pendingflag ='non-pending' ORDER BY a.id DESC
[2019-12-18 08:00:05]	[INFO][my_ws_an_expense.php]	5df9effd9b6ed6.63000633	[{"accountid":"153","subcatid":"1122","catid":"513","expense_id":"584","date":"2019-12-18","accname":"room maintence","catname":"roomrent","file":"..\/..\/..\/..\/uploads\/content\/dailyroll\/uploads\/5df9effd9b6ed6.63000633\/2019\/12\/18\/Screenshot (66).png","subcatname":"maintencebill","description":"salary money","amount":"1000","capture_id":"5df9effd9b6ed6.63000633","symbol":"\u20b9","name":"manisha ","accountstatus":"unfreezee","adminstatus":"admin","pendingstatus":"non-pending","accountadmin":"5df9effd9b6ed6.63000633"},{"accountid":"153","subcatid":"1124","catid":"515","expense_id":"583","date":"2019-12-18","accname":"room maintence","catname":"waterbill","file":"..\/..\/..\/..\/uploads\/content\/dailyroll\/uploads\/5df9effd9b6ed6.63000633\/2019\/12\/18\/Screenshot (69).png","subcatname":"monthlymotorbill","description":"maintence money","amount":"2000","capture_id":"5df9effd9b6ed6.63000633","symbol":"\u20b9","name":"manisha ","accountstatus":"unfreezee","adminstatus":"admin","pendingstatus":"non-pending","accountadmin":"5df9effd9b6ed6.63000633"},{"accountid":"153","subcatid":"1123","catid":"514","expense_id":"582","date":"2019-12-18","accname":"room maintence","catname":"wifibill","file":"..\/..\/..\/..\/uploads\/content\/dailyroll\/uploads\/5df9effd9b6ed6.63000633\/2019\/12\/18\/Screenshot (58).png","subcatname":"monthlywifibill","description":"motor money","amount":"1000","capture_id":"5df9effd9b6ed6.63000633","symbol":"\u20b9","name":"manisha ","accountstatus":"unfreezee","adminstatus":"admin","pendingstatus":"non-pending","accountadmin":"5df9effd9b6ed6.63000633"},{"accountid":"153","subcatid":"1121","catid":"513","expense_id":"581","date":"2019-12-18","accname":"room maintence","catname":"roomrent","file":"..\/..\/..\/..\/uploads\/content\/dailyroll\/uploads\/5df9effd9b6ed6.63000633\/2019\/12\/18\/Screenshot (52).png","subcatname":"monthlyroomrent","description":"wifi money","amount":"5000","capture_id":"5df9effd9b6ed6.63000633","symbol":"\u20b9","name":"manisha ","accountstatus":"unfreezee","adminstatus":"admin","pendingstatus":"non-pending","accountadmin":"5df9effd9b6ed6.63000633"},{"accountid":"153","subcatid":"1122","catid":"513","expense_id":"575","date":"2019-12-18","accname":"room maintence","catname":"roomrent","file":"..\/..\/..\/..\/uploads\/content\/dailyroll\/uploads\/5df9effd9b6ed6.63000633\/2019\/12\/18\/Screenshot (54).png","subcatname":"maintencebill","description":"maintence money","amount":"1000","capture_id":"5df9effd9b6ed6.63000633","symbol":"\u20b9","name":"manisha ","accountstatus":"unfreezee","adminstatus":"admin","pendingstatus":"non-pending","accountadmin":"5df9effd9b6ed6.63000633"},{"accountid":"153","subcatid":"1124","catid":"515","expense_id":"574","date":"2019-12-18","accname":"room maintence","catname":"waterbill","file":"..\/..\/..\/..\/uploads\/content\/dailyroll\/uploads\/5df9effd9b6ed6.63000633\/2019\/12\/18\/Screenshot (52).png","subcatname":"monthlymotorbill","description":"motor money","amount":"2000","capture_id":"5df9effd9b6ed6.63000633","symbol":"\u20b9","name":"manisha ","accountstatus":"unfreezee","adminstatus":"admin","pendingstatus":"non-pending","accountadmin":"5df9effd9b6ed6.63000633"},{"accountid":"153","subcatid":"1123","catid":"514","expense_id":"573","date":"2019-12-18","accname":"room maintence","catname":"wifibill","file":"..\/..\/..\/..\/uploads\/content\/dailyroll\/uploads\/5df9effd9b6ed6.63000633\/2019\/12\/18\/Screenshot (50).png","subcatname":"monthlywifibill","description":"wifi money","amount":"1000","capture_id":"5df9effd9b6ed6.63000633","symbol":"\u20b9","name":"manisha ","accountstatus":"unfreezee","adminstatus":"admin","pendingstatus":"non-pending","accountadmin":"5df9effd9b6ed6.63000633"},{"accountid":"153","subcatid":"1122","catid":"513","expense_id":"571","date":"2019-12-18","accname":"room maintence","catname":"roomrent","file":"..\/..\/..\/..\/uploads\/content\/dailyroll\/uploads\/5df9effd9b6ed6.63000633\/2019\/12\/18\/5df9effd9b6ed6.63000633-Screenshot (58).png","subcatname":"maintencebill","description":"mintence money","amount":"1000","capture_id":"5df9effd9b6ed6.63000633","symbol":"\u20b9","name":"manisha ","accountstatus":"unfreezee","adminstatus":"admin","pendingstatus":"non-pending","accountadmin":"5df9effd9b6ed6.63000633"},{"accountid":"153","subcatid":"1121","catid":"513","expense_id":"570","date":"2019-12-18","accname":"room maintence","catname":"roomrent","file":"..\/..\/..\/..\/uploads\/content\/dailyroll\/uploads\/5df9effd9b6ed6.63000633\/2019\/12\/18\/5df9effd9b6ed6.63000633-Screenshot (51).png","subcatname":"monthlyroomrent","description":"monthly room rent","amount":"5000","capture_id":"5df9effd9b6ed6.63000633","symbol":"\u20b9","name":"manisha ","accountstatus":"unfreezee","adminstatus":"admin","pendingstatus":"non-pending","accountadmin":"5df9effd9b6ed6.63000633"}]
[2019-12-18 08:02:32]	[INFO][my_ws_an_expense.php]	5df9effd9b6ed6.63000633	
[2019-12-18 08:02:32]	[INFO][my_ws_an_expense.php]	5df9effd9b6ed6.63000633	SELECT a.pendingflag,a.freeze,a.capture_id,a.tr_date,a.account_id,a.cat_id,a.subcat_id,b.accountname,c.cat_name,d.subcat_name,a.description,a.amount,a.id,a.file_name,b.currcode FROM `expenses` a,accounts b,category c,sub_category d WHERE a.account_id=b.account_id and a.capture_id='5c3b3a6485ea66.91060288' and a.cat_id=c.cat_id and a.subcat_id=d.subcat_id and  pendingflag ='non-pending' ORDER BY a.id DESC
[2019-12-18 08:02:32]	[INFO][my_ws_an_expense.php]	5df9effd9b6ed6.63000633	[{"accountid":"37","subcatid":"98","catid":"43","expense_id":"568","date":"2019-12-17","accname":"Acs 2019 August month","catname":"D-mart","file":"..\/..\/..\/..\/uploads\/content\/dailyroll\/uploads\/5c3b3a6485ea66.91060288\/2019\/12\/17\/Modi Poster 1.jpg","subcatname":"dmart","description":"fdds","amount":"19","capture_id":"5c3b3a6485ea66.91060288","symbol":"\u20b9","name":"karuna sri","accountstatus":"unfreezee","adminstatus":"user","pendingstatus":"non-pending","accountadmin":"5c37846fbfae87.51444429"},{"accountid":"37","subcatid":"612","catid":"263","expense_id":"567","date":"2019-12-17","accname":"Acs 2019 August month","catname":"test1","file":"..\/..\/..\/..\/uploads\/content\/dailyroll\/uploads\/5c3b3a6485ea66.91060288\/2019\/12\/17\/bjp-election-maniesto-2014.jpg","subcatname":"p1","description":"we","amount":"1","capture_id":"5c3b3a6485ea66.91060288","symbol":"\u20b9","name":"karuna sri","accountstatus":"unfreezee","adminstatus":"user","pendingstatus":"non-pending","accountadmin":"5c37846fbfae87.51444429"},{"accountid":"37","subcatid":"87","catid":"40","expense_id":"566","date":"2019-12-17","accname":"Acs 2019 August month","catname":"Monthly food expense","file":"..\/..\/..\/..\/uploads\/content\/dailyroll\/uploads\/5c3b3a6485ea66.91060288\/2019\/12\/17\/3795_440_front.png","subcatname":"Gas","description":"gfgh","amount":"1100","capture_id":"5c3b3a6485ea66.91060288","symbol":"\u20b9","name":"karuna sri","accountstatus":"unfreezee","adminstatus":"user","pendingstatus":"non-pending","accountadmin":"5c37846fbfae87.51444429"},{"accountid":"37","subcatid":"87","catid":"40","expense_id":"565","date":"2019-12-14","accname":"Acs 2019 August month","catname":"Monthly food expense","file":"..\/..\/..\/..\/uploads\/content\/dailyroll\/uploads\/5c3b3a6485ea66.91060288\/2019\/12\/14\/pic3.jpg","subcatname":"Gas","description":"sfsd","amount":"1100","capture_id":"5c3b3a6485ea66.91060288","symbol":"\u20b9","name":"karuna sri","accountstatus":"unfreezee","adminstatus":"user","pendingstatus":"non-pending","accountadmin":"5c37846fbfae87.51444429"},{"accountid":"37","subcatid":"415","catid":"178","expense_id":"564","date":"2019-12-14","accname":"Acs 2019 August month","catname":"Repairs","file":"..\/..\/..\/..\/uploads\/content\/dailyroll\/uploads\/5c3b3a6485ea66.91060288\/2019\/12\/14\/Mlg75zM.jpg","subcatname":"all repairs","description":"bghf","amount":"23","capture_id":"5c3b3a6485ea66.91060288","symbol":"\u20b9","name":"karuna sri","accountstatus":"unfreezee","adminstatus":"user","pendingstatus":"non-pending","accountadmin":"5c37846fbfae87.51444429"},{"accountid":"37","subcatid":"98","catid":"43","expense_id":"563","date":"2019-12-14","accname":"Acs 2019 August month","catname":"D-mart","file":"..\/..\/..\/..\/uploads\/content\/dailyroll\/uploads\/5c3b3a6485ea66.91060288\/2019\/12\/14\/H5pB2bL.jpg","subcatname":"dmart","description":"gh","amount":"8765","capture_id":"5c3b3a6485ea66.91060288","symbol":"\u20b9","name":"karuna sri","accountstatus":"unfreezee","adminstatus":"user","pendingstatus":"non-pending","accountadmin":"5c37846fbfae87.51444429"},{"accountid":"37","subcatid":"87","catid":"40","expense_id":"562","date":"2019-12-14","accname":"Acs 2019 August month","catname":"Monthly food expense","file":"..\/..\/..\/..\/uploads\/content\/dailyroll\/uploads\/5c3b3a6485ea66.91060288\/2019\/12\/14\/2189525-bigthumbnail.jpg","subcatname":"Gas","description":"gfgh","amount":"1100","capture_id":"5c3b3a6485ea66.91060288","symbol":"\u20b9","name":"karuna sri","accountstatus":"unfreezee","adminstatus":"user","pendingstatus":"non-pending","accountadmin":"5c37846fbfae87.51444429"},{"accountid":"93","subcatid":"668","catid":"264","expense_id":"417","date":"2019-09-03","accname":"Final Testing","catname":"test2","file":"..\/..\/..\/uploads\/content\/dailyroll\/uploads\/5c3b3a6485ea66.91060288-2SG.PNG","subcatname":"nn1","description":"mhg","amount":"123","capture_id":"5c3b3a6485ea66.91060288","symbol":"\u20b9","name":"karuna sri","accountstatus":"unfreezee","adminstatus":"user","pendingstatus":"non-pending","accountadmin":"5c37846fbfae87.51444429"},{"accountid":"80","subcatid":"590","catid":"295","expense_id":"416","date":"2019-09-02","accname":"expenses","catname":"expensescat","file":"nofile","subcatname":"subcategory","description":"jg","amount":"100","capture_id":"5c3b3a6485ea66.91060288","symbol":"$","name":"karuna sri","accountstatus":"unfreezee","adminstatus":"admin","pendingstatus":"non-pending","accountadmin":"5c3b3a6485ea66.91060288"},{"accountid":"93","subcatid":"675","catid":"265","expense_id":"393","date":"2019-09-09","accname":"Final Testing","catname":"test3","file":"..\/..\/uploads\/content\/dailyroll\/uploads\/5c3b3a6485ea66.91060288\/2019\/09\/09\/5c3b3a6485ea66.91060288-09-09-2019-16:08:25-PM.jpg","subcatname":"u7","description":"testtoday1","amount":"1200","capture_id":"5c3b3a6485ea66.91060288","symbol":"\u20b9","name":"karuna sri","accountstatus":"unfreezee","adminstatus":"user","pendingstatus":"non-pending","accountadmin":"5c37846fbfae87.51444429"},{"accountid":"93","subcatid":"669","catid":"265","expense_id":"392","date":"2019-09-09","accname":"Final Testing","catname":"test3","file":"nofile","subcatname":"m1","description":"desc","amount":"1200","capture_id":"5c3b3a6485ea66.91060288","symbol":"\u20b9","name":"karuna sri","accountstatus":"unfreezee","adminstatus":"user","pendingstatus":"non-pending","accountadmin":"5c37846fbfae87.51444429"},{"accountid":"93","subcatid":"669","catid":"265","expense_id":"390","date":"2019-09-07","accname":"Final Testing","catname":"test3","file":"nofile","subcatname":"m1","description":"tt","amount":"121","capture_id":"5c3b3a6485ea66.91060288","symbol":"\u20b9","name":"karuna sri","accountstatus":"unfreezee","adminstatus":"user","pendingstatus":"non-pending","accountadmin":"5c37846fbfae87.51444429"},{"accountid":"93","subcatid":"675","catid":"265","expense_id":"385","date":"2019-09-07","accname":"Final Testing","catname":"test3","file":"..\/..\/..\/..\/uploads\/content\/dailyroll\/uploads\/5c3b3a6485ea66.91060288\/2019\/11\/30\/5c3b3a6485ea66.91060288-2189525-bigthumbnail.jpg","subcatname":"u7","description":"test6","amount":"1231","capture_id":"5c3b3a6485ea66.91060288","symbol":"\u20b9","name":"karuna sri","accountstatus":"unfreezee","adminstatus":"user","pendingstatus":"non-pending","accountadmin":"5c37846fbfae87.51444429"},{"accountid":"93","subcatid":"669","catid":"264","expense_id":"384","date":"2019-09-07","accname":"Final Testing","catname":"test2","file":"nofile","subcatname":"m1","description":"test k","amount":"1231","capture_id":"5c3b3a6485ea66.91060288","symbol":"\u20b9","name":"karuna sri","accountstatus":"unfreezee","adminstatus":"user","pendingstatus":"non-pending","accountadmin":"5c37846fbfae87.51444429"},{"accountid":"37","subcatid":"96","catid":"47","expense_id":"382","date":"2019-09-05","accname":"Acs 2019 August month","catname":"Internet","file":"..\/..\/..\/..\/uploads\/content\/dailyroll\/uploads\/5c3b3a6485ea66.91060288\/2019\/11\/30\/5c3b3a6485ea66.91060288-pic4.jpg","subcatname":"Jayson & Williams","description":"test","amount":"720","capture_id":"5c3b3a6485ea66.91060288","symbol":"\u20b9","name":"karuna sri","accountstatus":"unfreezee","adminstatus":"user","pendingstatus":"non-pending","accountadmin":"5c37846fbfae87.51444429"},{"accountid":"18","subcatid":"590","catid":"180","expense_id":"353","date":"2019-08-28","accname":"testfamily","catname":"hii","file":"nofile","subcatname":"subcategory","description":"gg","amount":"12","capture_id":"5c3b3a6485ea66.91060288","symbol":"\u20b9","name":"karuna sri","accountstatus":"unfreezee","adminstatus":"admin","pendingstatus":"non-pending","accountadmin":"5c3b3a6485ea66.91060288"},{"accountid":"18","subcatid":"590","catid":"180","expense_id":"351","date":"2019-08-26","accname":"testfamily","catname":"hii","file":"..\/..\/..\/uploads\/content\/dailyroll\/uploads\/5c3b3a6485ea66.91060288\/2019\/08\/27\/Screenshot (242).png","subcatname":"subcategory","description":"yy","amount":"100","capture_id":"5c3b3a6485ea66.91060288","symbol":"\u20b9","name":"karuna sri","accountstatus":"unfreezee","adminstatus":"admin","pendingstatus":"non-pending","accountadmin":"5c3b3a6485ea66.91060288"},{"accountid":"18","subcatid":"590","catid":"180","expense_id":"349","date":"2019-08-28","accname":"testfamily","catname":"hii","file":"..\/..\/..\/uploads\/content\/dailyroll\/uploads\/5c3b3a6485ea66.91060288\/2019\/08\/27\/Screenshot (242).png","subcatname":"subcategory","description":"ht","amount":"100","capture_id":"5c3b3a6485ea66.91060288","symbol":"\u20b9","name":"karuna sri","accountstatus":"unfreezee","adminstatus":"admin","pendingstatus":"non-pending","accountadmin":"5c3b3a6485ea66.91060288"},{"accountid":"18","subcatid":"592","catid":"180","expense_id":"344","date":"2019-08-28","accname":"testfamily","catname":"hii","file":"nofile","subcatname":"gros","description":"bn","amount":"123","capture_id":"5c3b3a6485ea66.91060288","symbol":"\u20b9","name":"karuna sri","accountstatus":"unfreezee","adminstatus":"admin","pendingstatus":"non-pending","accountadmin":"5c3b3a6485ea66.91060288"},{"accountid":"18","subcatid":"590","catid":"180","expense_id":"343","date":"2019-08-28","accname":"testfamily","catname":"hii","file":"nofile","subcatname":"subcategory","description":"jh","amount":"100","capture_id":"5c3b3a6485ea66.91060288","symbol":"\u20b9","name":"karuna sri","accountstatus":"unfreezee","adminstatus":"admin","pendingstatus":"non-pending","accountadmin":"5c3b3a6485ea66.91060288"},{"accountid":"18","subcatid":"590","catid":"180","expense_id":"338","date":"2019-08-27","accname":"testfamily","catname":"hii","file":"nofile","subcatname":"subcategory","description":"huu","amount":"120","capture_id":"5c3b3a6485ea66.91060288","symbol":"\u20b9","name":"karuna sri","accountstatus":"unfreezee","adminstatus":"admin","pendingstatus":"non-pending","accountadmin":"5c3b3a6485ea66.91060288"},{"accountid":"18","subcatid":"680","catid":"180","expense_id":"337","date":"2019-08-27","accname":"testfamily","catname":"hii","file":"nofile","subcatname":"test4","description":"hello","amount":"123","capture_id":"5c3b3a6485ea66.91060288","symbol":"\u20b9","name":"karuna sri","accountstatus":"unfreezee","adminstatus":"admin","pendingstatus":"non-pending","accountadmin":"5c3b3a6485ea66.91060288"},{"accountid":"18","subcatid":"590","catid":"180","expense_id":"331","date":"2019-08-26","accname":"testfamily","catname":"hii","file":"nofile","subcatname":"subcategory","description":"ttt","amount":"123","capture_id":"5c3b3a6485ea66.91060288","symbol":"\u20b9","name":"karuna sri","accountstatus":"freeze","adminstatus":"admin","pendingstatus":"non-pending","accountadmin":"5c3b3a6485ea66.91060288"},{"accountid":"18","subcatid":"590","catid":"180","expense_id":"330","date":"2019-08-19","accname":"testfamily","catname":"hii","file":"nofile","subcatname":"subcategory","description":"ttt","amount":"122","capture_id":"5c3b3a6485ea66.91060288","symbol":"\u20b9","name":"karuna sri","accountstatus":"freeze","adminstatus":"admin","pendingstatus":"non-pending","accountadmin":"5c3b3a6485ea66.91060288"},{"accountid":"18","subcatid":"590","catid":"180","expense_id":"328","date":"2019-08-19","accname":"testfamily","catname":"hii","file":"nofile","subcatname":"subcategory","description":"ttt","amount":"121","capture_id":"5c3b3a6485ea66.91060288","symbol":"\u20b9","name":"karuna sri","accountstatus":"freeze","adminstatus":"admin","pendingstatus":"non-pending","accountadmin":"5c3b3a6485ea66.91060288"},{"accountid":"18","subcatid":"590","catid":"180","expense_id":"327","date":"2019-08-19","accname":"testfamily","catname":"hii","file":"nofile","subcatname":"subcategory","description":"ttt","amount":"120","capture_id":"5c3b3a6485ea66.91060288","symbol":"\u20b9","name":"karuna sri","accountstatus":"freeze","adminstatus":"admin","pendingstatus":"non-pending","accountadmin":"5c3b3a6485ea66.91060288"},{"accountid":"18","subcatid":"590","catid":"180","expense_id":"325","date":"2019-08-19","accname":"testfamily","catname":"hii","file":"nofile","subcatname":"subcategory","description":"ttt","amount":"100","capture_id":"5c3b3a6485ea66.91060288","symbol":"\u20b9","name":"karuna sri","accountstatus":"freeze","adminstatus":"admin","pendingstatus":"non-pending","accountadmin":"5c3b3a6485ea66.91060288"},{"accountid":"18","subcatid":"590","catid":"180","expense_id":"323","date":"2019-08-26","accname":"testfamily","catname":"hii","file":"nofile","subcatname":"subcategory","description":"hh","amount":"100","capture_id":"5c3b3a6485ea66.91060288","symbol":"\u20b9","name":"karuna sri","accountstatus":"freeze","adminstatus":"admin","pendingstatus":"non-pending","accountadmin":"5c3b3a6485ea66.91060288"},{"accountid":"37","subcatid":"98","catid":"43","expense_id":"307","date":"2019-08-16","accname":"Acs 2019 August month","catname":"D-mart","file":"..\/..\/..\/uploads\/content\/dailyroll\/uploads\/5c3b3a6485ea66.91060288\/2019\/08\/16\/5c3b3a6485ea66.91060288-Screenshot (245).png","subcatname":"dmart","description":"description","amount":"1200","capture_id":"5c3b3a6485ea66.91060288","symbol":"\u20b9","name":"karuna sri","accountstatus":"","adminstatus":"user","pendingstatus":"non-pending","accountadmin":"5c37846fbfae87.51444429"},{"accountid":"18","subcatid":"591","catid":"180","expense_id":"303","date":"2019-08-16","accname":"testfamily","catname":"hii","file":"..\/..\/..\/uploads\/content\/dailyroll\/uploads\/5c3b3a6485ea66.91060288\/2019\/08\/16\/Screenshot (242).png","subcatname":"hisubcat","description":"qwq12","amount":"12","capture_id":"5c3b3a6485ea66.91060288","symbol":"\u20b9","name":"karuna sri","accountstatus":"freeze","adminstatus":"admin","pendingstatus":"non-pending","accountadmin":"5c3b3a6485ea66.91060288"},{"accountid":"18","subcatid":"590","catid":"180","expense_id":"302","date":"2019-08-16","accname":"testfamily","catname":"hii","file":"..\/..\/..\/uploads\/content\/dailyroll\/uploads\/5c3b3a6485ea66.91060288\/2019\/08\/16\/Screenshot (245).png","subcatname":"subcategory","description":"qw","amount":"100","capture_id":"5c3b3a6485ea66.91060288","symbol":"\u20b9","name":"karuna sri","accountstatus":"freeze","adminstatus":"admin","pendingstatus":"non-pending","accountadmin":"5c3b3a6485ea66.91060288"},{"accountid":"37","subcatid":"96","catid":"47","expense_id":"293","date":"2019-08-01","accname":"Acs 2019 August month","catname":"Internet","file":"nofile","subcatname":"Jayson & Williams","description":"description","amount":"12376","capture_id":"5c3b3a6485ea66.91060288","symbol":"\u20b9","name":"karuna sri","accountstatus":"","adminstatus":"user","pendingstatus":"non-pending","accountadmin":"5c37846fbfae87.51444429"},{"accountid":"37","subcatid":"87","catid":"40","expense_id":"283","date":"2019-08-13","accname":"Acs 2019 August month","catname":"Monthly food expense","file":"\"..\/..\/uploads\/content\/dailyroll\/uploads\/5c3b3a6485ea66.91060288\/2019\/08\/13\/5c3b3a6485ea66.91060288-13-08-2019-10:02:43-AM.jpg\"","subcatname":"Gas","description":"test","amount":"110","capture_id":"5c3b3a6485ea66.91060288","symbol":"\u20b9","name":"karuna sri","accountstatus":"","adminstatus":"user","pendingstatus":"non-pending","accountadmin":"5c37846fbfae87.51444429"},{"accountid":"37","subcatid":"98","catid":"43","expense_id":"247","date":"2019-07-14","accname":"Acs 2019 August month","catname":"D-mart","file":"nofile","subcatname":"dmart","description":" dmarkoil,daniya,surf","amount":"425","capture_id":"5c3b3a6485ea66.91060288","symbol":"\u20b9","name":"karuna sri","accountstatus":"","adminstatus":"user","pendingstatus":"non-pending","accountadmin":"5c37846fbfae87.51444429"}]
[2019-12-18 08:02:45]	[INFO][my_ws_an_expense.php]	5df9effd9b6ed6.63000633	SELECT * FROM `expenses` WHERE account_id='153' and cat_id!='0' and   subcat_id!='0'  ORDER BY id DESC
[2019-12-18 08:02:45]	[INFO][my_ws_an_expense.php]	5df9effd9b6ed6.63000633	153
[2019-12-18 08:02:45]	[INFO][my_ws_an_expense.php]	5df9effd9b6ed6.63000633	513
[2019-12-18 08:02:45]	[INFO][my_ws_an_expense.php]	5df9effd9b6ed6.63000633	1122
[2019-12-18 08:02:45]	[INFO][my_ws_an_expense.php]	5df9effd9b6ed6.63000633	room maintence
[2019-12-18 08:02:45]	[INFO][my_ws_an_expense.php]	5df9effd9b6ed6.63000633	roomrent
[2019-12-18 08:02:45]	[INFO][my_ws_an_expense.php]	5df9effd9b6ed6.63000633	maintencebill
[2019-12-18 08:02:45]	[INFO][my_ws_an_expense.php]	5df9effd9b6ed6.63000633	153
[2019-12-18 08:02:45]	[INFO][my_ws_an_expense.php]	5df9effd9b6ed6.63000633	515
[2019-12-18 08:02:45]	[INFO][my_ws_an_expense.php]	5df9effd9b6ed6.63000633	1124
[2019-12-18 08:02:45]	[INFO][my_ws_an_expense.php]	5df9effd9b6ed6.63000633	room maintence
[2019-12-18 08:02:45]	[INFO][my_ws_an_expense.php]	5df9effd9b6ed6.63000633	waterbill
[2019-12-18 08:02:45]	[INFO][my_ws_an_expense.php]	5df9effd9b6ed6.63000633	monthlymotorbill
[2019-12-18 08:02:45]	[INFO][my_ws_an_expense.php]	5df9effd9b6ed6.63000633	153
[2019-12-18 08:02:45]	[INFO][my_ws_an_expense.php]	5df9effd9b6ed6.63000633	514
[2019-12-18 08:02:45]	[INFO][my_ws_an_expense.php]	5df9effd9b6ed6.63000633	1123
[2019-12-18 08:02:45]	[INFO][my_ws_an_expense.php]	5df9effd9b6ed6.63000633	room maintence
[2019-12-18 08:02:45]	[INFO][my_ws_an_expense.php]	5df9effd9b6ed6.63000633	wifibill
[2019-12-18 08:02:45]	[INFO][my_ws_an_expense.php]	5df9effd9b6ed6.63000633	monthlywifibill
[2019-12-18 08:02:45]	[INFO][my_ws_an_expense.php]	5df9effd9b6ed6.63000633	153
[2019-12-18 08:02:45]	[INFO][my_ws_an_expense.php]	5df9effd9b6ed6.63000633	513
[2019-12-18 08:02:45]	[INFO][my_ws_an_expense.php]	5df9effd9b6ed6.63000633	1121
[2019-12-18 08:02:45]	[INFO][my_ws_an_expense.php]	5df9effd9b6ed6.63000633	room maintence
[2019-12-18 08:02:45]	[INFO][my_ws_an_expense.php]	5df9effd9b6ed6.63000633	roomrent
[2019-12-18 08:02:45]	[INFO][my_ws_an_expense.php]	5df9effd9b6ed6.63000633	monthlyroomrent
[2019-12-18 08:02:45]	[INFO][my_ws_an_expense.php]	5df9effd9b6ed6.63000633	153
[2019-12-18 08:02:45]	[INFO][my_ws_an_expense.php]	5df9effd9b6ed6.63000633	513
[2019-12-18 08:02:45]	[INFO][my_ws_an_expense.php]	5df9effd9b6ed6.63000633	1122
[2019-12-18 08:02:45]	[INFO][my_ws_an_expense.php]	5df9effd9b6ed6.63000633	room maintence
[2019-12-18 08:02:45]	[INFO][my_ws_an_expense.php]	5df9effd9b6ed6.63000633	roomrent
[2019-12-18 08:02:45]	[INFO][my_ws_an_expense.php]	5df9effd9b6ed6.63000633	maintencebill
[2019-12-18 08:02:45]	[INFO][my_ws_an_expense.php]	5df9effd9b6ed6.63000633	153
[2019-12-18 08:02:45]	[INFO][my_ws_an_expense.php]	5df9effd9b6ed6.63000633	515
[2019-12-18 08:02:45]	[INFO][my_ws_an_expense.php]	5df9effd9b6ed6.63000633	1124
[2019-12-18 08:02:45]	[INFO][my_ws_an_expense.php]	5df9effd9b6ed6.63000633	room maintence
[2019-12-18 08:02:45]	[INFO][my_ws_an_expense.php]	5df9effd9b6ed6.63000633	waterbill
[2019-12-18 08:02:45]	[INFO][my_ws_an_expense.php]	5df9effd9b6ed6.63000633	monthlymotorbill
[2019-12-18 08:02:45]	[INFO][my_ws_an_expense.php]	5df9effd9b6ed6.63000633	153
[2019-12-18 08:02:45]	[INFO][my_ws_an_expense.php]	5df9effd9b6ed6.63000633	514
[2019-12-18 08:02:45]	[INFO][my_ws_an_expense.php]	5df9effd9b6ed6.63000633	1123
[2019-12-18 08:02:45]	[INFO][my_ws_an_expense.php]	5df9effd9b6ed6.63000633	room maintence
[2019-12-18 08:02:45]	[INFO][my_ws_an_expense.php]	5df9effd9b6ed6.63000633	wifibill
[2019-12-18 08:02:45]	[INFO][my_ws_an_expense.php]	5df9effd9b6ed6.63000633	monthlywifibill
[2019-12-18 08:02:45]	[INFO][my_ws_an_expense.php]	5df9effd9b6ed6.63000633	153
[2019-12-18 08:02:45]	[INFO][my_ws_an_expense.php]	5df9effd9b6ed6.63000633	513
[2019-12-18 08:02:45]	[INFO][my_ws_an_expense.php]	5df9effd9b6ed6.63000633	1122
[2019-12-18 08:02:45]	[INFO][my_ws_an_expense.php]	5df9effd9b6ed6.63000633	room maintence
[2019-12-18 08:02:45]	[INFO][my_ws_an_expense.php]	5df9effd9b6ed6.63000633	roomrent
[2019-12-18 08:02:45]	[INFO][my_ws_an_expense.php]	5df9effd9b6ed6.63000633	maintencebill
[2019-12-18 08:02:45]	[INFO][my_ws_an_expense.php]	5df9effd9b6ed6.63000633	153
[2019-12-18 08:02:45]	[INFO][my_ws_an_expense.php]	5df9effd9b6ed6.63000633	513
[2019-12-18 08:02:45]	[INFO][my_ws_an_expense.php]	5df9effd9b6ed6.63000633	1121
[2019-12-18 08:02:45]	[INFO][my_ws_an_expense.php]	5df9effd9b6ed6.63000633	room maintence
[2019-12-18 08:02:45]	[INFO][my_ws_an_expense.php]	5df9effd9b6ed6.63000633	roomrent
[2019-12-18 08:02:45]	[INFO][my_ws_an_expense.php]	5df9effd9b6ed6.63000633	monthlyroomrent
[2019-12-18 08:02:45]	[INFO][my_ws_an_expense.php]	5df9effd9b6ed6.63000633	[{"accountid":"153","subcatid":"1122","catid":"513","expense_id":"584","date":"2019-12-18","accname":"room maintence","catname":"roomrent","file":"..\/..\/..\/..\/uploads\/content\/dailyroll\/uploads\/5df9effd9b6ed6.63000633\/2019\/12\/18\/Screenshot (66).png","subcatname":"maintencebill","description":"salary money","amount":"1000","capture_id":"5df9effd9b6ed6.63000633","symbol":"\u20b9","name":"manisha ","accountstatus":"unfreezee","adminstatus":"user","pendingstatus":"non-pending","accountadmin":"5df9effd9b6ed6.63000633"},{"accountid":"153","subcatid":"1124","catid":"515","expense_id":"583","date":"2019-12-18","accname":"room maintence","catname":"waterbill","file":"..\/..\/..\/..\/uploads\/content\/dailyroll\/uploads\/5df9effd9b6ed6.63000633\/2019\/12\/18\/Screenshot (69).png","subcatname":"monthlymotorbill","description":"maintence money","amount":"2000","capture_id":"5df9effd9b6ed6.63000633","symbol":"\u20b9","name":"manisha ","accountstatus":"unfreezee","adminstatus":"user","pendingstatus":"non-pending","accountadmin":"5df9effd9b6ed6.63000633"},{"accountid":"153","subcatid":"1123","catid":"514","expense_id":"582","date":"2019-12-18","accname":"room maintence","catname":"wifibill","file":"..\/..\/..\/..\/uploads\/content\/dailyroll\/uploads\/5df9effd9b6ed6.63000633\/2019\/12\/18\/Screenshot (58).png","subcatname":"monthlywifibill","description":"motor money","amount":"1000","capture_id":"5df9effd9b6ed6.63000633","symbol":"\u20b9","name":"manisha ","accountstatus":"unfreezee","adminstatus":"user","pendingstatus":"non-pending","accountadmin":"5df9effd9b6ed6.63000633"},{"accountid":"153","subcatid":"1121","catid":"513","expense_id":"581","date":"2019-12-18","accname":"room maintence","catname":"roomrent","file":"..\/..\/..\/..\/uploads\/content\/dailyroll\/uploads\/5df9effd9b6ed6.63000633\/2019\/12\/18\/Screenshot (52).png","subcatname":"monthlyroomrent","description":"wifi money","amount":"5000","capture_id":"5df9effd9b6ed6.63000633","symbol":"\u20b9","name":"manisha ","accountstatus":"unfreezee","adminstatus":"user","pendingstatus":"non-pending","accountadmin":"5df9effd9b6ed6.63000633"},{"accountid":"153","subcatid":"1122","catid":"513","expense_id":"575","date":"2019-12-18","accname":"room maintence","catname":"roomrent","file":"..\/..\/..\/..\/uploads\/content\/dailyroll\/uploads\/5df9effd9b6ed6.63000633\/2019\/12\/18\/Screenshot (54).png","subcatname":"maintencebill","description":"maintence money","amount":"1000","capture_id":"5df9effd9b6ed6.63000633","symbol":"\u20b9","name":"manisha ","accountstatus":"unfreezee","adminstatus":"user","pendingstatus":"non-pending","accountadmin":"5df9effd9b6ed6.63000633"},{"accountid":"153","subcatid":"1124","catid":"515","expense_id":"574","date":"2019-12-18","accname":"room maintence","catname":"waterbill","file":"..\/..\/..\/..\/uploads\/content\/dailyroll\/uploads\/5df9effd9b6ed6.63000633\/2019\/12\/18\/Screenshot (52).png","subcatname":"monthlymotorbill","description":"motor money","amount":"2000","capture_id":"5df9effd9b6ed6.63000633","symbol":"\u20b9","name":"manisha ","accountstatus":"unfreezee","adminstatus":"user","pendingstatus":"non-pending","accountadmin":"5df9effd9b6ed6.63000633"},{"accountid":"153","subcatid":"1123","catid":"514","expense_id":"573","date":"2019-12-18","accname":"room maintence","catname":"wifibill","file":"..\/..\/..\/..\/uploads\/content\/dailyroll\/uploads\/5df9effd9b6ed6.63000633\/2019\/12\/18\/Screenshot (50).png","subcatname":"monthlywifibill","description":"wifi money","amount":"1000","capture_id":"5df9effd9b6ed6.63000633","symbol":"\u20b9","name":"manisha ","accountstatus":"unfreezee","adminstatus":"user","pendingstatus":"non-pending","accountadmin":"5df9effd9b6ed6.63000633"},{"accountid":"153","subcatid":"1122","catid":"513","expense_id":"571","date":"2019-12-18","accname":"room maintence","catname":"roomrent","file":"..\/..\/..\/..\/uploads\/content\/dailyroll\/uploads\/5df9effd9b6ed6.63000633\/2019\/12\/18\/5df9effd9b6ed6.63000633-Screenshot (58).png","subcatname":"maintencebill","description":"mintence money","amount":"1000","capture_id":"5df9effd9b6ed6.63000633","symbol":"\u20b9","name":"manisha ","accountstatus":"unfreezee","adminstatus":"user","pendingstatus":"non-pending","accountadmin":"5df9effd9b6ed6.63000633"},{"accountid":"153","subcatid":"1121","catid":"513","expense_id":"570","date":"2019-12-18","accname":"room maintence","catname":"roomrent","file":"..\/..\/..\/..\/uploads\/content\/dailyroll\/uploads\/5df9effd9b6ed6.63000633\/2019\/12\/18\/5df9effd9b6ed6.63000633-Screenshot (51).png","subcatname":"monthlyroomrent","description":"monthly room rent","amount":"5000","capture_id":"5df9effd9b6ed6.63000633","symbol":"\u20b9","name":"manisha ","accountstatus":"unfreezee","adminstatus":"user","pendingstatus":"non-pending","accountadmin":"5df9effd9b6ed6.63000633"}]
[2019-12-18 08:02:50]	[INFO][my_ws_an_expense.php]	5df9effd9b6ed6.63000633	SELECT * FROM `expenses` WHERE account_id='153' and cat_id!='0' and   subcat_id!='0'  and  pendingflag ='non-pending' ORDER BY id DESC
[2019-12-18 08:02:50]	[INFO][my_ws_an_expense.php]	5df9effd9b6ed6.63000633	153
[2019-12-18 08:02:50]	[INFO][my_ws_an_expense.php]	5df9effd9b6ed6.63000633	513
[2019-12-18 08:02:50]	[INFO][my_ws_an_expense.php]	5df9effd9b6ed6.63000633	1122
[2019-12-18 08:02:50]	[INFO][my_ws_an_expense.php]	5df9effd9b6ed6.63000633	room maintence
[2019-12-18 08:02:50]	[INFO][my_ws_an_expense.php]	5df9effd9b6ed6.63000633	roomrent
[2019-12-18 08:02:50]	[INFO][my_ws_an_expense.php]	5df9effd9b6ed6.63000633	maintencebill
[2019-12-18 08:02:50]	[INFO][my_ws_an_expense.php]	5df9effd9b6ed6.63000633	153
[2019-12-18 08:02:50]	[INFO][my_ws_an_expense.php]	5df9effd9b6ed6.63000633	515
[2019-12-18 08:02:50]	[INFO][my_ws_an_expense.php]	5df9effd9b6ed6.63000633	1124
[2019-12-18 08:02:50]	[INFO][my_ws_an_expense.php]	5df9effd9b6ed6.63000633	room maintence
[2019-12-18 08:02:50]	[INFO][my_ws_an_expense.php]	5df9effd9b6ed6.63000633	waterbill
[2019-12-18 08:02:50]	[INFO][my_ws_an_expense.php]	5df9effd9b6ed6.63000633	monthlymotorbill
[2019-12-18 08:02:50]	[INFO][my_ws_an_expense.php]	5df9effd9b6ed6.63000633	153
[2019-12-18 08:02:50]	[INFO][my_ws_an_expense.php]	5df9effd9b6ed6.63000633	514
[2019-12-18 08:02:50]	[INFO][my_ws_an_expense.php]	5df9effd9b6ed6.63000633	1123
[2019-12-18 08:02:50]	[INFO][my_ws_an_expense.php]	5df9effd9b6ed6.63000633	room maintence
[2019-12-18 08:02:50]	[INFO][my_ws_an_expense.php]	5df9effd9b6ed6.63000633	wifibill
[2019-12-18 08:02:50]	[INFO][my_ws_an_expense.php]	5df9effd9b6ed6.63000633	monthlywifibill
[2019-12-18 08:02:50]	[INFO][my_ws_an_expense.php]	5df9effd9b6ed6.63000633	153
[2019-12-18 08:02:50]	[INFO][my_ws_an_expense.php]	5df9effd9b6ed6.63000633	513
[2019-12-18 08:02:50]	[INFO][my_ws_an_expense.php]	5df9effd9b6ed6.63000633	1121
[2019-12-18 08:02:50]	[INFO][my_ws_an_expense.php]	5df9effd9b6ed6.63000633	room maintence
[2019-12-18 08:02:50]	[INFO][my_ws_an_expense.php]	5df9effd9b6ed6.63000633	roomrent
[2019-12-18 08:02:50]	[INFO][my_ws_an_expense.php]	5df9effd9b6ed6.63000633	monthlyroomrent
[2019-12-18 08:02:50]	[INFO][my_ws_an_expense.php]	5df9effd9b6ed6.63000633	153
[2019-12-18 08:02:50]	[INFO][my_ws_an_expense.php]	5df9effd9b6ed6.63000633	513
[2019-12-18 08:02:50]	[INFO][my_ws_an_expense.php]	5df9effd9b6ed6.63000633	1122
[2019-12-18 08:02:50]	[INFO][my_ws_an_expense.php]	5df9effd9b6ed6.63000633	room maintence
[2019-12-18 08:02:50]	[INFO][my_ws_an_expense.php]	5df9effd9b6ed6.63000633	roomrent
[2019-12-18 08:02:50]	[INFO][my_ws_an_expense.php]	5df9effd9b6ed6.63000633	maintencebill
[2019-12-18 08:02:50]	[INFO][my_ws_an_expense.php]	5df9effd9b6ed6.63000633	153
[2019-12-18 08:02:50]	[INFO][my_ws_an_expense.php]	5df9effd9b6ed6.63000633	515
[2019-12-18 08:02:50]	[INFO][my_ws_an_expense.php]	5df9effd9b6ed6.63000633	1124
[2019-12-18 08:02:50]	[INFO][my_ws_an_expense.php]	5df9effd9b6ed6.63000633	room maintence
[2019-12-18 08:02:50]	[INFO][my_ws_an_expense.php]	5df9effd9b6ed6.63000633	waterbill
[2019-12-18 08:02:50]	[INFO][my_ws_an_expense.php]	5df9effd9b6ed6.63000633	monthlymotorbill
[2019-12-18 08:02:50]	[INFO][my_ws_an_expense.php]	5df9effd9b6ed6.63000633	153
[2019-12-18 08:02:50]	[INFO][my_ws_an_expense.php]	5df9effd9b6ed6.63000633	514
[2019-12-18 08:02:50]	[INFO][my_ws_an_expense.php]	5df9effd9b6ed6.63000633	1123
[2019-12-18 08:02:50]	[INFO][my_ws_an_expense.php]	5df9effd9b6ed6.63000633	room maintence
[2019-12-18 08:02:50]	[INFO][my_ws_an_expense.php]	5df9effd9b6ed6.63000633	wifibill
[2019-12-18 08:02:50]	[INFO][my_ws_an_expense.php]	5df9effd9b6ed6.63000633	monthlywifibill
[2019-12-18 08:02:50]	[INFO][my_ws_an_expense.php]	5df9effd9b6ed6.63000633	153
[2019-12-18 08:02:50]	[INFO][my_ws_an_expense.php]	5df9effd9b6ed6.63000633	513
[2019-12-18 08:02:50]	[INFO][my_ws_an_expense.php]	5df9effd9b6ed6.63000633	1122
[2019-12-18 08:02:50]	[INFO][my_ws_an_expense.php]	5df9effd9b6ed6.63000633	room maintence
[2019-12-18 08:02:50]	[INFO][my_ws_an_expense.php]	5df9effd9b6ed6.63000633	roomrent
[2019-12-18 08:02:50]	[INFO][my_ws_an_expense.php]	5df9effd9b6ed6.63000633	maintencebill
[2019-12-18 08:02:50]	[INFO][my_ws_an_expense.php]	5df9effd9b6ed6.63000633	153
[2019-12-18 08:02:50]	[INFO][my_ws_an_expense.php]	5df9effd9b6ed6.63000633	513
[2019-12-18 08:02:50]	[INFO][my_ws_an_expense.php]	5df9effd9b6ed6.63000633	1121
[2019-12-18 08:02:50]	[INFO][my_ws_an_expense.php]	5df9effd9b6ed6.63000633	room maintence
[2019-12-18 08:02:50]	[INFO][my_ws_an_expense.php]	5df9effd9b6ed6.63000633	roomrent
[2019-12-18 08:02:50]	[INFO][my_ws_an_expense.php]	5df9effd9b6ed6.63000633	monthlyroomrent
[2019-12-18 08:02:50]	[INFO][my_ws_an_expense.php]	5df9effd9b6ed6.63000633	[{"accountid":"153","subcatid":"1122","catid":"513","expense_id":"584","date":"2019-12-18","accname":"room maintence","catname":"roomrent","file":"..\/..\/..\/..\/uploads\/content\/dailyroll\/uploads\/5df9effd9b6ed6.63000633\/2019\/12\/18\/Screenshot (66).png","subcatname":"maintencebill","description":"salary money","amount":"1000","capture_id":"5df9effd9b6ed6.63000633","symbol":"\u20b9","name":"manisha ","accountstatus":"unfreezee","adminstatus":"user","pendingstatus":"non-pending","accountadmin":"5df9effd9b6ed6.63000633"},{"accountid":"153","subcatid":"1124","catid":"515","expense_id":"583","date":"2019-12-18","accname":"room maintence","catname":"waterbill","file":"..\/..\/..\/..\/uploads\/content\/dailyroll\/uploads\/5df9effd9b6ed6.63000633\/2019\/12\/18\/Screenshot (69).png","subcatname":"monthlymotorbill","description":"maintence money","amount":"2000","capture_id":"5df9effd9b6ed6.63000633","symbol":"\u20b9","name":"manisha ","accountstatus":"unfreezee","adminstatus":"user","pendingstatus":"non-pending","accountadmin":"5df9effd9b6ed6.63000633"},{"accountid":"153","subcatid":"1123","catid":"514","expense_id":"582","date":"2019-12-18","accname":"room maintence","catname":"wifibill","file":"..\/..\/..\/..\/uploads\/content\/dailyroll\/uploads\/5df9effd9b6ed6.63000633\/2019\/12\/18\/Screenshot (58).png","subcatname":"monthlywifibill","description":"motor money","amount":"1000","capture_id":"5df9effd9b6ed6.63000633","symbol":"\u20b9","name":"manisha ","accountstatus":"unfreezee","adminstatus":"user","pendingstatus":"non-pending","accountadmin":"5df9effd9b6ed6.63000633"},{"accountid":"153","subcatid":"1121","catid":"513","expense_id":"581","date":"2019-12-18","accname":"room maintence","catname":"roomrent","file":"..\/..\/..\/..\/uploads\/content\/dailyroll\/uploads\/5df9effd9b6ed6.63000633\/2019\/12\/18\/Screenshot (52).png","subcatname":"monthlyroomrent","description":"wifi money","amount":"5000","capture_id":"5df9effd9b6ed6.63000633","symbol":"\u20b9","name":"manisha ","accountstatus":"unfreezee","adminstatus":"user","pendingstatus":"non-pending","accountadmin":"5df9effd9b6ed6.63000633"},{"accountid":"153","subcatid":"1122","catid":"513","expense_id":"575","date":"2019-12-18","accname":"room maintence","catname":"roomrent","file":"..\/..\/..\/..\/uploads\/content\/dailyroll\/uploads\/5df9effd9b6ed6.63000633\/2019\/12\/18\/Screenshot (54).png","subcatname":"maintencebill","description":"maintence money","amount":"1000","capture_id":"5df9effd9b6ed6.63000633","symbol":"\u20b9","name":"manisha ","accountstatus":"unfreezee","adminstatus":"user","pendingstatus":"non-pending","accountadmin":"5df9effd9b6ed6.63000633"},{"accountid":"153","subcatid":"1124","catid":"515","expense_id":"574","date":"2019-12-18","accname":"room maintence","catname":"waterbill","file":"..\/..\/..\/..\/uploads\/content\/dailyroll\/uploads\/5df9effd9b6ed6.63000633\/2019\/12\/18\/Screenshot (52).png","subcatname":"monthlymotorbill","description":"motor money","amount":"2000","capture_id":"5df9effd9b6ed6.63000633","symbol":"\u20b9","name":"manisha ","accountstatus":"unfreezee","adminstatus":"user","pendingstatus":"non-pending","accountadmin":"5df9effd9b6ed6.63000633"},{"accountid":"153","subcatid":"1123","catid":"514","expense_id":"573","date":"2019-12-18","accname":"room maintence","catname":"wifibill","file":"..\/..\/..\/..\/uploads\/content\/dailyroll\/uploads\/5df9effd9b6ed6.63000633\/2019\/12\/18\/Screenshot (50).png","subcatname":"monthlywifibill","description":"wifi money","amount":"1000","capture_id":"5df9effd9b6ed6.63000633","symbol":"\u20b9","name":"manisha ","accountstatus":"unfreezee","adminstatus":"user","pendingstatus":"non-pending","accountadmin":"5df9effd9b6ed6.63000633"},{"accountid":"153","subcatid":"1122","catid":"513","expense_id":"571","date":"2019-12-18","accname":"room maintence","catname":"roomrent","file":"..\/..\/..\/..\/uploads\/content\/dailyroll\/uploads\/5df9effd9b6ed6.63000633\/2019\/12\/18\/5df9effd9b6ed6.63000633-Screenshot (58).png","subcatname":"maintencebill","description":"mintence money","amount":"1000","capture_id":"5df9effd9b6ed6.63000633","symbol":"\u20b9","name":"manisha ","accountstatus":"unfreezee","adminstatus":"user","pendingstatus":"non-pending","accountadmin":"5df9effd9b6ed6.63000633"},{"accountid":"153","subcatid":"1121","catid":"513","expense_id":"570","date":"2019-12-18","accname":"room maintence","catname":"roomrent","file":"..\/..\/..\/..\/uploads\/content\/dailyroll\/uploads\/5df9effd9b6ed6.63000633\/2019\/12\/18\/5df9effd9b6ed6.63000633-Screenshot (51).png","subcatname":"monthlyroomrent","description":"monthly room rent","amount":"5000","capture_id":"5df9effd9b6ed6.63000633","symbol":"\u20b9","name":"manisha ","accountstatus":"unfreezee","adminstatus":"user","pendingstatus":"non-pending","accountadmin":"5df9effd9b6ed6.63000633"}]
[2019-12-18 08:02:55]	[INFO][my_ws_an_expense.php]	5df9effd9b6ed6.63000633	SELECT * FROM `expenses` WHERE account_id='18' and cat_id!='0' and   subcat_id!='0' and  pendingflag ='non-pending' ORDER BY id DESC
[2019-12-18 08:02:55]	[INFO][my_ws_an_expense.php]	5df9effd9b6ed6.63000633	18
[2019-12-18 08:02:55]	[INFO][my_ws_an_expense.php]	5df9effd9b6ed6.63000633	180
[2019-12-18 08:02:55]	[INFO][my_ws_an_expense.php]	5df9effd9b6ed6.63000633	590
[2019-12-18 08:02:55]	[INFO][my_ws_an_expense.php]	5df9effd9b6ed6.63000633	testfamily
[2019-12-18 08:02:55]	[INFO][my_ws_an_expense.php]	5df9effd9b6ed6.63000633	hii
[2019-12-18 08:02:55]	[INFO][my_ws_an_expense.php]	5df9effd9b6ed6.63000633	subcategory
[2019-12-18 08:02:55]	[INFO][my_ws_an_expense.php]	5df9effd9b6ed6.63000633	18
[2019-12-18 08:02:55]	[INFO][my_ws_an_expense.php]	5df9effd9b6ed6.63000633	180
[2019-12-18 08:02:55]	[INFO][my_ws_an_expense.php]	5df9effd9b6ed6.63000633	590
[2019-12-18 08:02:55]	[INFO][my_ws_an_expense.php]	5df9effd9b6ed6.63000633	testfamily
[2019-12-18 08:02:55]	[INFO][my_ws_an_expense.php]	5df9effd9b6ed6.63000633	hii
[2019-12-18 08:02:55]	[INFO][my_ws_an_expense.php]	5df9effd9b6ed6.63000633	subcategory
[2019-12-18 08:02:55]	[INFO][my_ws_an_expense.php]	5df9effd9b6ed6.63000633	18
[2019-12-18 08:02:55]	[INFO][my_ws_an_expense.php]	5df9effd9b6ed6.63000633	180
[2019-12-18 08:02:55]	[INFO][my_ws_an_expense.php]	5df9effd9b6ed6.63000633	590
[2019-12-18 08:02:55]	[INFO][my_ws_an_expense.php]	5df9effd9b6ed6.63000633	testfamily
[2019-12-18 08:02:55]	[INFO][my_ws_an_expense.php]	5df9effd9b6ed6.63000633	hii
[2019-12-18 08:02:55]	[INFO][my_ws_an_expense.php]	5df9effd9b6ed6.63000633	subcategory
[2019-12-18 08:02:55]	[INFO][my_ws_an_expense.php]	5df9effd9b6ed6.63000633	18
[2019-12-18 08:02:55]	[INFO][my_ws_an_expense.php]	5df9effd9b6ed6.63000633	180
[2019-12-18 08:02:55]	[INFO][my_ws_an_expense.php]	5df9effd9b6ed6.63000633	592
[2019-12-18 08:02:55]	[INFO][my_ws_an_expense.php]	5df9effd9b6ed6.63000633	testfamily
[2019-12-18 08:02:55]	[INFO][my_ws_an_expense.php]	5df9effd9b6ed6.63000633	hii
[2019-12-18 08:02:55]	[INFO][my_ws_an_expense.php]	5df9effd9b6ed6.63000633	gros
[2019-12-18 08:02:55]	[INFO][my_ws_an_expense.php]	5df9effd9b6ed6.63000633	18
[2019-12-18 08:02:55]	[INFO][my_ws_an_expense.php]	5df9effd9b6ed6.63000633	180
[2019-12-18 08:02:55]	[INFO][my_ws_an_expense.php]	5df9effd9b6ed6.63000633	590
[2019-12-18 08:02:55]	[INFO][my_ws_an_expense.php]	5df9effd9b6ed6.63000633	testfamily
[2019-12-18 08:02:55]	[INFO][my_ws_an_expense.php]	5df9effd9b6ed6.63000633	hii
[2019-12-18 08:02:55]	[INFO][my_ws_an_expense.php]	5df9effd9b6ed6.63000633	subcategory
[2019-12-18 08:02:55]	[INFO][my_ws_an_expense.php]	5df9effd9b6ed6.63000633	18
[2019-12-18 08:02:55]	[INFO][my_ws_an_expense.php]	5df9effd9b6ed6.63000633	180
[2019-12-18 08:02:55]	[INFO][my_ws_an_expense.php]	5df9effd9b6ed6.63000633	590
[2019-12-18 08:02:55]	[INFO][my_ws_an_expense.php]	5df9effd9b6ed6.63000633	testfamily
[2019-12-18 08:02:55]	[INFO][my_ws_an_expense.php]	5df9effd9b6ed6.63000633	hii
[2019-12-18 08:02:55]	[INFO][my_ws_an_expense.php]	5df9effd9b6ed6.63000633	subcategory
[2019-12-18 08:02:55]	[INFO][my_ws_an_expense.php]	5df9effd9b6ed6.63000633	18
[2019-12-18 08:02:55]	[INFO][my_ws_an_expense.php]	5df9effd9b6ed6.63000633	180
[2019-12-18 08:02:55]	[INFO][my_ws_an_expense.php]	5df9effd9b6ed6.63000633	680
[2019-12-18 08:02:55]	[INFO][my_ws_an_expense.php]	5df9effd9b6ed6.63000633	testfamily
[2019-12-18 08:02:55]	[INFO][my_ws_an_expense.php]	5df9effd9b6ed6.63000633	hii
[2019-12-18 08:02:55]	[INFO][my_ws_an_expense.php]	5df9effd9b6ed6.63000633	test4
[2019-12-18 08:02:55]	[INFO][my_ws_an_expense.php]	5df9effd9b6ed6.63000633	18
[2019-12-18 08:02:55]	[INFO][my_ws_an_expense.php]	5df9effd9b6ed6.63000633	180
[2019-12-18 08:02:55]	[INFO][my_ws_an_expense.php]	5df9effd9b6ed6.63000633	590
[2019-12-18 08:02:55]	[INFO][my_ws_an_expense.php]	5df9effd9b6ed6.63000633	testfamily
[2019-12-18 08:02:55]	[INFO][my_ws_an_expense.php]	5df9effd9b6ed6.63000633	hii
[2019-12-18 08:02:55]	[INFO][my_ws_an_expense.php]	5df9effd9b6ed6.63000633	subcategory
[2019-12-18 08:02:55]	[INFO][my_ws_an_expense.php]	5df9effd9b6ed6.63000633	18
[2019-12-18 08:02:55]	[INFO][my_ws_an_expense.php]	5df9effd9b6ed6.63000633	180
[2019-12-18 08:02:55]	[INFO][my_ws_an_expense.php]	5df9effd9b6ed6.63000633	590
[2019-12-18 08:02:55]	[INFO][my_ws_an_expense.php]	5df9effd9b6ed6.63000633	testfamily
[2019-12-18 08:02:55]	[INFO][my_ws_an_expense.php]	5df9effd9b6ed6.63000633	hii
[2019-12-18 08:02:55]	[INFO][my_ws_an_expense.php]	5df9effd9b6ed6.63000633	subcategory
[2019-12-18 08:02:55]	[INFO][my_ws_an_expense.php]	5df9effd9b6ed6.63000633	18
[2019-12-18 08:02:55]	[INFO][my_ws_an_expense.php]	5df9effd9b6ed6.63000633	180
[2019-12-18 08:02:55]	[INFO][my_ws_an_expense.php]	5df9effd9b6ed6.63000633	590
[2019-12-18 08:02:55]	[INFO][my_ws_an_expense.php]	5df9effd9b6ed6.63000633	testfamily
[2019-12-18 08:02:55]	[INFO][my_ws_an_expense.php]	5df9effd9b6ed6.63000633	hii
[2019-12-18 08:02:55]	[INFO][my_ws_an_expense.php]	5df9effd9b6ed6.63000633	subcategory
[2019-12-18 08:02:55]	[INFO][my_ws_an_expense.php]	5df9effd9b6ed6.63000633	18
[2019-12-18 08:02:55]	[INFO][my_ws_an_expense.php]	5df9effd9b6ed6.63000633	180
[2019-12-18 08:02:55]	[INFO][my_ws_an_expense.php]	5df9effd9b6ed6.63000633	590
[2019-12-18 08:02:55]	[INFO][my_ws_an_expense.php]	5df9effd9b6ed6.63000633	testfamily
[2019-12-18 08:02:55]	[INFO][my_ws_an_expense.php]	5df9effd9b6ed6.63000633	hii
[2019-12-18 08:02:55]	[INFO][my_ws_an_expense.php]	5df9effd9b6ed6.63000633	subcategory
[2019-12-18 08:02:55]	[INFO][my_ws_an_expense.php]	5df9effd9b6ed6.63000633	18
[2019-12-18 08:02:55]	[INFO][my_ws_an_expense.php]	5df9effd9b6ed6.63000633	180
[2019-12-18 08:02:55]	[INFO][my_ws_an_expense.php]	5df9effd9b6ed6.63000633	590
[2019-12-18 08:02:55]	[INFO][my_ws_an_expense.php]	5df9effd9b6ed6.63000633	testfamily
[2019-12-18 08:02:55]	[INFO][my_ws_an_expense.php]	5df9effd9b6ed6.63000633	hii
[2019-12-18 08:02:55]	[INFO][my_ws_an_expense.php]	5df9effd9b6ed6.63000633	subcategory
[2019-12-18 08:02:55]	[INFO][my_ws_an_expense.php]	5df9effd9b6ed6.63000633	18
[2019-12-18 08:02:55]	[INFO][my_ws_an_expense.php]	5df9effd9b6ed6.63000633	180
[2019-12-18 08:02:55]	[INFO][my_ws_an_expense.php]	5df9effd9b6ed6.63000633	590
[2019-12-18 08:02:55]	[INFO][my_ws_an_expense.php]	5df9effd9b6ed6.63000633	testfamily
[2019-12-18 08:02:55]	[INFO][my_ws_an_expense.php]	5df9effd9b6ed6.63000633	hii
[2019-12-18 08:02:55]	[INFO][my_ws_an_expense.php]	5df9effd9b6ed6.63000633	subcategory
[2019-12-18 08:02:55]	[INFO][my_ws_an_expense.php]	5df9effd9b6ed6.63000633	18
[2019-12-18 08:02:55]	[INFO][my_ws_an_expense.php]	5df9effd9b6ed6.63000633	180
[2019-12-18 08:02:55]	[INFO][my_ws_an_expense.php]	5df9effd9b6ed6.63000633	591
[2019-12-18 08:02:55]	[INFO][my_ws_an_expense.php]	5df9effd9b6ed6.63000633	testfamily
[2019-12-18 08:02:55]	[INFO][my_ws_an_expense.php]	5df9effd9b6ed6.63000633	hii
[2019-12-18 08:02:55]	[INFO][my_ws_an_expense.php]	5df9effd9b6ed6.63000633	hisubcat
[2019-12-18 08:02:55]	[INFO][my_ws_an_expense.php]	5df9effd9b6ed6.63000633	18
[2019-12-18 08:02:55]	[INFO][my_ws_an_expense.php]	5df9effd9b6ed6.63000633	180
[2019-12-18 08:02:55]	[INFO][my_ws_an_expense.php]	5df9effd9b6ed6.63000633	590
[2019-12-18 08:02:55]	[INFO][my_ws_an_expense.php]	5df9effd9b6ed6.63000633	testfamily
[2019-12-18 08:02:55]	[INFO][my_ws_an_expense.php]	5df9effd9b6ed6.63000633	hii
[2019-12-18 08:02:55]	[INFO][my_ws_an_expense.php]	5df9effd9b6ed6.63000633	subcategory
[2019-12-18 08:02:55]	[INFO][my_ws_an_expense.php]	5df9effd9b6ed6.63000633	[{"accountid":"18","subcatid":"590","catid":"180","expense_id":"353","date":"2019-08-28","accname":"testfamily","catname":"hii","file":"nofile","subcatname":"subcategory","description":"gg","amount":"12","capture_id":"5c3b3a6485ea66.91060288","symbol":"\u20b9","name":"karuna sri","accountstatus":"unfreezee","adminstatus":"admin","pendingstatus":"non-pending","accountadmin":"5c3b3a6485ea66.91060288"},{"accountid":"18","subcatid":"590","catid":"180","expense_id":"351","date":"2019-08-26","accname":"testfamily","catname":"hii","file":"..\/..\/..\/uploads\/content\/dailyroll\/uploads\/5c3b3a6485ea66.91060288\/2019\/08\/27\/Screenshot (242).png","subcatname":"subcategory","description":"yy","amount":"100","capture_id":"5c3b3a6485ea66.91060288","symbol":"\u20b9","name":"karuna sri","accountstatus":"unfreezee","adminstatus":"admin","pendingstatus":"non-pending","accountadmin":"5c3b3a6485ea66.91060288"},{"accountid":"18","subcatid":"590","catid":"180","expense_id":"349","date":"2019-08-28","accname":"testfamily","catname":"hii","file":"..\/..\/..\/uploads\/content\/dailyroll\/uploads\/5c3b3a6485ea66.91060288\/2019\/08\/27\/Screenshot (242).png","subcatname":"subcategory","description":"ht","amount":"100","capture_id":"5c3b3a6485ea66.91060288","symbol":"\u20b9","name":"karuna sri","accountstatus":"unfreezee","adminstatus":"admin","pendingstatus":"non-pending","accountadmin":"5c3b3a6485ea66.91060288"},{"accountid":"18","subcatid":"592","catid":"180","expense_id":"344","date":"2019-08-28","accname":"testfamily","catname":"hii","file":"nofile","subcatname":"gros","description":"bn","amount":"123","capture_id":"5c3b3a6485ea66.91060288","symbol":"\u20b9","name":"karuna sri","accountstatus":"unfreezee","adminstatus":"admin","pendingstatus":"non-pending","accountadmin":"5c3b3a6485ea66.91060288"},{"accountid":"18","subcatid":"590","catid":"180","expense_id":"343","date":"2019-08-28","accname":"testfamily","catname":"hii","file":"nofile","subcatname":"subcategory","description":"jh","amount":"100","capture_id":"5c3b3a6485ea66.91060288","symbol":"\u20b9","name":"karuna sri","accountstatus":"unfreezee","adminstatus":"admin","pendingstatus":"non-pending","accountadmin":"5c3b3a6485ea66.91060288"},{"accountid":"18","subcatid":"590","catid":"180","expense_id":"338","date":"2019-08-27","accname":"testfamily","catname":"hii","file":"nofile","subcatname":"subcategory","description":"huu","amount":"120","capture_id":"5c3b3a6485ea66.91060288","symbol":"\u20b9","name":"karuna sri","accountstatus":"unfreezee","adminstatus":"admin","pendingstatus":"non-pending","accountadmin":"5c3b3a6485ea66.91060288"},{"accountid":"18","subcatid":"680","catid":"180","expense_id":"337","date":"2019-08-27","accname":"testfamily","catname":"hii","file":"nofile","subcatname":"test4","description":"hello","amount":"123","capture_id":"5c3b3a6485ea66.91060288","symbol":"\u20b9","name":"karuna sri","accountstatus":"unfreezee","adminstatus":"admin","pendingstatus":"non-pending","accountadmin":"5c3b3a6485ea66.91060288"},{"accountid":"18","subcatid":"590","catid":"180","expense_id":"331","date":"2019-08-26","accname":"testfamily","catname":"hii","file":"nofile","subcatname":"subcategory","description":"ttt","amount":"123","capture_id":"5c3b3a6485ea66.91060288","symbol":"\u20b9","name":"karuna sri","accountstatus":"freeze","adminstatus":"admin","pendingstatus":"non-pending","accountadmin":"5c3b3a6485ea66.91060288"},{"accountid":"18","subcatid":"590","catid":"180","expense_id":"330","date":"2019-08-19","accname":"testfamily","catname":"hii","file":"nofile","subcatname":"subcategory","description":"ttt","amount":"122","capture_id":"5c3b3a6485ea66.91060288","symbol":"\u20b9","name":"karuna sri","accountstatus":"freeze","adminstatus":"admin","pendingstatus":"non-pending","accountadmin":"5c3b3a6485ea66.91060288"},{"accountid":"18","subcatid":"590","catid":"180","expense_id":"328","date":"2019-08-19","accname":"testfamily","catname":"hii","file":"nofile","subcatname":"subcategory","description":"ttt","amount":"121","capture_id":"5c3b3a6485ea66.91060288","symbol":"\u20b9","name":"karuna sri","accountstatus":"freeze","adminstatus":"admin","pendingstatus":"non-pending","accountadmin":"5c3b3a6485ea66.91060288"},{"accountid":"18","subcatid":"590","catid":"180","expense_id":"327","date":"2019-08-19","accname":"testfamily","catname":"hii","file":"nofile","subcatname":"subcategory","description":"ttt","amount":"120","capture_id":"5c3b3a6485ea66.91060288","symbol":"\u20b9","name":"karuna sri","accountstatus":"freeze","adminstatus":"admin","pendingstatus":"non-pending","accountadmin":"5c3b3a6485ea66.91060288"},{"accountid":"18","subcatid":"590","catid":"180","expense_id":"325","date":"2019-08-19","accname":"testfamily","catname":"hii","file":"nofile","subcatname":"subcategory","description":"ttt","amount":"100","capture_id":"5c3b3a6485ea66.91060288","symbol":"\u20b9","name":"karuna sri","accountstatus":"freeze","adminstatus":"admin","pendingstatus":"non-pending","accountadmin":"5c3b3a6485ea66.91060288"},{"accountid":"18","subcatid":"590","catid":"180","expense_id":"323","date":"2019-08-26","accname":"testfamily","catname":"hii","file":"nofile","subcatname":"subcategory","description":"hh","amount":"100","capture_id":"5c3b3a6485ea66.91060288","symbol":"\u20b9","name":"karuna sri","accountstatus":"freeze","adminstatus":"admin","pendingstatus":"non-pending","accountadmin":"5c3b3a6485ea66.91060288"},{"accountid":"18","subcatid":"591","catid":"180","expense_id":"303","date":"2019-08-16","accname":"testfamily","catname":"hii","file":"..\/..\/..\/uploads\/content\/dailyroll\/uploads\/5c3b3a6485ea66.91060288\/2019\/08\/16\/Screenshot (242).png","subcatname":"hisubcat","description":"qwq12","amount":"12","capture_id":"5c3b3a6485ea66.91060288","symbol":"\u20b9","name":"karuna sri","accountstatus":"freeze","adminstatus":"admin","pendingstatus":"non-pending","accountadmin":"5c3b3a6485ea66.91060288"},{"accountid":"18","subcatid":"590","catid":"180","expense_id":"302","date":"2019-08-16","accname":"testfamily","catname":"hii","file":"..\/..\/..\/uploads\/content\/dailyroll\/uploads\/5c3b3a6485ea66.91060288\/2019\/08\/16\/Screenshot (245).png","subcatname":"subcategory","description":"qw","amount":"100","capture_id":"5c3b3a6485ea66.91060288","symbol":"\u20b9","name":"karuna sri","accountstatus":"freeze","adminstatus":"admin","pendingstatus":"non-pending","accountadmin":"5c3b3a6485ea66.91060288"}]
[2019-12-18 11:09:56]	[INFO][my_ws_an_expense.php]		[{"mindate":"0000-00-00","maxdate":"2019-12-18"}]
[2019-12-18 11:13:04]	[INFO][my_ws_an_expense.php]		[{"mindate":"2019-07-31","maxdate":"2019-12-18"}]
[2019-12-18 11:15:25]	[INFO][my_ws_an_expense.php]		[{"mindate":"0000-00-00","maxdate":"2019-12-18"}]
[2019-12-18 11:16:31]	[INFO][my_ws_an_expense.php]		[{"mindate":"0000-00-00","maxdate":"2019-12-18"}]
[2019-12-18 11:16:44]	[INFO][my_ws_an_expense.php]		[{"mindate":"0000-00-00","maxdate":"2019-12-18"}]
[2019-12-18 11:19:10]	[INFO][my_ws_an_expense.php]	1	[{"mindate":"0000-00-00","maxdate":"2019-12-18"}]
