[2019-12-12 03:42:45]	[INFO][ws_an_device_confirm.php]		13
[2019-12-12 03:42:45]	[INFO][ws_an_device_confirm.php]		UU4OX37HH7SKTXU7
[2019-12-12 03:42:45]	[INFO][ws_an_device_confirm.php]		manoharpv@gmail.com
[2019-12-12 03:42:45]	[INFO][ws_an_device_confirm.php]		https://chart.googleapis.com/chart?chs=200x200&chld=M|0&cht=qr&chl=otpauth%3A%2F%2Ftotp%2Fmanoharpv%40gmail.com%3Fsecret%3DUU4OX37HH7SKTXU7%26issuer%3DDailyRoll%2BApp
[2019-12-12 03:42:45]	[INFO][ws_an_device_confirm.php]		{"qrcode":"https:\/\/chart.googleapis.com\/chart?chs=200x200&chld=M|0&cht=qr&chl=otpauth%3A%2F%2Ftotp%2Fmanoharpv%40gmail.com%3Fsecret%3DUU4OX37HH7SKTXU7%26issuer%3DDailyRoll%2BApp"}
[2019-12-12 03:42:53]	[INFO][ws_an_dashboard.php]		1
[2019-12-12 03:42:53]	[INFO][ws_an_dashboard.php]		2
[2019-12-12 03:42:53]	[INFO][ws_an_dashboard.php]		SELECT SUM(amount) as expenses  FROM `expenses` WHERE `account_id`='123'
[2019-12-12 03:42:53]	[INFO][ws_an_dashboard.php]		SELECT subcat_id,SUM(amount) as expenses  FROM `expenses` WHERE `account_id`='123'GROUP BY `subcat_id`
[2019-12-12 03:42:53]	[INFO][ws_an_dashboard.php]		SELECT  SUM(income_amount) as income  FROM `income` WHERE  `account_id`='123'
[2019-12-12 03:42:53]	[INFO][ws_an_dashboard.php]		11121
[2019-12-12 03:42:53]	[INFO][ws_an_dashboard.php]		17000
[2019-12-12 03:42:53]	[INFO][ws_an_dashboard.php]		1
[2019-12-12 03:42:53]	[INFO][ws_an_dashboard.php]		Array
[2019-12-12 03:42:53]	[INFO][ws_an_dashboard.php]		2
[2019-12-12 03:42:53]	[INFO][ws_an_dashboard.php]		Array
[2019-12-12 03:42:53]	[INFO][ws_an_dashboard.php]		[{"value":"11121","label":"Expenses"},{"value":"17000","label":"Income"}]
[2019-12-12 06:40:37]	[INFO][ws_an_device_confirm.php]		13
[2019-12-12 06:40:37]	[INFO][ws_an_device_confirm.php]		UU4OX37HH7SKTXU7
[2019-12-12 06:40:37]	[INFO][ws_an_device_confirm.php]		manoharpv@gmail.com
[2019-12-12 06:40:37]	[INFO][ws_an_device_confirm.php]		https://chart.googleapis.com/chart?chs=200x200&chld=M|0&cht=qr&chl=otpauth%3A%2F%2Ftotp%2Fmanoharpv%40gmail.com%3Fsecret%3DUU4OX37HH7SKTXU7%26issuer%3DDailyRoll%2BApp
[2019-12-12 06:40:37]	[INFO][ws_an_device_confirm.php]		{"qrcode":"https:\/\/chart.googleapis.com\/chart?chs=200x200&chld=M|0&cht=qr&chl=otpauth%3A%2F%2Ftotp%2Fmanoharpv%40gmail.com%3Fsecret%3DUU4OX37HH7SKTXU7%26issuer%3DDailyRoll%2BApp"}
[2019-12-12 06:40:45]	[INFO][ws_an_dashboard.php]		1
[2019-12-12 06:40:45]	[INFO][ws_an_dashboard.php]		SELECT SUM(amount) as expenses  FROM `expenses` WHERE `account_id`='123'
[2019-12-12 06:40:45]	[INFO][ws_an_dashboard.php]		SELECT  SUM(income_amount) as income  FROM `income` WHERE  `account_id`='123'
[2019-12-12 06:40:45]	[INFO][ws_an_dashboard.php]		2
[2019-12-12 06:40:45]	[INFO][ws_an_dashboard.php]		11121
[2019-12-12 06:40:45]	[INFO][ws_an_dashboard.php]		SELECT subcat_id,SUM(amount) as expenses  FROM `expenses` WHERE `account_id`='123'GROUP BY `subcat_id`
[2019-12-12 06:40:45]	[INFO][ws_an_dashboard.php]		17000
[2019-12-12 06:40:45]	[INFO][ws_an_dashboard.php]		1
[2019-12-12 06:40:45]	[INFO][ws_an_dashboard.php]		Array
[2019-12-12 06:40:45]	[INFO][ws_an_dashboard.php]		2
[2019-12-12 06:40:45]	[INFO][ws_an_dashboard.php]		Array
[2019-12-12 06:40:45]	[INFO][ws_an_dashboard.php]		[{"value":"11121","label":"Expenses"},{"value":"17000","label":"Income"}]
[2019-12-12 14:23:21]	[INFO][ws_an_device_confirm.php]		13
[2019-12-12 14:23:21]	[INFO][ws_an_device_confirm.php]		UU4OX37HH7SKTXU7
[2019-12-12 14:23:21]	[INFO][ws_an_device_confirm.php]		manoharpv@gmail.com
[2019-12-12 14:23:21]	[INFO][ws_an_device_confirm.php]		https://chart.googleapis.com/chart?chs=200x200&chld=M|0&cht=qr&chl=otpauth%3A%2F%2Ftotp%2Fmanoharpv%40gmail.com%3Fsecret%3DUU4OX37HH7SKTXU7%26issuer%3DDailyRoll%2BApp
[2019-12-12 14:23:21]	[INFO][ws_an_device_confirm.php]		{"qrcode":"https:\/\/chart.googleapis.com\/chart?chs=200x200&chld=M|0&cht=qr&chl=otpauth%3A%2F%2Ftotp%2Fmanoharpv%40gmail.com%3Fsecret%3DUU4OX37HH7SKTXU7%26issuer%3DDailyRoll%2BApp"}
[2019-12-12 14:23:32]	[INFO][ws_an_dashboard.php]		1
[2019-12-12 14:23:32]	[INFO][ws_an_dashboard.php]		2
[2019-12-12 14:23:32]	[INFO][ws_an_dashboard.php]		SELECT SUM(amount) as expenses  FROM `expenses` WHERE `account_id`='123'
[2019-12-12 14:23:32]	[INFO][ws_an_dashboard.php]		SELECT subcat_id,SUM(amount) as expenses  FROM `expenses` WHERE `account_id`='123'GROUP BY `subcat_id`
[2019-12-12 14:23:32]	[INFO][ws_an_dashboard.php]		SELECT  SUM(income_amount) as income  FROM `income` WHERE  `account_id`='123'
[2019-12-12 14:23:32]	[INFO][ws_an_dashboard.php]		11121
[2019-12-12 14:23:32]	[INFO][ws_an_dashboard.php]		17000
[2019-12-12 14:23:32]	[INFO][ws_an_dashboard.php]		1
[2019-12-12 14:23:32]	[INFO][ws_an_dashboard.php]		Array
[2019-12-12 14:23:32]	[INFO][ws_an_dashboard.php]		2
[2019-12-12 14:23:32]	[INFO][ws_an_dashboard.php]		Array
[2019-12-12 14:23:32]	[INFO][ws_an_dashboard.php]		[{"value":"11121","label":"Expenses"},{"value":"17000","label":"Income"}]
