[2019-12-20 10:56:23]	[INFO][ws_an_getdropdown.php]		1
[2019-12-20 10:56:23]	[INFO][ws_an_getdropdown.php]		SELECT * FROM  groups  WHERE  `account_status`='active'  and group_status ='Y' and userstatus ='active' and `added_user_id`='13' and  usertype = 'writeonly' group by account_id
[2019-12-20 10:56:23]	[INFO][ws_an_getdropdown.php]		[{"account_id":"32","user_id":"5c3b3a75532f62.49043861","currcode":"USD","freezedate":"0000-00-00","accountname":"ACSIndia","date":"2019-01-22","accountstatus":"active"},{"account_id":"33","user_id":"5c3b3a75532f62.49043861","currcode":"INR","freezedate":"2019-07-31","accountname":"India Properties","date":"2019-01-22","accountstatus":"active"},{"account_id":"34","user_id":"5c3b3a75532f62.49043861","currcode":"USD","freezedate":"0000-00-00","accountname":"ACS HYD","date":"2019-01-22","accountstatus":"active"},{"account_id":"52","user_id":"5c3b3a75532f62.49043861","currcode":"INR","freezedate":"2019-07-31","accountname":"578 Building Project","date":"2019-02-26","accountstatus":"active"},{"account_id":"123","user_id":"5c3b3a75532f62.49043861","currcode":"INR","freezedate":"0000-00-00","accountname":"PP-Mgmt","date":"2019-10-19","accountstatus":"active"}]
[2019-12-20 10:56:39]	[INFO][ws_an_getdropdown.php]		1
[2019-12-20 10:56:39]	[INFO][ws_an_getdropdown.php]		SELECT * FROM  groups  WHERE  `account_status`='active'  and group_status ='Y' and userstatus ='active' and `added_user_id`='13' and  usertype = 'writeonly' group by account_id
[2019-12-20 10:56:39]	[INFO][ws_an_getdropdown.php]		[{"account_id":"32","user_id":"5c3b3a75532f62.49043861","currcode":"USD","freezedate":"0000-00-00","accountname":"ACSIndia","date":"2019-01-22","accountstatus":"active"},{"account_id":"33","user_id":"5c3b3a75532f62.49043861","currcode":"INR","freezedate":"2019-07-31","accountname":"India Properties","date":"2019-01-22","accountstatus":"active"},{"account_id":"34","user_id":"5c3b3a75532f62.49043861","currcode":"USD","freezedate":"0000-00-00","accountname":"ACS HYD","date":"2019-01-22","accountstatus":"active"},{"account_id":"52","user_id":"5c3b3a75532f62.49043861","currcode":"INR","freezedate":"2019-07-31","accountname":"578 Building Project","date":"2019-02-26","accountstatus":"active"},{"account_id":"123","user_id":"5c3b3a75532f62.49043861","currcode":"INR","freezedate":"0000-00-00","accountname":"PP-Mgmt","date":"2019-10-19","accountstatus":"active"}]
[2019-12-20 10:56:39]	[INFO][ws_an_getdropdown.php]		10
[2019-12-20 10:56:39]	[INFO][ws_an_getdropdown.php]		SELECT * FROM  groups  WHERE  `account_status`='active'  and group_status ='Y' and userstatus ='active' and `added_user_id`='13'  group by account_id
[2019-12-20 10:56:39]	[INFO][ws_an_getdropdown.php]		[{"account_id":"32","user_id":"5c3b3a75532f62.49043861","currcode":"USD","freezedate":"0000-00-00","accountname":"ACSIndia","date":"2019-01-22","accountstatus":"active"},{"account_id":"33","user_id":"5c3b3a75532f62.49043861","currcode":"INR","freezedate":"2019-07-31","accountname":"India Properties","date":"2019-01-22","accountstatus":"active"},{"account_id":"34","user_id":"5c3b3a75532f62.49043861","currcode":"USD","freezedate":"0000-00-00","accountname":"ACS HYD","date":"2019-01-22","accountstatus":"active"},{"account_id":"52","user_id":"5c3b3a75532f62.49043861","currcode":"INR","freezedate":"2019-07-31","accountname":"578 Building Project","date":"2019-02-26","accountstatus":"active"},{"account_id":"123","user_id":"5c3b3a75532f62.49043861","currcode":"INR","freezedate":"0000-00-00","accountname":"PP-Mgmt","date":"2019-10-19","accountstatus":"active"}]
[2019-12-20 10:57:20]	[INFO][ws_an_getdropdown.php]		10
[2019-12-20 10:57:20]	[INFO][ws_an_getdropdown.php]		SELECT * FROM  groups  WHERE  `account_status`='active'  and group_status ='Y' and userstatus ='active' and `added_user_id`='13'  group by account_id
[2019-12-20 10:57:20]	[INFO][ws_an_getdropdown.php]		[{"account_id":"32","user_id":"5c3b3a75532f62.49043861","currcode":"USD","freezedate":"0000-00-00","accountname":"ACSIndia","date":"2019-01-22","accountstatus":"active"},{"account_id":"33","user_id":"5c3b3a75532f62.49043861","currcode":"INR","freezedate":"2019-07-31","accountname":"India Properties","date":"2019-01-22","accountstatus":"active"},{"account_id":"34","user_id":"5c3b3a75532f62.49043861","currcode":"USD","freezedate":"0000-00-00","accountname":"ACS HYD","date":"2019-01-22","accountstatus":"active"},{"account_id":"52","user_id":"5c3b3a75532f62.49043861","currcode":"INR","freezedate":"2019-07-31","accountname":"578 Building Project","date":"2019-02-26","accountstatus":"active"},{"account_id":"123","user_id":"5c3b3a75532f62.49043861","currcode":"INR","freezedate":"0000-00-00","accountname":"PP-Mgmt","date":"2019-10-19","accountstatus":"active"}]
[2019-12-20 10:57:20]	[INFO][ws_an_getdropdown.php]		1
[2019-12-20 10:57:20]	[INFO][ws_an_getdropdown.php]		SELECT * FROM  groups  WHERE  `account_status`='active'  and group_status ='Y' and userstatus ='active' and `added_user_id`='13' and  usertype = 'writeonly' group by account_id
[2019-12-20 10:57:20]	[INFO][ws_an_getdropdown.php]		[{"account_id":"32","user_id":"5c3b3a75532f62.49043861","currcode":"USD","freezedate":"0000-00-00","accountname":"ACSIndia","date":"2019-01-22","accountstatus":"active"},{"account_id":"33","user_id":"5c3b3a75532f62.49043861","currcode":"INR","freezedate":"2019-07-31","accountname":"India Properties","date":"2019-01-22","accountstatus":"active"},{"account_id":"34","user_id":"5c3b3a75532f62.49043861","currcode":"USD","freezedate":"0000-00-00","accountname":"ACS HYD","date":"2019-01-22","accountstatus":"active"},{"account_id":"52","user_id":"5c3b3a75532f62.49043861","currcode":"INR","freezedate":"2019-07-31","accountname":"578 Building Project","date":"2019-02-26","accountstatus":"active"},{"account_id":"123","user_id":"5c3b3a75532f62.49043861","currcode":"INR","freezedate":"0000-00-00","accountname":"PP-Mgmt","date":"2019-10-19","accountstatus":"active"}]
[2019-12-20 10:57:47]	[INFO][ws_an_getdropdown.php]		2
[2019-12-20 10:57:47]	[INFO][ws_an_getdropdown.php]		3
[2019-12-20 10:57:47]	[INFO][ws_an_getdropdown.php]		SELECT * FROM `category` WHERE `account_id`='123' AND `cat_type`='income' and status ='active'
[2019-12-20 10:57:47]	[INFO][ws_an_getdropdown.php]		[{"cat_id":"380","cat_name":"Maintenance"}]
[2019-12-20 10:57:47]	[INFO][ws_an_getdropdown.php]		SELECT * FROM `sub_category` WHERE `cat_id`='380' and status ='active'
[2019-12-20 10:57:47]	[INFO][ws_an_getdropdown.php]		Array
[2019-12-20 10:57:47]	[INFO][ws_an_getdropdown.php]		Array
[2019-12-20 10:57:47]	[INFO][ws_an_getdropdown.php]		Array
[2019-12-20 10:57:47]	[INFO][ws_an_getdropdown.php]		Array
[2019-12-20 10:57:47]	[INFO][ws_an_getdropdown.php]		Array
[2019-12-20 10:57:47]	[INFO][ws_an_getdropdown.php]		Array
[2019-12-20 10:57:47]	[INFO][ws_an_getdropdown.php]		Array
[2019-12-20 10:57:47]	[INFO][ws_an_getdropdown.php]		Array
[2019-12-20 10:57:47]	[INFO][ws_an_getdropdown.php]		Array
[2019-12-20 10:57:47]	[INFO][ws_an_getdropdown.php]		[{"sub_id":"843","subcat_name":"101"},{"sub_id":"844","subcat_name":"102"},{"sub_id":"845","subcat_name":"201"},{"sub_id":"846","subcat_name":"202"},{"sub_id":"847","subcat_name":"301"},{"sub_id":"848","subcat_name":"302"},{"sub_id":"849","subcat_name":"401"},{"sub_id":"850","subcat_name":"402"},{"sub_id":"851","subcat_name":"501"}]
[2019-12-20 10:57:47]	[INFO][ws_an_getdropdown.php]		ending of get subcategory
[2019-12-20 11:09:12]	[INFO][ws_an_getdropdown.php]		1
[2019-12-20 11:09:12]	[INFO][ws_an_getdropdown.php]		SELECT * FROM  groups  WHERE  `account_status`='active'  and group_status ='Y' and userstatus ='active' and `added_user_id`='62' and  usertype = 'writeonly' group by account_id
[2019-12-20 11:09:12]	[INFO][ws_an_getdropdown.php]		[{"account_id":"111","user_id":"5c37846fbfae87.51444429","currcode":"INR","freezedate":"0000-00-00","accountname":"Acs September Account","date":"2019-09-07","accountstatus":"active"},{"account_id":"112","user_id":"5d77b126ddf738.97883465","currcode":"","freezedate":"0000-00-00","accountname":"family","date":"2019-09-10","accountstatus":"active"},{"account_id":"113","user_id":"5d77b126ddf738.97883465","currcode":"INR","freezedate":"2019-09-18","accountname":"pragathinaagar expenses","date":"2019-09-10","accountstatus":"active"},{"account_id":"114","user_id":"5d77b126ddf738.97883465","currcode":"INR","freezedate":"0000-00-00","accountname":"muthangi","date":"2019-09-10","accountstatus":"active"},{"account_id":"118","user_id":"5c37846fbfae87.51444429","currcode":"INR","freezedate":"2019-09-19","accountname":"Acs Room mates","date":"2019-09-18","accountstatus":"active"},{"account_id":"130","user_id":"5d77b126ddf738.97883465","currcode":"INR","freezedate":"0000-00-00","accountname":"500 maintence","date":"2019-11-01","accountstatus":"active"},{"account_id":"131","user_id":"5d77b126ddf738.97883465","currcode":"NZD","freezedate":"0000-00-00","accountname":"600 maintence","date":"2019-11-01","accountstatus":"active"},{"account_id":"132","user_id":"5d77b126ddf738.97883465","currcode":"INR","freezedate":"0000-00-00","accountname":"Cmr ","date":"2019-11-02","accountstatus":"active"},{"account_id":"135","user_id":"5d77b126ddf738.97883465","currcode":"INR","freezedate":"0000-00-00","accountname":"Abcderg","date":"2019-11-04","accountstatus":"active"},{"account_id":"136","user_id":"5d77b126ddf738.97883465","currcode":"INR","freezedate":"0000-00-00","accountname":"Zv","date":"2019-11-05","accountstatus":"active"},{"account_id":"141","user_id":"5d77b126ddf738.97883465","currcode":"INR","freezedate":"0000-00-00","accountname":"testing","date":"2019-11-13","accountstatus":"active"},{"account_id":"142","user_id":"5d77b126ddf738.97883465","currcode":"INR","freezedate":"0000-00-00","accountname":"hello","date":"2019-11-13","accountstatus":"active"},{"account_id":"143","user_id":"5d77b126ddf738.97883465","currcode":"INR","freezedate":"0000-00-00","accountname":"decem files","date":"2019-12-05","accountstatus":"active"},{"account_id":"148","user_id":"5d77b126ddf738.97883465","currcode":"INR","freezedate":"0000-00-00","accountname":"ktm","date":"2019-12-06","accountstatus":"active"}]
